   0.000000000      -5.315619456    
   0.000000000       3.528148118    
 
  0.9465693183      -5.315619456    
  0.9465693183       3.528148118    
 
   1.419853977      -5.315619456    
   1.419853977       3.528148118    
 
   1.693105003      -5.315619456    
   1.693105003       3.528148118    
 
   2.852410921      -5.315619456    
   2.852410921       3.528148118    
 
   3.398912971      -5.315619456    
   3.398912971       3.528148118    
 
   3.994449774      -5.315619456    
   3.994449774       3.528148118    
 
   4.447585337      -5.315619456    
   4.447585337       3.528148118    
 
   5.353856461      -5.315619456    
   5.353856461       3.528148118    
 
   6.217952074      -5.315619456    
   6.217952074       3.528148118    
 
   6.813488877      -5.315619456    
   6.813488877       3.528148118    
 
   7.050131207      -5.315619456    
   7.050131207       3.528148118    
 
