    0.274539786389E-02
    0.161905433830E-02
    0.943696304194E-03
    0.631505966768E-02
    0.467421812877E-02
    0.608124665717E-02
    0.607536734753E-02
    0.772265079146E-02
    0.842532833091E-02
    0.829649898596E-02
    0.821302960402E-02
    0.813416828066E-02
    0.809077916930E-02
    0.809681991200E-02
    0.808271014537E-02
    0.808558636638E-02
    0.808499854104E-02
    0.808521607158E-02
    0.808510738002E-02
    0.808510794450E-02
    0.808511488573E-02
    0.808511211352E-02
