 -0.5000000000       0.000000000    
 -0.4980000000       0.000000000    
 -0.4960000000       0.000000000    
 -0.4940000000       0.000000000    
 -0.4920000000       0.000000000    
 -0.4900000000       0.000000000    
 -0.4880000000       0.000000000    
 -0.4860000000       0.000000000    
 -0.4840000000       0.000000000    
 -0.4820000000       0.000000000    
 -0.4800000000       0.000000000    
 -0.4780000000       0.000000000    
 -0.4760000000       0.000000000    
 -0.4740000000       0.000000000    
 -0.4720000000       0.000000000    
 -0.4700000000       0.000000000    
 -0.4680000000       0.000000000    
 -0.4660000000       0.000000000    
 -0.4640000000       0.000000000    
 -0.4620000000       0.000000000    
 -0.4600000000       0.000000000    
 -0.4580000000       0.000000000    
 -0.4560000000       0.000000000    
 -0.4540000000       0.000000000    
 -0.4520000000       0.000000000    
 -0.4500000000       0.000000000    
 -0.4480000000       0.000000000    
 -0.4460000000       0.000000000    
 -0.4440000000       0.000000000    
 -0.4420000000       0.000000000    
 -0.4400000000       0.000000000    
 -0.4380000000       0.000000000    
 -0.4360000000       0.000000000    
 -0.4340000000       0.000000000    
 -0.4320000000       0.000000000    
 -0.4300000000       0.000000000    
 -0.4280000000       0.000000000    
 -0.4260000000       0.000000000    
 -0.4240000000       0.000000000    
 -0.4220000000       0.000000000    
 -0.4200000000       0.000000000    
 -0.4180000000       0.000000000    
 -0.4160000000       0.000000000    
 -0.4140000000       0.000000000    
 -0.4120000000       0.000000000    
 -0.4100000000       0.000000000    
 -0.4080000000       0.000000000    
 -0.4060000000       0.000000000    
 -0.4040000000       0.000000000    
 -0.4020000000       0.000000000    
 -0.4000000000       0.000000000    
 -0.3980000000       0.000000000    
 -0.3960000000       0.000000000    
 -0.3940000000       0.000000000    
 -0.3920000000       0.000000000    
 -0.3900000000       0.000000000    
 -0.3880000000       0.000000000    
 -0.3860000000       0.000000000    
 -0.3840000000       0.000000000    
 -0.3820000000       0.000000000    
 -0.3800000000       0.000000000    
 -0.3780000000       0.000000000    
 -0.3760000000       0.000000000    
 -0.3740000000       0.000000000    
 -0.3720000000       0.000000000    
 -0.3700000000       0.000000000    
 -0.3680000000       0.000000000    
 -0.3660000000       0.000000000    
 -0.3640000000       0.000000000    
 -0.3620000000       0.000000000    
 -0.3600000000       0.000000000    
 -0.3580000000       0.000000000    
 -0.3560000000       0.000000000    
 -0.3540000000       0.000000000    
 -0.3520000000       0.000000000    
 -0.3500000000       0.000000000    
 -0.3480000000       0.000000000    
 -0.3460000000       0.000000000    
 -0.3440000000       0.000000000    
 -0.3420000000       0.000000000    
 -0.3400000000       0.000000000    
 -0.3380000000       0.000000000    
 -0.3360000000       0.000000000    
 -0.3340000000       0.000000000    
 -0.3320000000       0.000000000    
 -0.3300000000       0.000000000    
 -0.3280000000       0.000000000    
 -0.3260000000       0.000000000    
 -0.3240000000       0.000000000    
 -0.3220000000       0.000000000    
 -0.3200000000       0.000000000    
 -0.3180000000       0.000000000    
 -0.3160000000      0.1501044000E-03
 -0.3140000000      0.2836512800E-02
 -0.3120000000      0.1468124974E-01
 -0.3100000000      0.4531964172E-01
 -0.3080000000      0.1035268767    
 -0.3060000000      0.1894244348    
 -0.3040000000      0.3191435478    
 -0.3020000000      0.4866324974    
 -0.3000000000      0.7221514645    
 -0.2980000000       1.013675135    
 -0.2960000000       1.395462066    
 -0.2940000000       1.898583149    
 -0.2920000000       2.575427007    
 -0.2900000000       3.688610513    
 -0.2880000000       5.402205227    
 -0.2860000000       7.033680567    
 -0.2840000000       8.259958694    
 -0.2820000000       8.916610922    
 -0.2800000000       9.624402040    
 -0.2780000000       10.46396860    
 -0.2760000000       11.41037615    
 -0.2740000000       12.61254114    
 -0.2720000000       14.54360362    
 -0.2700000000       22.43817585    
 -0.2680000000       26.32886854    
 -0.2660000000       40.89651429    
 -0.2640000000       57.64187373    
 -0.2620000000       60.18714793    
 -0.2600000000       50.11969640    
 -0.2580000000       36.10596203    
 -0.2560000000       30.94724746    
 -0.2540000000       28.14132925    
 -0.2520000000       20.58693765    
 -0.2500000000       17.93620902    
 -0.2480000000       14.56290372    
 -0.2460000000       8.454955653    
 -0.2440000000       5.625890403    
 -0.2420000000       2.398061670    
 -0.2400000000       2.383906082    
 -0.2380000000       3.425469862    
 -0.2360000000       4.649030155    
 -0.2340000000       6.330516655    
 -0.2320000000       8.225699329    
 -0.2300000000       10.07412164    
 -0.2280000000       11.57687513    
 -0.2260000000       12.69225553    
 -0.2240000000       13.33230166    
 -0.2220000000       13.37482369    
 -0.2200000000       13.02535833    
 -0.2180000000       12.41272122    
 -0.2160000000       11.81058334    
 -0.2140000000       11.16840674    
 -0.2120000000       10.51518365    
 -0.2100000000       9.893739003    
 -0.2080000000       9.373634359    
 -0.2060000000       8.753695258    
 -0.2040000000       8.071526135    
 -0.2020000000       7.440842483    
 -0.2000000000       6.922095810    
 -0.1980000000       6.546309009    
 -0.1960000000       6.102805427    
 -0.1940000000       5.704320659    
 -0.1920000000       5.188952562    
 -0.1900000000       4.481397053    
 -0.1880000000       3.742500990    
 -0.1860000000       2.966923640    
 -0.1840000000       2.404013115    
 -0.1820000000       2.073970422    
 -0.1800000000       2.042677499    
 -0.1780000000       2.366557801    
 -0.1760000000       3.144340378    
 -0.1740000000       4.568206401    
 -0.1720000000       6.951677424    
 -0.1700000000       11.14254856    
 -0.1680000000       34.71214898    
 -0.1660000000       49.22871815    
 -0.1640000000       51.70664495    
 -0.1620000000       31.54770899    
 -0.1600000000       17.77877990    
 -0.1580000000       12.83617761    
 -0.1560000000       9.822014987    
 -0.1540000000       7.855950368    
 -0.1520000000       6.306687036    
 -0.1500000000       4.656336929    
 -0.1480000000       3.105559325    
 -0.1460000000       2.031655202    
 -0.1440000000       1.740986566    
 -0.1420000000       1.923004134    
 -0.1400000000       2.522408911    
 -0.1380000000       3.646533075    
 -0.1360000000       6.011986481    
 -0.1340000000       13.38731822    
 -0.1320000000       26.42233970    
 -0.1300000000       41.18534790    
 -0.1280000000       44.63781181    
 -0.1260000000       35.29454515    
 -0.1240000000       22.14353868    
 -0.1220000000       17.14069478    
 -0.1200000000       20.86201911    
 -0.1180000000       27.35877797    
 -0.1160000000       26.99305038    
 -0.1140000000       20.55257672    
 -0.1120000000       10.25046201    
 -0.1100000000       4.165930650    
 -0.1080000000       2.475236670    
 -0.1060000000       3.710708388    
 -0.1040000000       8.011699385    
 -0.1020000000       13.41617399    
 -0.1000000000       18.48701562    
 -0.9800000000E-01   24.09432331    
 -0.9600000000E-01   30.94013149    
 -0.9400000000E-01   31.80605912    
 -0.9200000000E-01   25.82344051    
 -0.9000000000E-01   15.31379228    
 -0.8800000000E-01   8.903719765    
 -0.8600000000E-01   5.424570481    
 -0.8400000000E-01   3.153781099    
 -0.8200000000E-01   1.652411352    
 -0.8000000000E-01  0.7935786994    
 -0.7800000000E-01  0.4858682187    
 -0.7600000000E-01   1.615715530    
 -0.7400000000E-01   4.297212581    
 -0.7200000000E-01   7.870236380    
 -0.7000000000E-01   10.75848226    
 -0.6800000000E-01   12.02320590    
 -0.6600000000E-01   12.19718312    
 -0.6400000000E-01   11.48968883    
 -0.6200000000E-01   10.53405091    
 -0.6000000000E-01   9.500195564    
 -0.5800000000E-01   8.678647417    
 -0.5600000000E-01   8.196104997    
 -0.5400000000E-01   7.743659680    
 -0.5200000000E-01   7.437777314    
 -0.5000000000E-01   7.171023943    
 -0.4800000000E-01   7.002808475    
 -0.4600000000E-01   6.749964336    
 -0.4400000000E-01   6.541407367    
 -0.4200000000E-01   6.430770791    
 -0.4000000000E-01   6.529312189    
 -0.3800000000E-01   6.738129655    
 -0.3600000000E-01   7.022417700    
 -0.3400000000E-01   7.433524835    
 -0.3200000000E-01   7.923432894    
 -0.3000000000E-01   8.642112343    
 -0.2800000000E-01   9.544586086    
 -0.2600000000E-01   10.25145594    
 -0.2400000000E-01   10.70261925    
 -0.2200000000E-01   10.89620047    
 -0.2000000000E-01   11.30938946    
 -0.1800000000E-01   11.86793349    
 -0.1600000000E-01   12.49178920    
 -0.1400000000E-01   13.07389046    
 -0.1200000000E-01   13.49605583    
 -0.1000000000E-01   13.79696536    
 -0.8000000000E-02   13.97238668    
 -0.6000000000E-02   14.20471660    
 -0.4000000000E-02   14.37458027    
 -0.2000000000E-02   14.63598720    
 -0.2710505431E-19   14.70657031    
  0.2000000000E-02   14.97703688    
  0.4000000000E-02   15.08076739    
  0.6000000000E-02   15.35517650    
  0.8000000000E-02   15.31102525    
  0.1000000000E-01   15.39616736    
  0.1200000000E-01   15.41278128    
  0.1400000000E-01   15.48225858    
  0.1600000000E-01   15.63666613    
  0.1800000000E-01   15.85445058    
  0.2000000000E-01   16.22606195    
  0.2200000000E-01   16.16152904    
  0.2400000000E-01   15.71634231    
  0.2600000000E-01   15.07887460    
  0.2800000000E-01   14.57465119    
  0.3000000000E-01   14.29613612    
  0.3200000000E-01   14.00759169    
  0.3400000000E-01   13.78728974    
  0.3600000000E-01   13.55161503    
  0.3800000000E-01   13.40652372    
  0.4000000000E-01   13.27715844    
  0.4200000000E-01   13.17450403    
  0.4400000000E-01   13.06462715    
  0.4600000000E-01   12.94880687    
  0.4800000000E-01   12.82612785    
  0.5000000000E-01   12.59870889    
  0.5200000000E-01   12.42535640    
  0.5400000000E-01   12.20128859    
  0.5600000000E-01   12.01501064    
  0.5800000000E-01   11.79922375    
  0.6000000000E-01   11.56141166    
  0.6200000000E-01   11.31347660    
  0.6400000000E-01   11.00114694    
  0.6600000000E-01   10.72820808    
  0.6800000000E-01   10.45309742    
  0.7000000000E-01   10.16500307    
  0.7200000000E-01   9.887455419    
  0.7400000000E-01   9.559305619    
  0.7600000000E-01   9.234967746    
  0.7800000000E-01   8.883258299    
  0.8000000000E-01   8.569359442    
  0.8200000000E-01   8.295045104    
  0.8400000000E-01   8.002116315    
  0.8600000000E-01   7.717634383    
  0.8800000000E-01   7.382924881    
  0.9000000000E-01   7.081341241    
  0.9200000000E-01   6.763661605    
  0.9400000000E-01   6.510504737    
  0.9600000000E-01   6.301522574    
  0.9800000000E-01   6.149875137    
  0.1000000000       6.008691146    
  0.1020000000       5.876541611    
  0.1040000000       5.778694107    
  0.1060000000       5.714104630    
  0.1080000000       5.700364143    
  0.1100000000       5.738111049    
  0.1120000000       5.832061036    
  0.1140000000       5.952613282    
  0.1160000000       6.103654777    
  0.1180000000       6.324671217    
  0.1200000000       6.645962605    
  0.1220000000       7.082578305    
  0.1240000000       7.717955673    
  0.1260000000       8.479585437    
  0.1280000000       9.935740770    
  0.1300000000       11.27675083    
  0.1320000000       12.54893072    
  0.1340000000       13.44575993    
  0.1360000000       14.74271215    
  0.1380000000       16.24941378    
  0.1400000000       17.66405686    
  0.1420000000       18.89154215    
  0.1440000000       19.98782843    
  0.1460000000       20.98920839    
  0.1480000000       21.92685957    
  0.1500000000       22.23762955    
  0.1520000000       21.11864294    
  0.1540000000       18.05485608    
  0.1560000000       13.51802895    
  0.1580000000       9.257137964    
  0.1600000000       6.221015323    
  0.1620000000       4.727349091    
  0.1640000000       3.865228941    
  0.1660000000       3.189125291    
  0.1680000000       2.681105488    
  0.1700000000       2.278128160    
  0.1720000000       2.011162038    
  0.1740000000       1.812744699    
  0.1760000000       1.715360740    
  0.1780000000       1.679150038    
  0.1800000000       1.772426093    
  0.1820000000       2.661455760    
  0.1840000000       6.133079143    
  0.1860000000       10.01493510    
  0.1880000000       12.64657378    
  0.1900000000       12.64272098    
  0.1920000000       12.11715009    
  0.1940000000       12.28710027    
  0.1960000000       12.66582223    
  0.1980000000       13.36013935    
  0.2000000000       14.23210322    
  0.2020000000       15.28389198    
  0.2040000000       16.48012777    
  0.2060000000       17.71534844    
  0.2080000000       19.13396295    
  0.2100000000       20.93318045    
  0.2120000000       23.12431504    
  0.2140000000       25.75691781    
  0.2160000000       28.34902063    
  0.2180000000       31.25457620    
  0.2200000000       34.14903575    
  0.2220000000       37.05252250    
  0.2240000000       37.73415301    
  0.2260000000       35.60115971    
  0.2280000000       31.15395570    
  0.2300000000       26.67607081    
  0.2320000000       23.28476662    
  0.2340000000       20.87289942    
  0.2360000000       19.17458529    
  0.2380000000       17.89687517    
  0.2400000000       16.90006364    
  0.2420000000       16.42472090    
  0.2440000000       16.63086113    
  0.2460000000       17.62980482    
  0.2480000000       19.20747162    
  0.2500000000       21.10670819    
  0.2520000000       22.97369811    
  0.2540000000       24.96022009    
  0.2560000000       26.16659725    
  0.2580000000       26.31287678    
  0.2600000000       25.42547500    
  0.2620000000       24.44186877    
  0.2640000000       23.99995655    
  0.2660000000       23.77843457    
  0.2680000000       24.09194861    
  0.2700000000       24.53738570    
  0.2720000000       24.42095982    
  0.2740000000       23.78245839    
  0.2760000000       23.00950786    
  0.2780000000       22.84318914    
  0.2800000000       22.41124647    
  0.2820000000       21.52340326    
  0.2840000000       20.25808400    
  0.2860000000       19.03228054    
  0.2880000000       18.29104274    
  0.2900000000       17.78493342    
  0.2920000000       17.78237820    
  0.2940000000       17.59239313    
  0.2960000000       17.41315449    
  0.2980000000       16.74099900    
  0.3000000000       15.77398857    
  0.3020000000       14.55608572    
  0.3040000000       13.44263742    
  0.3060000000       12.63604190    
  0.3080000000       11.97094570    
  0.3100000000       11.56887243    
  0.3120000000       11.32030686    
  0.3140000000       11.18442883    
  0.3160000000       11.11911307    
  0.3180000000       11.11866776    
  0.3200000000       11.19500584    
  0.3220000000       11.29543886    
  0.3240000000       11.47149082    
  0.3260000000       11.67374287    
  0.3280000000       11.95973532    
  0.3300000000       12.22929502    
  0.3320000000       12.58171158    
  0.3340000000       12.97077840    
  0.3360000000       13.48596589    
  0.3380000000       14.28623398    
  0.3400000000       15.12834936    
  0.3420000000       15.81155066    
  0.3440000000       16.23792908    
  0.3460000000       16.60276156    
  0.3480000000       17.16289402    
  0.3500000000       17.77949862    
  0.3520000000       18.55684284    
  0.3540000000       19.45124238    
  0.3560000000       20.30594090    
  0.3580000000       20.71206653    
  0.3600000000       20.53005407    
  0.3620000000       19.60993600    
  0.3640000000       18.71956260    
  0.3660000000       17.85160837    
  0.3680000000       17.47807438    
  0.3700000000       17.10416713    
  0.3720000000       16.83250332    
  0.3740000000       16.68409828    
  0.3760000000       16.51096271    
  0.3780000000       16.34978853    
  0.3800000000       15.97395868    
  0.3820000000       15.59581840    
  0.3840000000       15.26585045    
  0.3860000000       14.86860947    
  0.3880000000       14.52901013    
  0.3900000000       14.20802448    
  0.3920000000       14.08652769    
  0.3940000000       14.08084341    
  0.3960000000       14.12994842    
  0.3980000000       14.28642967    
  0.4000000000       14.50613483    
  0.4020000000       14.81457149    
  0.4040000000       15.18230684    
  0.4060000000       15.70078228    
  0.4080000000       16.43617153    
  0.4100000000       17.28196255    
  0.4120000000       18.00653232    
  0.4140000000       18.49250485    
  0.4160000000       18.95791697    
  0.4180000000       19.57818314    
  0.4200000000       20.33806214    
  0.4220000000       20.92714323    
  0.4240000000       21.42823215    
  0.4260000000       21.83528413    
  0.4280000000       22.48007407    
  0.4300000000       23.15620137    
  0.4320000000       24.28995337    
  0.4340000000       25.75300441    
  0.4360000000       27.16421349    
  0.4380000000       29.10954247    
  0.4400000000       31.15917611    
  0.4420000000       33.06954754    
  0.4440000000       32.34023676    
  0.4460000000       29.70477266    
  0.4480000000       26.53805386    
  0.4500000000       24.37145421    
  0.4520000000       22.34806333    
  0.4540000000       19.36641699    
  0.4560000000       15.99467739    
  0.4580000000       13.30731106    
  0.4600000000       12.22449447    
  0.4620000000       13.14475891    
  0.4640000000       16.07461292    
  0.4660000000       19.62025168    
  0.4680000000       22.86159004    
  0.4700000000       26.05409270    
  0.4720000000       29.71274539    
  0.4740000000       33.87246813    
  0.4760000000       38.41587897    
  0.4780000000       44.85321485    
  0.4800000000       55.34968595    
  0.4820000000       65.06797794    
  0.4840000000       65.06494032    
  0.4860000000       52.88809191    
  0.4880000000       36.06913101    
  0.4900000000       25.73769388    
  0.4920000000       23.75254744    
  0.4940000000       26.58525042    
  0.4960000000       29.21096558    
  0.4980000000       29.96499309    
 
