 
+----------------------------+
| Real-space lattice vectors |
+----------------------------+
 
vector a1 :    5.748546871       5.748546871       0.000000000    
vector a2 :    5.748546871      -5.748546871       0.000000000    
vector a3 :    5.748546871       0.000000000       5.748546871    
 
Stored column-wise as a matrix :
   5.748546871       5.748546871       5.748546871    
   5.748546871      -5.748546871       0.000000000    
   0.000000000       0.000000000       5.748546871    
 
Inverse of matrix :
  0.8697850278E-01  0.8697850278E-01 -0.8697850278E-01
  0.8697850278E-01 -0.8697850278E-01 -0.8697850278E-01
   0.000000000       0.000000000      0.1739570056    
 
Unit cell volume :    379.9305584    
 
 
+----------------------------------+
| Reciprocal-space lattice vectors |
+----------------------------------+
 
vector b1 :   0.5465020507      0.5465020507     -0.5465020507    
vector b2 :   0.5465020507     -0.5465020507     -0.5465020507    
vector b3 :    0.000000000       0.000000000       1.093004101    
 
Stored column-wise as a matrix :
  0.5465020507      0.5465020507       0.000000000    
  0.5465020507     -0.5465020507       0.000000000    
 -0.5465020507     -0.5465020507       1.093004101    
 
Inverse of matrix :
  0.9149096501      0.9149096501       0.000000000    
  0.9149096501     -0.9149096501       0.000000000    
  0.9149096501       0.000000000      0.9149096501    
 
Brillouin zone volume :   0.6528830282    
