    -8604.29107576    
    -8606.64202571    
    -8530.73168734    
    -8600.76644867    
    -8661.95015157    
    -8653.23593103    
    -8653.80078254    
    -8645.02696474    
    -8639.88369972    
    -8640.63624368    
    -8640.90273041    
    -8641.32630863    
    -8641.57456532    
    -8641.47687768    
    -8641.57665874    
    -8641.55699456    
    -8641.56157271    
    -8641.55989567    
    -8641.56072533    
    -8641.56071876    
    -8641.56067709    
    -8641.56069476    
