  0.3554486632E-10
  0.3554483117E-10
  0.3554487518E-10
  0.3554481951E-10
  0.3554487109E-10
  0.3554487412E-10
  0.3554424224E-10
  0.3554487792E-10
  0.3554486517E-10
  0.3554427249E-10
  0.3554359346E-10
  0.3554486915E-10
  0.3554429463E-10
  0.3554487790E-10
  0.3554427025E-10
  0.3554478830E-10
  0.3554487266E-10
  0.3554484298E-10
  0.3554481249E-10
  0.3554485238E-10
  0.3554484110E-10
  0.3554487146E-10
  0.3554488449E-10
  0.3554422680E-10
  0.3554353580E-10
  0.3554437304E-10
  0.3554486747E-10
  0.3554418466E-10
  0.3554487494E-10
  0.3554485250E-10
  0.3554425274E-10
  0.3554423043E-10
  0.3554358066E-10
  0.3554356405E-10
  0.3554354585E-10
  0.3554357253E-10
  0.3554361249E-10
  0.3554360305E-10
