    0.586778916904E-01
    0.715424040479E-01
    0.674384714166E-01
    0.656789943931E-01
    0.671743255682E-01
    0.675886001433E-01
    0.676667246417E-01
    0.677118089017E-01
    0.677295863233E-01
    0.677062924438E-01
    0.677353864737E-01
    0.676550642384E-01
    0.678376042252E-01
    0.675539055547E-01
    0.676665615128E-01
    0.677084584029E-01
    0.676994486002E-01
    0.676921692312E-01
    0.676941737970E-01
    0.676977121102E-01
    0.676990004738E-01
    0.676998345743E-01
    0.677000391985E-01
    0.677001713903E-01
    0.677000810954E-01
    0.677002143666E-01
    0.676999564428E-01
    0.677002571367E-01
    0.677000401737E-01
    0.677000259636E-01
    0.677000394080E-01
    0.677000533534E-01
    0.677000469671E-01
    0.677000403832E-01
    0.677000416908E-01
    0.677000479276E-01
    0.677000475279E-01
    0.677000445933E-01
