 
+----------------------------+
| Real-space lattice vectors |
+----------------------------+
 
vector a1 :    3.955480238       3.955480238       0.000000000    
vector a2 :    3.955480238      -3.955480238       0.000000000    
vector a3 :    3.955480238       0.000000000       3.955480238    
 
Stored column-wise as a matrix :
   3.955480238       3.955480238       3.955480238    
   3.955480238      -3.955480238       0.000000000    
   0.000000000       0.000000000       3.955480238    
 
Inverse of matrix :
  0.1264069013      0.1264069013     -0.1264069013    
  0.1264069013     -0.1264069013     -0.1264069013    
   0.000000000       0.000000000      0.2528138026    
 
Unit cell volume :    123.7734946    
 
 
+----------------------------------+
| Reciprocal-space lattice vectors |
+----------------------------------+
 
vector b1 :   0.7942379849      0.7942379849     -0.7942379849    
vector b2 :   0.7942379849     -0.7942379849     -0.7942379849    
vector b3 :    0.000000000       0.000000000       1.588475970    
 
Stored column-wise as a matrix :
  0.7942379849      0.7942379849       0.000000000    
  0.7942379849     -0.7942379849       0.000000000    
 -0.7942379849     -0.7942379849       1.588475970    
 
Inverse of matrix :
  0.6295342322      0.6295342322       0.000000000    
  0.6295342322     -0.6295342322       0.000000000    
  0.6295342322       0.000000000      0.6295342322    
 
Brillouin zone volume :    2.004065687    
