 -0.9775363085E-27  0.1673733763E-26  0.2106072956E-26
  0.4747279645E-27  0.2132271400E-26 -0.1514534572E-25
  0.7048126178E-27 -0.5053494802E-26  0.1063403427E-25
  0.5251702615E-27  0.9843002860E-27 -0.1133815085E-26
  0.1217086000E-25 -0.2887032548E-26 -0.2683100036E-25
  0.3339727024E-26  0.3550842308E-26  0.1316501485E-29
 -0.5154669834E-26 -0.3822414076E-26 -0.1412134968E-25
  0.7757441388E-26 -0.1079054939E-25 -0.3895989035E-26
 -0.3478396074E-27 -0.3672075586E-26 -0.2805647836E-26
  0.6439545136E-26  0.5040509174E-26 -0.8110054982E-26
  0.6283408231E-26 -0.9217773314E-26 -0.9539559970E-26
 -0.1263249524E-26 -0.4180527731E-26 -0.2972302943E-25
  0.5578309413E-26 -0.1515368172E-26 -0.3556365995E-27
  0.1289684969E-25 -0.6885001715E-26 -0.6216067565E-27
 -0.3428500113E-26 -0.6419051195E-27 -0.1004721301E-26
  0.8617991116E-26 -0.1356438981E-25  0.4519320086E-26
 -0.6523634637E-26 -0.4754499571E-26 -0.1148184316E-25
  0.1955758713E-26  0.2046201264E-26 -0.7455536899E-27
 -0.7665565710E-26 -0.2191179260E-26  0.7532619526E-27
  0.2301258099E-26  0.1396973581E-26 -0.5071035191E-27
 -0.3086018329E-27  0.5262218130E-26 -0.1736054288E-26
 -0.6757367249E-26  0.4605514502E-26 -0.4892030413E-26
 -0.9648607196E-26  0.1129392972E-25  0.2761678390E-25
 -0.1937675801E-25 -0.9717002858E-26  0.3613446787E-26
 -0.3535533904E-26 -0.3048918933E-26 -0.9580445188E-26
 -0.3677587561E-26 -0.1557813397E-25  0.1049615050E-26
  0.4462016407E-26  0.9988088462E-26  0.2235732901E-25
 -0.1276464039E-26  0.9589052178E-26  0.5476802610E-26
 -0.2245775788E-26  0.5803726401E-26  0.8131777571E-26
  0.2705307815E-26 -0.2499462788E-26 -0.1075702929E-26
 -0.7740080489E-27 -0.8515721038E-26  0.3937219088E-26
  0.1240990570E-26  0.3784165673E-26  0.1009404382E-25
 -0.1667514723E-25  0.6624960173E-26  0.7629056577E-26
  0.2162832734E-26  0.6214078112E-26 -0.1732439720E-26
  0.6711881970E-26 -0.2313796969E-25 -0.8745645127E-26
  0.2156506558E-25 -0.7659825518E-26  0.1437793205E-25
  0.3613922658E-27  0.1343427874E-26  0.3618078652E-26
  0.1568708613E-26  0.4924704022E-26  0.7753239089E-26
