  0.4059173661    
  0.3378668709    
  0.2749271433    
  0.2120090120    
  0.1505771644    
  0.9896787859E-01
  0.5605013416E-01
  0.3130235454E-01
  0.1597358560E-01
  0.7483563344E-02
  0.3128124712E-02
  0.1594668403E-02
  0.7157317898E-03
  0.3332034626E-03
  0.2606705459E-03
  0.1377441519E-03
  0.9380606871E-04
  0.7129686766E-04
  0.4779947447E-04
  0.2929435056E-04
  0.1811244981E-04
  0.1339764585E-04
  0.1105842591E-04
  0.9123706736E-05
  0.6300946149E-05
  0.4228163342E-05
  0.2201567260E-05
  0.8278366557E-06
  0.3977902056E-06
  0.2031096601E-06
  0.1515809118E-06
  0.1170650512E-06
  0.9779823095E-07
  0.7254251929E-07
  0.5608776051E-07
  0.4818654270E-07
