    -1604.89591943    
    -1607.53027722    
    -1602.64243648    
    -1599.57006118    
    -1598.51876883    
    -1597.52051621    
    -1596.90258286    
    -1596.51399886    
    -1596.23931618    
    -1596.06498111    
    -1595.98611428    
    -1595.90441085    
    -1595.96231778    
    -1595.88006161    
    -1595.90943719    
    -1595.91416698    
    -1595.90483540    
    -1595.89857746    
    -1595.89768132    
    -1595.89770216    
    -1595.89723147    
    -1595.89725230    
    -1595.89728327    
    -1595.89743393    
    -1595.89748051    
    -1595.89761993    
    -1595.89754479    
    -1595.89772597    
    -1595.89763882    
    -1595.89763923    
    -1595.89765134    
    -1595.89765375    
    -1595.89765447    
    -1595.89765641    
    -1595.89765705    
    -1595.89765832    
    -1595.89765853    
    -1595.89765862    
