 
 
   1   1   2 : species, atom, l
 
   1   1 : ispn, jspn; m1, m2, vmatmt below
    -2    -2  -0.8391316734E-01 -0.6891813835E-19
    -2    -1   0.6378385987E-18 -0.4316880739E-19
    -2     0   0.5697542752E-33  0.1009743564E-27
    -2     1  -0.7011745616E-18  0.2325737111E-19
    -2     2   0.3507189391E-01  0.1578042538E-09
    -1    -2   0.6288035810E-18  0.3413378949E-19
    -1    -1  -0.1136660110     -0.9128554299E-19
    -1     0  -0.1723045113E-17 -0.7029088403E-19
    -1     1  -0.5135813185E-33 -0.2019485764E-27
    -1     2   0.7305093456E-18  0.2325958263E-19
     0    -2   0.6138901698E-33  0.6156455747E-34
     0    -1  -0.1723038494E-17  0.7028867859E-19
     0     0  -0.4296552253E-01 -0.9732026134E-19
     0     1   0.1770310913E-17 -0.7480839362E-19
     0     2   0.2768524295E-33  0.5717604522E-34
     1    -2  -0.7056953789E-18 -0.3229349189E-19
     1    -1    0.000000000     -0.1346326934E-27
     1     0   0.1783867853E-17  0.7029088356E-19
     1     1  -0.1125526097     -0.8185537727E-19
     1     2  -0.7961095771E-18 -0.2735752630E-19
     2    -2   0.3507189391E-01 -0.1578042537E-09
     2    -1   0.7237352878E-18 -0.2929688997E-20
     2     0   0.3290130322E-33 -0.6731602569E-28
     2     1  -0.8028858405E-18  0.3413378969E-19
     2     2  -0.7216166553E-01 -0.1149725813E-18
 
   1   2 : ispn, jspn; m1, m2, vmatmt below
    -2    -2   0.1056324317E-20  0.1147845312E-18
    -2    -1   0.3494576136E-02  0.7890212546E-10
    -2     0  -0.5952460263E-19  0.5891091778E-26
    -2     1  -0.1481777854E-23 -0.2604595749E-23
    -2     2   0.3614007329E-19  0.1807003613E-18
    -1    -2   0.2302575635E-22  0.7843002658E-24
    -1    -1  -0.1017079706E-18  0.1087531903E-19
    -1     0   0.7196295787E-02 -0.1932699468E-09
    -1     1  -0.2692643934E-27 -0.9595407273E-26
    -1     2    0.000000000     -0.5884103730E-24
     0    -2  -0.5952460240E-19  0.1972394802E-26
     0    -1   0.9514418058E-23  0.3959265441E-23
     0     0  -0.6640445954E-33 -0.9662724616E-26
     0     1   0.7196295787E-02  0.1932699470E-09
     0     2   0.5952460240E-19  0.5917185304E-26
     1    -2   0.2381174770E-02 -0.7890212558E-10
     1    -1   0.6731597541E-28 -0.3153591583E-26
     1     0  -0.1930191184E-23 -0.1115334073E-22
     1     1   0.1017079704E-18 -0.1087530614E-19
     1     2   0.3494576136E-02 -0.7890212534E-10
     2    -2  -0.1084202184E-18 -0.1084202202E-18
     2    -1   0.2381174770E-02  0.7890212525E-10
     2     0   0.5952460262E-19  0.1762881871E-26
     2     1   0.1041124472E-22 -0.3344399947E-23
     2     2  -0.1056324047E-20 -0.1147845344E-18
 
   2   1 : ispn, jspn; m1, m2, vmatmt below
    -2    -2   0.1056324451E-20 -0.1147845311E-18
    -2    -1   0.1930191185E-23 -0.7755923667E-23
    -2     0  -0.5952460225E-19 -0.2065804844E-26
    -2     1   0.2381174770E-02  0.7890212550E-10
    -2     2  -0.7228014761E-19 -0.7228014292E-19
    -1    -2   0.3494576136E-02 -0.7890212550E-10
    -1    -1  -0.1017079706E-18 -0.1087531903E-19
    -1     0  -0.4757209030E-23  0.4287989398E-23
    -1     1   0.2692643902E-27  0.3288223845E-26
    -1     2   0.2381174770E-02 -0.7890212531E-10
     0    -2  -0.5952460240E-19 -0.5917186075E-26
     0    -1   0.7196295787E-02  0.1932699466E-09
     0     0  -0.6377448685E-33  0.9662723845E-26
     0     1  -0.1723518280E-22 -0.4519120418E-24
     0     2   0.5952460240E-19 -0.1972394673E-26
     1    -2   0.4084589034E-23  0.5152660366E-24
     1    -1  -0.6731595842E-28  0.9730039793E-26
     1     0   0.7196295787E-02 -0.1932699471E-09
     1     1   0.1017079709E-18  0.1087530614E-19
     1     2   0.1478830935E-22  0.9607790534E-23
     2    -2   0.1445602919E-18  0.1448411792E-26
     2    -1  -0.2963555710E-23 -0.2605701202E-23
     2     0   0.5952460196E-19 -0.6194014366E-26
     2     1   0.3494576136E-02  0.7890212530E-10
     2     2  -0.1056324182E-20  0.1147845343E-18
 
   2   2 : ispn, jspn; m1, m2, vmatmt below
    -2    -2  -0.7216166553E-01 -0.1149725814E-18
    -2    -1   0.8028858391E-18  0.3413378907E-19
    -2     0   0.1791453391E-33 -0.1682903634E-27
    -2     1  -0.7305115506E-18 -0.3229349208E-19
    -2     2   0.3507189391E-01 -0.1578042481E-09
    -1    -2   0.8028858397E-18 -0.3865129824E-19
    -1    -1  -0.1125526097     -0.8185537754E-19
    -1     0  -0.1783867851E-17  0.7029309071E-19
    -1     1   0.5707573637E-33 -0.2019486017E-27
    -1     2   0.7079541328E-18 -0.2551723454E-19
     0    -2   0.4299174672E-33  0.4005423532E-34
     0    -1  -0.1783863441E-17 -0.7029088441E-19
     0     0  -0.4296552253E-01 -0.9732026134E-19
     0     1   0.1723047315E-17  0.7028867726E-19
     0     2   0.6691854240E-33 -0.2153621976E-34
     1    -2  -0.7305137560E-18  0.2326067991E-19
     1    -1   0.3443101320E-33 -0.1346324108E-27
     1     0   0.1723045108E-17 -0.7029088304E-19
     1     1  -0.1136660110     -0.9128554273E-19
     1     2  -0.6288035795E-18  0.3413378990E-19
     2    -2   0.3507189391E-01  0.1578042481E-09
     2    -1   0.7011756631E-18  0.2326068512E-19
     2     0   0.1418429850E-33 -0.6731601489E-28
     2     1  -0.6378385979E-18 -0.4316880808E-19
     2     2  -0.8391316734E-01 -0.6891813860E-19
