    10 : nkpt
    21 : nstsv
 
     1   0.000000000       0.000000000       0.000000000     : k-point, vkl
 (state, eigenvalue and occupancy below)
     1  -1.826340880       2.000000000    
     2 -0.7886263792       2.000000000    
     3 -0.7886263792       2.000000000    
     4 -0.7886263792       2.000000000    
     5 -0.4965797858       2.000000000    
     6 -0.2853299444E-01   2.000000000    
     7 -0.2853299444E-01   2.000000000    
     8 -0.2853299444E-01   2.000000000    
     9  0.1721511418       0.000000000    
    10  0.3839023397       0.000000000    
    11  0.3839023397       0.000000000    
    12  0.3839023397       0.000000000    
    13  0.4592191480       0.000000000    
    14  0.4592191480       0.000000000    
    15  0.5334722507       0.000000000    
    16  0.6184623264       0.000000000    
    17  0.6184623264       0.000000000    
    18  0.6184623264       0.000000000    
    19  0.8746882679       0.000000000    
    20  0.9283785132       0.000000000    
    21  0.9283785132       0.000000000    
 
 
     2  0.2000000000       0.000000000       0.000000000     : k-point, vkl
 (state, eigenvalue and occupancy below)
     1  -1.826290922       2.000000000    
     2 -0.7887882928       2.000000000    
     3 -0.7884970029       2.000000000    
     4 -0.7884970029       2.000000000    
     5 -0.4921913846       2.000000000    
     6 -0.5782752788E-01   2.000000000    
     7 -0.3188951219E-01   2.000000000    
     8 -0.3188951219E-01   2.000000000    
     9  0.2121230882       0.000000000    
    10  0.3525720772       0.000000000    
    11  0.3961737215       0.000000000    
    12  0.3961737215       0.000000000    
    13  0.4519705034       0.000000000    
    14  0.4519705034       0.000000000    
    15  0.5718208892       0.000000000    
    16  0.6418662846       0.000000000    
    17  0.6827843254       0.000000000    
    18  0.6827843254       0.000000000    
    19  0.7930310932       0.000000000    
    20  0.8288221418       0.000000000    
    21  0.8288221418       0.000000000    
 
 
     3  0.4000000000       0.000000000       0.000000000     : k-point, vkl
 (state, eigenvalue and occupancy below)
     1  -1.826269195       2.000000000    
     2 -0.7895847169       2.000000000    
     3 -0.7884527411       2.000000000    
     4 -0.7884527411       2.000000000    
     5 -0.4847772460       2.000000000    
     6 -0.9478093838E-01   2.000000000    
     7 -0.3727036713E-01   2.000000000    
     8 -0.3727036713E-01   2.000000000    
     9  0.2469983902       0.000000000    
    10  0.3671648128       0.000000000    
    11  0.3832018012       0.000000000    
    12  0.3832018012       0.000000000    
    13  0.5223172785       0.000000000    
    14  0.5223172785       0.000000000    
    15  0.5413061308       0.000000000    
    16  0.6483010078       0.000000000    
    17  0.6717020259       0.000000000    
    18  0.6717020259       0.000000000    
    19  0.8111325339       0.000000000    
    20  0.8111325339       0.000000000    
    21  0.8204165832       0.000000000    
 
 
     4  0.2000000000      0.2000000000       0.000000000     : k-point, vkl
 (state, eigenvalue and occupancy below)
     1  -1.826272888       2.000000000    
     2 -0.7891242744       2.000000000    
     3 -0.7885954715       2.000000000    
     4 -0.7885028469       2.000000000    
     5 -0.4870615991       2.000000000    
     6 -0.7618707735E-01   2.000000000    
     7 -0.4789053939E-01   2.000000000    
     8 -0.3498579530E-01   2.000000000    
     9  0.2591599946       0.000000000    
    10  0.3346503343       0.000000000    
    11  0.3695432536       0.000000000    
    12  0.4125918044       0.000000000    
    13  0.4334522687       0.000000000    
    14  0.5263246376       0.000000000    
    15  0.6408115292       0.000000000    
    16  0.6415516044       0.000000000    
    17  0.6431703023       0.000000000    
    18  0.7317610810       0.000000000    
    19  0.7935149615       0.000000000    
    20  0.8130938098       0.000000000    
    21  0.8286933691       0.000000000    
 
 
     5  0.4000000000      0.2000000000       0.000000000     : k-point, vkl
 (state, eigenvalue and occupancy below)
     1  -1.826265236       2.000000000    
     2 -0.7895490027       2.000000000    
     3 -0.7887135884       2.000000000    
     4 -0.7885382726       2.000000000    
     5 -0.4825186145       2.000000000    
     6 -0.9099187252E-01   2.000000000    
     7 -0.5620456712E-01   2.000000000    
     8 -0.4127070574E-01   2.000000000    
     9  0.2818949949       0.000000000    
    10  0.3381139491       0.000000000    
    11  0.3627651703       0.000000000    
    12  0.4053797959       0.000000000    
    13  0.5189064358       0.000000000    
    14  0.5232373559       0.000000000    
    15  0.5979349801       0.000000000    
    16  0.6335053584       0.000000000    
    17  0.6790068528       0.000000000    
    18  0.6876923475       0.000000000    
    19  0.7770290034       0.000000000    
    20  0.8211456706       0.000000000    
    21  0.9016690853       0.000000000    
 
 
     6  0.6000000000      0.2000000000       0.000000000     : k-point, vkl
 (state, eigenvalue and occupancy below)
     1  -1.826255157       2.000000000    
     2 -0.7892383230       2.000000000    
     3 -0.7885049635       2.000000000    
     4 -0.7884931965       2.000000000    
     5 -0.4850680539       2.000000000    
     6 -0.8295374887E-01   2.000000000    
     7 -0.4655962239E-01   2.000000000    
     8 -0.4206217128E-01   2.000000000    
     9  0.2689197941       0.000000000    
    10  0.3217416437       0.000000000    
    11  0.3572800552       0.000000000    
    12  0.4206022224       0.000000000    
    13  0.4795102860       0.000000000    
    14  0.5348556574       0.000000000    
    15  0.6229132653       0.000000000    
    16  0.6501481933       0.000000000    
    17  0.6664326708       0.000000000    
    18  0.7424440493       0.000000000    
    19  0.7613434636       0.000000000    
    20  0.7803871991       0.000000000    
    21  0.8412602331       0.000000000    
 
 
     7  0.8000000000      0.2000000000       0.000000000     : k-point, vkl
 (state, eigenvalue and occupancy below)
     1  -1.826280318       2.000000000    
     2 -0.7887374712       2.000000000    
     3 -0.7884999161       2.000000000    
     4 -0.7884999161       2.000000000    
     5 -0.4910216476       2.000000000    
     6 -0.5803005341E-01   2.000000000    
     7 -0.3654779888E-01   2.000000000    
     8 -0.3654779888E-01   2.000000000    
     9  0.2256474057       0.000000000    
    10  0.3285971491       0.000000000    
    11  0.3954906262       0.000000000    
    12  0.4192515992       0.000000000    
    13  0.4192515992       0.000000000    
    14  0.4792189369       0.000000000    
    15  0.6409481187       0.000000000    
    16  0.6550052544       0.000000000    
    17  0.6550052544       0.000000000    
    18  0.6827465051       0.000000000    
    19  0.7948816404       0.000000000    
    20  0.7948816404       0.000000000    
    21  0.8227425188       0.000000000    
 
 
     8  0.4000000000      0.4000000000       0.000000000     : k-point, vkl
 (state, eigenvalue and occupancy below)
     1  -1.826270553       2.000000000    
     2 -0.7893245446       2.000000000    
     3 -0.7891095968       2.000000000    
     4 -0.7886273582       2.000000000    
     5 -0.4813911966       2.000000000    
     6 -0.8439017311E-01   2.000000000    
     7 -0.6474629030E-01   2.000000000    
     8 -0.4805072823E-01   2.000000000    
     9  0.2753575668       0.000000000    
    10  0.3008685766       0.000000000    
    11  0.3814744738       0.000000000    
    12  0.4614904794       0.000000000    
    13  0.4922951200       0.000000000    
    14  0.5559125609       0.000000000    
    15  0.6178549243       0.000000000    
    16  0.6213894328       0.000000000    
    17  0.6470325972       0.000000000    
    18  0.7804142428       0.000000000    
    19  0.7854044387       0.000000000    
    20  0.8030017111       0.000000000    
    21  0.8756868304       0.000000000    
 
 
     9  0.6000000000      0.4000000000       0.000000000     : k-point, vkl
 (state, eigenvalue and occupancy below)
     1  -1.826250437       2.000000000    
     2 -0.7893419378       2.000000000    
     3 -0.7885857640       2.000000000    
     4 -0.7885857640       2.000000000    
     5 -0.4829541979       2.000000000    
     6 -0.8709289921E-01   2.000000000    
     7 -0.4847687053E-01   2.000000000    
     8 -0.4847687053E-01   2.000000000    
     9  0.2620875972       0.000000000    
    10  0.2807990098       0.000000000    
    11  0.3853273765       0.000000000    
    12  0.5001785994       0.000000000    
    13  0.5001785994       0.000000000    
    14  0.5199562120       0.000000000    
    15  0.6280247073       0.000000000    
    16  0.6280247073       0.000000000    
    17  0.6476829815       0.000000000    
    18  0.7958054056       0.000000000    
    19  0.7958054056       0.000000000    
    20  0.8146413481       0.000000000    
    21  0.8250494876       0.000000000    
 
 
    10  0.4000000000      0.4000000000      0.2000000000     : k-point, vkl
 (state, eigenvalue and occupancy below)
     1  -1.826285707       2.000000000    
     2 -0.7893541650       2.000000000    
     3 -0.7890445013       2.000000000    
     4 -0.7888502069       2.000000000    
     5 -0.4818527916       2.000000000    
     6 -0.8172775117E-01   2.000000000    
     7 -0.6418276757E-01   2.000000000    
     8 -0.5033262822E-01   2.000000000    
     9  0.3048744133       0.000000000    
    10  0.3208337190       0.000000000    
    11  0.3359658375       0.000000000    
    12  0.4253967538       0.000000000    
    13  0.5134460421       0.000000000    
    14  0.5428380788       0.000000000    
    15  0.6031612941       0.000000000    
    16  0.6321960818       0.000000000    
    17  0.7003613243       0.000000000    
    18  0.7305601312       0.000000000    
    19  0.7496690682       0.000000000    
    20  0.8328601369       0.000000000    
    21  0.8862088833       0.000000000    
 
