 
scale
 1.0
 
scale1
 1.0
 
scale2
 1.0
 
scale3
 1.0
 
avec
   5.279989279       5.279989279       0.000000000    
   5.279989279      -5.279989279       0.000000000    
   5.279989279       0.000000000       5.279989279    
 
atoms
   2                                    : nspecies
'Na.in'                                 : spfname
   1                                    : natoms; atpos, bfcmt below
    0.00000000    0.00000000    0.00000000    0.00000000  0.00000000  0.00000000
'Cl.in'                                 : spfname
   1                                    : natoms; atpos, bfcmt below
    0.50000000    0.50000000    0.00000000    0.00000000  0.00000000  0.00000000
