 
+----------------------------+
| Real-space lattice vectors |
+----------------------------+
 
vector a1 :    5.279989279       5.279989279       0.000000000    
vector a2 :    5.279989279      -5.279989279       0.000000000    
vector a3 :    5.279989279       0.000000000       5.279989279    
 
Stored column-wise as a matrix :
   5.279989279       5.279989279       5.279989279    
   5.279989279      -5.279989279       0.000000000    
   0.000000000       0.000000000       5.279989279    
 
Inverse of matrix :
  0.9469716198E-01  0.9469716198E-01 -0.9469716198E-01
  0.9469716198E-01 -0.9469716198E-01 -0.9469716198E-01
   0.000000000       0.000000000      0.1893943240    
 
Unit cell volume :    294.3941107    
 
 
+----------------------------------+
| Reciprocal-space lattice vectors |
+----------------------------------+
 
vector b1 :   0.5949998168      0.5949998168     -0.5949998168    
vector b2 :   0.5949998168     -0.5949998168     -0.5949998168    
vector b3 :    0.000000000       0.000000000       1.189999634    
 
Stored column-wise as a matrix :
  0.5949998168      0.5949998168       0.000000000    
  0.5949998168     -0.5949998168       0.000000000    
 -0.5949998168     -0.5949998168       1.189999634    
 
Inverse of matrix :
  0.8403363932      0.8403363932       0.000000000    
  0.8403363932     -0.8403363932       0.000000000    
  0.8403363932       0.000000000      0.8403363932    
 
Brillouin zone volume :   0.8425787216    
