    0.124796395542    
    0.127749607498    
    0.125777494237    
    0.124307780794    
    0.123593679417    
    0.123486516717    
    0.123578822545    
    0.123596129601    
    0.123562587578    
    0.123505141348    
    0.123464147435    
    0.123438961800    
    0.123426946382    
    0.123421264755    
    0.123419591905    
    0.123418902975    
    0.123417648889    
    0.123418772669    
    0.123418738576    
    0.123418658284    
    0.123418608893    
    0.123418587145    
    0.123418565529    
    0.123418557501    
    0.123418552687    
