 
+----------------------------+
| Real-space lattice vectors |
+----------------------------+
 
vector a1 :    5.772262935       5.772262935       0.000000000    
vector a2 :    5.772262935      -5.772262935       0.000000000    
vector a3 :    5.772262935       0.000000000       5.772262935    
 
Stored column-wise as a matrix :
   5.772262935       5.772262935       5.772262935    
   5.772262935      -5.772262935       0.000000000    
   0.000000000       0.000000000       5.772262935    
 
Inverse of matrix :
  0.8662114073E-01  0.8662114073E-01 -0.8662114073E-01
  0.8662114073E-01 -0.8662114073E-01 -0.8662114073E-01
   0.000000000       0.000000000      0.1732422815    
 
Unit cell volume :    384.6522813    
 
 
+----------------------------------+
| Reciprocal-space lattice vectors |
+----------------------------------+
 
vector b1 :   0.5442566787      0.5442566787     -0.5442566787    
vector b2 :   0.5442566787     -0.5442566787     -0.5442566787    
vector b3 :    0.000000000       0.000000000       1.088513357    
 
Stored column-wise as a matrix :
  0.5442566787      0.5442566787       0.000000000    
  0.5442566787     -0.5442566787       0.000000000    
 -0.5442566787     -0.5442566787       1.088513357    
 
Inverse of matrix :
  0.9186841789      0.9186841789       0.000000000    
  0.9186841789     -0.9186841789       0.000000000    
  0.9186841789       0.000000000      0.9186841789    
 
Brillouin zone volume :   0.6448686918    
