 -0.4995999057E-24 -0.1216792723E-23  0.1098109205E-24
  0.6247224761E-24 -0.3889474625E-24 -0.1035253720E-23
  0.4020100808E-25 -0.1003779766E-24  0.1221396612E-26
 -0.2662474908E-25  0.7495956046E-26 -0.1548074697E-25
 -0.2021800713E-25  0.8979975482E-25  0.2737791466E-25
 -0.2962203592E-24  0.4789774716E-24  0.5155204574E-26
 -0.5591735814E-25  0.1948833859E-26 -0.4946509022E-25
 -0.8139020367E-26 -0.2263983292E-26  0.1153622548E-25
  0.1190965703E-24 -0.1116630834E-24  0.2270262534E-24
  0.1657352633E-24 -0.1127342153E-24 -0.2383319204E-24
  0.7698765764E-25 -0.1862954825E-25 -0.2323410824E-24
  0.9756062772E-25 -0.4075913486E-25  0.4802747648E-26
 -0.4143290682E-25 -0.8550826205E-24 -0.1102423284E-23
  0.3416076691E-24  0.1784657043E-24 -0.6297588854E-25
 -0.6526090454E-25  0.4012402095E-26  0.4499998495E-25
  0.2117073465E-24 -0.1977524313E-24 -0.2570464808E-24
  0.8339780067E-25 -0.5486364933E-25 -0.5528652034E-26
 -0.3160778935E-26  0.2198253556E-25  0.1493405676E-25
  0.2441912989E-24 -0.1277127702E-24  0.3187085972E-25
 -0.2125104592E-24  0.3485603499E-24  0.1127687018E-24
 -0.4053991041E-24 -0.1571708308E-24 -0.1022987406E-23
  0.1530202283E-24  0.2079919293E-24 -0.3675202079E-25
 -0.1530736766E-25  0.9481045354E-25  0.4419819333E-25
 -0.5312880904E-25 -0.4212880434E-24 -0.1662548117E-24
 -0.2218673719E-24  0.8104943354E-25 -0.1442039276E-24
