   0.000000000      -4.585061253    
   0.000000000       4.536485489    
 
  0.6872226058      -4.585061253    
  0.6872226058       4.536485489    
 
   1.030833909      -4.585061253    
   1.030833909       4.536485489    
 
   1.229217987      -4.585061253    
   1.229217987       4.536485489    
 
   2.070890349      -4.585061253    
   2.070890349       4.536485489    
 
   2.864426662      -4.585061253    
   2.864426662       4.536485489    
 
   3.425541570      -4.585061253    
   3.425541570       4.536485489    
 
   3.769152873      -4.585061253    
   3.769152873       4.536485489    
 
   4.427118425      -4.585061253    
   4.427118425       4.536485489    
 
   4.988233333      -4.585061253    
   4.988233333       4.536485489    
 
   5.385001489      -4.585061253    
   5.385001489       4.536485489    
 
