 
 
   1   1   2 : species, atom, l
 
   1   1 : ispn, jspn; m1, m2, dmatmt below
    -2    -2    1.581618331     -0.1817894923E-18
    -2    -1  -0.6120009979E-17  0.2471610095E-32
    -2     0  -0.2054325274E-32 -0.1925929944E-33
    -2     1   0.6120009979E-17 -0.1027162637E-32
    -2     2  -0.2998420434     -0.2465387744E-16
    -1    -2  -0.6120009979E-17  0.5135813185E-33
    -1    -1    1.881460374     -0.7951970925E-20
    -1     0   0.1499090167E-16   0.000000000    
    -1     1   0.8217301096E-32 -0.1055249115E-32
    -1     2  -0.6120009979E-17 -0.2567906593E-32
     0    -2  -0.2054325274E-32 -0.6018531076E-35
     0    -1   0.1499090167E-16  0.5135813185E-33
     0     0    1.281776287     -0.3556270136E-18
     0     1  -0.1499090167E-16 -0.2054325274E-32
     0     2  -0.4108650548E-32 -0.1203706215E-34
     1    -2   0.6120009979E-17  0.2567906593E-33
     1    -1  -0.4108650548E-32  0.2455560679E-32
     1     0  -0.1499090167E-16  0.2054325274E-32
     1     1    1.881460374     -0.7951970925E-20
     1     2   0.6120009979E-17 -0.8987673074E-33
     2    -2  -0.2998420434      0.2430620239E-16
     2    -1  -0.6120009979E-17  0.5135813185E-33
     2     0  -0.6162975822E-32 -0.2728400755E-33
     2     1   0.6120009979E-17  0.7543225616E-33
     2     2    1.581618331     -0.1817894923E-18
