    35 : nkpt
    28 : nstsv
 
     1   0.000000000       0.000000000       0.000000000     : k-point, vkl
 (state, eigenvalue and occupancy below)
     1  -2.063704365       2.000000000    
     2  -2.063704365       2.000000000    
     3  -2.063704365       2.000000000    
     4 -0.4958063934       2.000000000    
     5  0.1309794325       1.999838157    
     6  0.1309794372       1.999838156    
     7  0.1309794417       1.999838156    
     8  0.1382005415       1.999697538    
     9  0.1382005531       1.999697538    
    10  0.1382005565       1.999697538    
    11  0.1811110108       1.987639839    
    12  0.1811110442       1.987639804    
    13  0.3014934235      0.9492161167E-02
    14  0.9039458482       0.000000000    
    15  0.9300929488       0.000000000    
    16  0.9300929524       0.000000000    
    17  0.9300929526       0.000000000    
    18   1.062077216       0.000000000    
    19   1.062077217       0.000000000    
    20   1.062077218       0.000000000    
    21   1.210659178       0.000000000    
    22   1.210664089       0.000000000    
    23   1.603800476       0.000000000    
    24   1.635582595       0.000000000    
    25   1.635582602       0.000000000    
    26   1.635582610       0.000000000    
    27   2.469450095       0.000000000    
    28   2.495868483       0.000000000    
 
 
     2  0.1666666667       0.000000000       0.000000000     : k-point, vkl
 (state, eigenvalue and occupancy below)
     1  -2.063994869       2.000000000    
     2  -2.063717721       2.000000000    
     3  -2.063717721       2.000000000    
     4 -0.4845328502       2.000000000    
     5  0.6016095150E-01   1.999999649    
     6  0.9217104727E-01   1.999994384    
     7  0.9217104849E-01   1.999994384    
     8  0.1489897178       1.999230197    
     9  0.1489897216       1.999230197    
    10  0.1579625603       1.998326306    
    11  0.2209867880       1.671440156    
    12  0.2209867898       1.671440114    
    13  0.3577886076      0.7277786132E-04
    14  0.7558667450      0.7748286587E-19
    15  0.8912115652       0.000000000    
    16  0.8912115667       0.000000000    
    17  0.9870718584       0.000000000    
    18   1.034511737       0.000000000    
    19   1.034511739       0.000000000    
    20   1.189075813       0.000000000    
    21   1.328404317       0.000000000    
    22   1.328404318       0.000000000    
    23   1.517135683       0.000000000    
    24   1.644013261       0.000000000    
    25   1.644013265       0.000000000    
    26   1.749239667       0.000000000    
    27   2.128006297       0.000000000    
    28   2.128006301       0.000000000    
 
 
     3  0.3333333333       0.000000000       0.000000000     : k-point, vkl
 (state, eigenvalue and occupancy below)
     1  -2.064610137       2.000000000    
     2  -2.063784458       2.000000000    
     3  -2.063784458       2.000000000    
     4 -0.4591257192       2.000000000    
     5 -0.2395906690E-01   2.000000000    
     6  0.5513990868E-01   1.999999773    
     7  0.5513990979E-01   1.999999773    
     8  0.1628744721       1.997440035    
     9  0.1628744806       1.997440033    
    10  0.1748685072       1.992783131    
    11  0.2679401050      0.1603838607    
    12  0.2679401062      0.1603838444    
    13  0.4299842800      0.1401322254E-06
    14  0.6373996900      0.2213483025E-14
    15  0.8011590898      0.1533333051E-20
    16  0.8011590906      0.1533332942E-20
    17   1.001521885       0.000000000    
    18   1.100875738       0.000000000    
    19   1.100875740       0.000000000    
    20   1.297114216       0.000000000    
    21   1.414679657       0.000000000    
    22   1.414679660       0.000000000    
    23   1.544808301       0.000000000    
    24   1.697806225       0.000000000    
    25   1.697806227       0.000000000    
    26   1.941073628       0.000000000    
    27   1.941073633       0.000000000    
    28   1.982408708       0.000000000    
 
 
     4  0.5000000000       0.000000000       0.000000000     : k-point, vkl
 (state, eigenvalue and occupancy below)
     1  -2.064904921       2.000000000    
     2  -2.063803989       2.000000000    
     3  -2.063803989       2.000000000    
     4 -0.4443202216       2.000000000    
     5 -0.6014369746E-01   2.000000000    
     6  0.4192699650E-01   1.999999928    
     7  0.4192699738E-01   1.999999928    
     8  0.1702199886       1.995169134    
     9  0.1702199963       1.995169131    
    10  0.1860258779       1.981143376    
    11  0.2878001045      0.3074304233E-01
    12  0.2878001070      0.3074303588E-01
    13  0.4479436354      0.2958267763E-07
    14  0.6047785969      0.3732887360E-13
    15  0.7616024364      0.4714879616E-19
    16  0.7616024365      0.4714879567E-19
    17   1.017732629       0.000000000    
    18   1.175523286       0.000000000    
    19   1.175523288       0.000000000    
    20   1.242964462       0.000000000    
    21   1.362290234       0.000000000    
    22   1.362290234       0.000000000    
    23   1.727473211       0.000000000    
    24   1.727473215       0.000000000    
    25   1.829858300       0.000000000    
    26   1.909558978       0.000000000    
    27   2.088426741       0.000000000    
    28   2.088426741       0.000000000    
 
 
     5  0.1666666667      0.1666666667       0.000000000     : k-point, vkl
 (state, eigenvalue and occupancy below)
     1  -2.064279911       2.000000000    
     2  -2.063924242       2.000000000    
     3  -2.063725972       2.000000000    
     4 -0.4690809583       2.000000000    
     5  0.1268455452E-01   1.999999994    
     6  0.6499673744E-01   1.999999466    
     7  0.6833397857E-01   1.999999287    
     8  0.1492923559       1.999209762    
     9  0.1688650983       1.995702855    
    10  0.1782526347       1.990337228    
    11  0.2046747969       1.908649454    
    12  0.2673301253      0.1683520688    
    13  0.4207086902      0.3129091960E-06
    14  0.6997589994      0.9990143234E-17
    15  0.7492452379      0.1374860706E-18
    16  0.8635867860       0.000000000    
    17  0.9788570082       0.000000000    
    18   1.079262525       0.000000000    
    19   1.120985670       0.000000000    
    20   1.328958242       0.000000000    
    21   1.382893440       0.000000000    
    22   1.429767031       0.000000000    
    23   1.439130776       0.000000000    
    24   1.600674308       0.000000000    
    25   1.755724847       0.000000000    
    26   1.855331297       0.000000000    
    27   1.934970310       0.000000000    
    28   2.097514503       0.000000000    
 
 
     6  0.3333333333      0.1666666667       0.000000000     : k-point, vkl
 (state, eigenvalue and occupancy below)
     1  -2.064677239       2.000000000    
     2  -2.064049659       2.000000000    
     3  -2.063811925       2.000000000    
     4 -0.4480788553       2.000000000    
     5 -0.3289829636E-01   2.000000000    
     6  0.3964434897E-01   1.999999941    
     7  0.4679167829E-01   1.999999890    
     8  0.1621483749       1.997595873    
     9  0.1720140021       1.994359385    
    10  0.1821440438       1.986490845    
    11  0.2372021824       1.110725539    
    12  0.2858963092      0.3615420351E-01
    13  0.4874249265      0.9683624854E-09
    14  0.6138860631      0.1696243229E-13
    15  0.6942046461      0.1616166729E-16
    16  0.7955014896      0.2502847223E-20
    17   1.074447122       0.000000000    
    18   1.101685052       0.000000000    
    19   1.132730331       0.000000000    
    20   1.371501391       0.000000000    
    21   1.389532847       0.000000000    
    22   1.438310308       0.000000000    
    23   1.599424583       0.000000000    
    24   1.715359784       0.000000000    
    25   1.802979078       0.000000000    
    26   1.841268573       0.000000000    
    27   2.050859081       0.000000000    
    28   2.114601540       0.000000000    
 
 
     7  0.5000000000      0.1666666667       0.000000000     : k-point, vkl
 (state, eigenvalue and occupancy below)
     1  -2.064784552       2.000000000    
     2  -2.063988905       2.000000000    
     3  -2.063889998       2.000000000    
     4 -0.4441447892       2.000000000    
     5 -0.4023136724E-01   2.000000000    
     6  0.3464048256E-01   1.999999961    
     7  0.4981887307E-01   1.999999857    
     8  0.1603989336       1.997933528    
     9  0.1720378740       1.994347745    
    10  0.1832296531       1.985168952    
    11  0.2615753126      0.2628290104    
    12  0.2655279272      0.1940314986    
    13  0.4968962241      0.4263796872E-09
    14  0.5955859945      0.8275682976E-13
    15  0.6970506504      0.1263107001E-16
    16  0.7879863237      0.4798442796E-20
    17   1.011752600       0.000000000    
    18   1.170864311       0.000000000    
    19   1.197420065       0.000000000    
    20   1.319266542       0.000000000    
    21   1.396704748       0.000000000    
    22   1.411760933       0.000000000    
    23   1.700832927       0.000000000    
    24   1.734603400       0.000000000    
    25   1.794063584       0.000000000    
    26   1.934824341       0.000000000    
    27   1.995647254       0.000000000    
    28   2.023793626       0.000000000    
 
 
     8  0.6666666667      0.1666666667       0.000000000     : k-point, vkl
 (state, eigenvalue and occupancy below)
     1  -2.064417942       2.000000000    
     2  -2.063889465       2.000000000    
     3  -2.063878091       2.000000000    
     4 -0.4622082073       2.000000000    
     5 -0.3420464611E-02   1.999999999    
     6  0.6038011898E-01   1.999999642    
     7  0.7306920713E-01   1.999998926    
     8  0.1405491317       1.999629326    
     9  0.1716207310       1.994547754    
    10  0.1781266670       1.990441571    
    11  0.2229861259       1.621093332    
    12  0.2505730082      0.5635645427    
    13  0.4504172070      0.2387809515E-07
    14  0.6711653502      0.1188658787E-15
    15  0.7363911544      0.4185390648E-18
    16  0.8277924847       0.000000000    
    17  0.9252895564       0.000000000    
    18   1.173281248       0.000000000    
    19   1.204564529       0.000000000    
    20   1.359910736       0.000000000    
    21   1.385384395       0.000000000    
    22   1.404273309       0.000000000    
    23   1.522163490       0.000000000    
    24   1.572592610       0.000000000    
    25   1.704162093       0.000000000    
    26   1.874606437       0.000000000    
    27   1.980140193       0.000000000    
    28   2.059699062       0.000000000    
 
 
     9  0.8333333333      0.1666666667       0.000000000     : k-point, vkl
 (state, eigenvalue and occupancy below)
     1  -2.063959498       2.000000000    
     2  -2.063804411       2.000000000    
     3  -2.063804411       2.000000000    
     4 -0.4814366601       2.000000000    
     5  0.4494614370E-01   1.999999906    
     6  0.9872381774E-01   1.999990094    
     7  0.9872466203E-01   1.999990093    
     8  0.1297917297       1.999853975    
     9  0.1725297353       1.994102491    
    10  0.1725297382       1.994102490    
    11  0.1847921187       1.983038118    
    12  0.2198691088       1.697163416    
    13  0.3833865283      0.7928763065E-05
    14  0.7771514522      0.1226392605E-19
    15  0.8407467655       0.000000000    
    16  0.8686596055       0.000000000    
    17  0.8686957572       0.000000000    
    18   1.139918028       0.000000000    
    19   1.200854503       0.000000000    
    20   1.200935272       0.000000000    
    21   1.236887759       0.000000000    
    22   1.356009666       0.000000000    
    23   1.531071044       0.000000000    
    24   1.607378442       0.000000000    
    25   1.607394995       0.000000000    
    26   1.831262365       0.000000000    
    27   2.066693784       0.000000000    
    28   2.210834604       0.000000000    
 
 
    10  0.3333333333      0.3333333333       0.000000000     : k-point, vkl
 (state, eigenvalue and occupancy below)
     1  -2.064512684       2.000000000    
     2  -2.064482997       2.000000000    
     3  -2.063958450       2.000000000    
     4 -0.4400739849       2.000000000    
     5 -0.9330657069E-02   1.999999999    
     6  0.1081073516E-01   1.999999995    
     7  0.5182024028E-01   1.999999829    
     8  0.1607995512       1.997860649    
     9  0.1685503139       1.995818182    
    10  0.1837235138       1.984525858    
    11  0.2210656909       1.669559476    
    12  0.2627528264      0.2404100814    
    13  0.5648660446      0.1183764546E-11
    14  0.5786658988      0.3582737607E-12
    15  0.6261228650      0.5877985081E-14
    16  0.8108845009      0.6604457346E-21
    17  0.9737952904       0.000000000    
    18   1.148562501       0.000000000    
    19   1.285366620       0.000000000    
    20   1.384808325       0.000000000    
    21   1.453132267       0.000000000    
    22   1.523044965       0.000000000    
    23   1.585488147       0.000000000    
    24   1.765933598       0.000000000    
    25   1.861381635       0.000000000    
    26   2.010724852       0.000000000    
    27   2.013493785       0.000000000    
    28   2.020990110       0.000000000    
 
 
    11  0.5000000000      0.3333333333       0.000000000     : k-point, vkl
 (state, eigenvalue and occupancy below)
     1  -2.064677471       2.000000000    
     2  -2.064213990       2.000000000    
     3  -2.064062340       2.000000000    
     4 -0.4433944090       2.000000000    
     5 -0.1059017750E-01   1.999999999    
     6  0.4326776110E-01   1.999999919    
     7  0.6997168653E-01   1.999999179    
     8  0.1341806150       1.999786455    
     9  0.1756811819       1.992258922    
    10  0.1799693613       1.988796949    
    11  0.2206099836       1.680302969    
    12  0.2281011680       1.466263412    
    13  0.5023581667      0.2656793975E-09
    14  0.6190063879      0.1088676083E-13
    15  0.6614607125      0.2754705745E-15
    16  0.8322674138       0.000000000    
    17  0.8869570331       0.000000000    
    18   1.290054419       0.000000000    
    19   1.323522661       0.000000000    
    20   1.398808754       0.000000000    
    21   1.462453558       0.000000000    
    22   1.499313169       0.000000000    
    23   1.681157686       0.000000000    
    24   1.731326624       0.000000000    
    25   1.750017204       0.000000000    
    26   1.780909642       0.000000000    
    27   1.888089777       0.000000000    
    28   2.012066451       0.000000000    
 
 
    12  0.6666666667      0.3333333333       0.000000000     : k-point, vkl
 (state, eigenvalue and occupancy below)
     1  -2.064500132       2.000000000    
     2  -2.064024275       2.000000000    
     3  -2.064024275       2.000000000    
     4 -0.4544848418       2.000000000    
     5 -0.9034146044E-02   1.999999999    
     6  0.8475213040E-01   1.999997046    
     7  0.8475213057E-01   1.999997046    
     8  0.1133670459       1.999964789    
     9  0.1824966712       1.986074830    
    10  0.1824966817       1.986074817    
    11  0.1921019680       1.968291489    
    12  0.2281774878       1.463673023    
    13  0.4760147217      0.2601399319E-08
    14  0.6516928846      0.6419038601E-15
    15  0.7061184769      0.5759361544E-17
    16  0.8437576978       0.000000000    
    17  0.8437576979       0.000000000    
    18   1.320993684       0.000000000    
    19   1.330056092       0.000000000    
    20   1.450665469       0.000000000    
    21   1.456099026       0.000000000    
    22   1.456099027       0.000000000    
    23   1.534518582       0.000000000    
    24   1.534518582       0.000000000    
    25   1.583496439       0.000000000    
    26   1.722362491       0.000000000    
    27   2.047522163       0.000000000    
    28   2.047522164       0.000000000    
 
 
    13  0.5000000000      0.5000000000       0.000000000     : k-point, vkl
 (state, eigenvalue and occupancy below)
     1  -2.064787962       2.000000000    
     2  -2.064144262       2.000000000    
     3  -2.064144262       2.000000000    
     4 -0.4428082847       2.000000000    
     5 -0.1025011041E-01   1.999999999    
     6  0.8484209013E-01   1.999997023    
     7  0.8484209070E-01   1.999997023    
     8  0.1052463486       1.999982573    
     9  0.1768983888       1.991402007    
    10  0.1768983888       1.991402007    
    11  0.1957622505       1.956719891    
    12  0.2157705405       1.777588370    
    13  0.4715877962      0.3816944254E-08
    14  0.6253460812      0.6287028756E-14
    15  0.6850191068      0.3580795034E-16
    16  0.8501255003       0.000000000    
    17  0.8501255007       0.000000000    
    18   1.287938033       0.000000000    
    19   1.472894957       0.000000000    
    20   1.482096716       0.000000000    
    21   1.486259041       0.000000000    
    22   1.486259042       0.000000000    
    23   1.667318565       0.000000000    
    24   1.775782930       0.000000000    
    25   1.775782930       0.000000000    
    26   1.814800686       0.000000000    
    27   1.814800686       0.000000000    
    28   1.846216749       0.000000000    
 
 
    14   0.000000000       0.000000000      0.2500000000     : k-point, vkl
 (state, eigenvalue and occupancy below)
     1  -2.064235069       2.000000000    
     2  -2.063920689       2.000000000    
     3  -2.063920688       2.000000000    
     4 -0.4675654790       2.000000000    
     5  0.8636622234E-02   1.999999996    
     6  0.8863709604E-01   1.999995865    
     7  0.8863774262E-01   1.999995864    
     8  0.1214275120       1.999929231    
     9  0.1813873297       1.987342375    
    10  0.1813875384       1.987342148    
    11  0.1883828381       1.976922466    
    12  0.2278434460       1.474951799    
    13  0.4414050411      0.5211610185E-07
    14  0.7264305594      0.9917021837E-18
    15  0.7343326447      0.5002213091E-18
    16  0.8481447238       0.000000000    
    17  0.8481630935       0.000000000    
    18   1.270921230       0.000000000    
    19   1.284073872       0.000000000    
    20   1.318701672       0.000000000    
    21   1.318834036       0.000000000    
    22   1.364128504       0.000000000    
    23   1.534213080       0.000000000    
    24   1.572759524       0.000000000    
    25   1.572796600       0.000000000    
    26   1.881703886       0.000000000    
    27   2.030526737       0.000000000    
    28   2.116611400       0.000000000    
 
 
    15  0.1666666667       0.000000000      0.2500000000     : k-point, vkl
 (state, eigenvalue and occupancy below)
     1  -2.064203253       2.000000000    
     2  -2.063788523       2.000000000    
     3  -2.063755116       2.000000000    
     4 -0.4748166549       2.000000000    
     5  0.2516796364E-01   1.999999983    
     6  0.7381095308E-01   1.999998855    
     7  0.8091888714E-01   1.999997881    
     8  0.1453883809       1.999436404    
     9  0.1619675932       1.997633177    
    10  0.1680063540       1.996010237    
    11  0.2225969823       1.631335888    
    12  0.2453361872      0.7635150097    
    13  0.3984680371      0.2147582354E-05
    14  0.7094407048      0.4319328638E-17
    15  0.8265464763       0.000000000    
    16  0.8488389272       0.000000000    
    17  0.9653667996       0.000000000    
    18   1.057811417       0.000000000    
    19   1.120855591       0.000000000    
    20   1.276579104       0.000000000    
    21   1.355227498       0.000000000    
    22   1.391828442       0.000000000    
    23   1.486407382       0.000000000    
    24   1.614738732       0.000000000    
    25   1.674567906       0.000000000    
    26   1.856194559       0.000000000    
    27   1.982593359       0.000000000    
    28   2.067867478       0.000000000    
 
 
    16  0.3333333333       0.000000000      0.2500000000     : k-point, vkl
 (state, eigenvalue and occupancy below)
     1  -2.064408560       2.000000000    
     2  -2.063848747       2.000000000    
     3  -2.063744497       2.000000000    
     4 -0.4662996471       2.000000000    
     5 -0.2518483467E-04   1.999999998    
     6  0.6158207887E-01   1.999999603    
     7  0.6518968100E-01   1.999999457    
     8  0.1537095914       1.998841697    
     9  0.1645618770       1.997037800    
    10  0.1721686923       1.994283526    
    11  0.2335285870       1.263866827    
    12  0.2675752384      0.1651078162    
    13  0.4217701500      0.2854262577E-06
    14  0.6692085046      0.1408184393E-15
    15  0.7849518314      0.6240737142E-20
    16  0.8364281596       0.000000000    
    17   1.021446370       0.000000000    
    18   1.036103700       0.000000000    
    19   1.118215693       0.000000000    
    20   1.326752720       0.000000000    
    21   1.379169986       0.000000000    
    22   1.427095725       0.000000000    
    23   1.492270560       0.000000000    
    24   1.614289310       0.000000000    
    25   1.739358790       0.000000000    
    26   1.884587528       0.000000000    
    27   1.944438399       0.000000000    
    28   2.009265689       0.000000000    
 
 
    17  0.5000000000       0.000000000      0.2500000000     : k-point, vkl
 (state, eigenvalue and occupancy below)
     1  -2.064540326       2.000000000    
     2  -2.064186082       2.000000000    
     3  -2.063813163       2.000000000    
     4 -0.4492831763       2.000000000    
     5 -0.2095846728E-01   2.000000000    
     6  0.3627111340E-01   1.999999956    
     7  0.4856263181E-01   1.999999871    
     8  0.1593622963       1.998110803    
     9  0.1749043768       1.992760758    
    10  0.1855070189       1.981964500    
    11  0.2151072043       1.788693730    
    12  0.2853698824      0.3780881700E-01
    13  0.4989722029      0.3562158629E-09
    14  0.6451851010      0.1127834975E-14
    15  0.6463401903      0.1020468224E-14
    16  0.8097521392      0.7284980017E-21
    17   1.045843571       0.000000000    
    18   1.094735828       0.000000000    
    19   1.174162169       0.000000000    
    20   1.367678467       0.000000000    
    21   1.443302394       0.000000000    
    22   1.453208984       0.000000000    
    23   1.554162253       0.000000000    
    24   1.696959096       0.000000000    
    25   1.730645695       0.000000000    
    26   1.961452120       0.000000000    
    27   1.972149836       0.000000000    
    28   2.146596836       0.000000000    
 
 
    18  0.6666666667       0.000000000      0.2500000000     : k-point, vkl
 (state, eigenvalue and occupancy below)
     1  -2.064696109       2.000000000    
     2  -2.064235226       2.000000000    
     3  -2.063942074       2.000000000    
     4 -0.4409093712       2.000000000    
     5 -0.2482375149E-01   2.000000000    
     6  0.2283012728E-01   1.999999986    
     7  0.5088938320E-01   1.999999843    
     8  0.1604579160       1.997922956    
     9  0.1700141666       1.995254282    
    10  0.1825278761       1.986037409    
    11  0.2356419617       1.176864480    
    12  0.2634672520      0.2276274919    
    13  0.5419774638      0.8593450238E-11
    14  0.5785129375      0.3630515515E-12
    15  0.6532251234      0.5621319733E-15
    16  0.8025092572      0.1364121330E-20
    17  0.9848989274       0.000000000    
    18   1.166754869       0.000000000    
    19   1.250037489       0.000000000    
    20   1.373993925       0.000000000    
    21   1.435610151       0.000000000    
    22   1.441071150       0.000000000    
    23   1.664686708       0.000000000    
    24   1.782268178       0.000000000    
    25   1.842455129       0.000000000    
    26   1.948016029       0.000000000    
    27   1.960937816       0.000000000    
    28   2.027377766       0.000000000    
 
 
    19  0.8333333333       0.000000000      0.2500000000     : k-point, vkl
 (state, eigenvalue and occupancy below)
     1  -2.064578315       2.000000000    
     2  -2.064049549       2.000000000    
     3  -2.063986171       2.000000000    
     4 -0.4507325362       2.000000000    
     5 -0.1461962686E-01   1.999999999    
     6  0.5097082571E-01   1.999999842    
     7  0.6997005020E-01   1.999999179    
     8  0.1364888416       1.999739206    
     9  0.1759854197       1.992053063    
    10  0.1814697666       1.987252260    
    11  0.2219097871       1.648897556    
    12  0.2428522751      0.8673011593    
    13  0.4907013399      0.7291268198E-09
    14  0.6331389382      0.3201361690E-14
    15  0.6838085109      0.3976612645E-16
    16  0.8253583770       0.000000000    
    17  0.9014928087       0.000000000    
    18   1.265505241       0.000000000    
    19   1.306359713       0.000000000    
    20   1.337701450       0.000000000    
    21   1.430563267       0.000000000    
    22   1.455375309       0.000000000    
    23   1.569830732       0.000000000    
    24   1.621815112       0.000000000    
    25   1.747545309       0.000000000    
    26   1.792918851       0.000000000    
    27   1.928948000       0.000000000    
    28   2.123374801       0.000000000    
 
 
    20  0.1666666667      0.1666666667      0.2500000000     : k-point, vkl
 (state, eigenvalue and occupancy below)
     1  -2.064080177       2.000000000    
     2  -2.063832345       2.000000000    
     3  -2.063747104       2.000000000    
     4 -0.4780498184       2.000000000    
     5  0.3646095301E-01   1.999999955    
     6  0.8372038148E-01   1.999997299    
     7  0.8661415468E-01   1.999996529    
     8  0.1398209102       1.999651978    
     9  0.1645973214       1.997028706    
    10  0.1736886483       1.993481865    
    11  0.1979323179       1.948003793    
    12  0.2393301259       1.019032193    
    13  0.3919541367      0.3775331702E-05
    14  0.7428723254      0.2387599079E-18
    15  0.8028037337      0.1329771233E-20
    16  0.8867120040       0.000000000    
    17  0.9174216924       0.000000000    
    18   1.094271551       0.000000000    
    19   1.134554293       0.000000000    
    20   1.270883759       0.000000000    
    21   1.295660780       0.000000000    
    22   1.382849415       0.000000000    
    23   1.493323240       0.000000000    
    24   1.605974943       0.000000000    
    25   1.659175149       0.000000000    
    26   1.842018277       0.000000000    
    27   1.998787175       0.000000000    
    28   2.174333612       0.000000000    
 
 
    21  0.3333333333      0.1666666667      0.2500000000     : k-point, vkl
 (state, eigenvalue and occupancy below)
     1  -2.064316071       2.000000000    
     2  -2.063950484       2.000000000    
     3  -2.063857852       2.000000000    
     4 -0.4647834611       2.000000000    
     5  0.3916260457E-02   1.999999997    
     6  0.7443581688E-01   1.999998791    
     7  0.7501338867E-01   1.999998729    
     8  0.1347055191       1.999776524    
     9  0.1740988576       1.993246930    
    10  0.1818976121       1.986774224    
    11  0.2021990987       1.925623034    
    12  0.2441712606      0.8116726423    
    13  0.4472552136      0.3140009131E-07
    14  0.7075659333      0.5080793467E-17
    15  0.7151745218      0.2628764500E-17
    16  0.8432898579       0.000000000    
    17  0.8913650307       0.000000000    
    18   1.212968836       0.000000000    
    19   1.221981406       0.000000000    
    20   1.344113460       0.000000000    
    21   1.386663348       0.000000000    
    22   1.400645232       0.000000000    
    23   1.482625155       0.000000000    
    24   1.577597576       0.000000000    
    25   1.658909139       0.000000000    
    26   1.866930404       0.000000000    
    27   2.038002443       0.000000000    
    28   2.089984725       0.000000000    
 
 
    22  0.5000000000      0.1666666667      0.2500000000     : k-point, vkl
 (state, eigenvalue and occupancy below)
     1  -2.064657757       2.000000000    
     2  -2.064089156       2.000000000    
     3  -2.063923198       2.000000000    
     4 -0.4465373932       2.000000000    
     5 -0.2439602095E-01   2.000000000    
     6  0.3747487481E-01   1.999999951    
     7  0.5475989389E-01   1.999999780    
     8  0.1523347800       1.998971652    
     9  0.1740389385       1.993281766    
    10  0.1820591800       1.986589107    
    11  0.2334061081       1.268794343    
    12  0.2621921115      0.2508723204    
    13  0.5063397085      0.1881920112E-09
    14  0.6097139764      0.2434510993E-13
    15  0.6777049037      0.6746626681E-16
    16  0.8001746604      0.1669796638E-20
    17  0.9710811131       0.000000000    
    18   1.175378342       0.000000000    
    19   1.263217425       0.000000000    
    20   1.362598948       0.000000000    
    21   1.409092386       0.000000000    
    22   1.428809276       0.000000000    
    23   1.619290542       0.000000000    
    24   1.722625026       0.000000000    
    25   1.803287125       0.000000000    
    26   1.827369963       0.000000000    
    27   1.958620857       0.000000000    
    28   2.092130842       0.000000000    
 
 
    23  0.6666666667      0.1666666667      0.2500000000     : k-point, vkl
 (state, eigenvalue and occupancy below)
     1  -2.064702260       2.000000000    
     2  -2.064163741       2.000000000    
     3  -2.063895213       2.000000000    
     4 -0.4425782619       2.000000000    
     5 -0.3070900706E-01   2.000000000    
     6  0.2946661479E-01   1.999999975    
     7  0.4668870640E-01   1.999999891    
     8  0.1645048545       1.997052371    
     9  0.1698421905       1.995324278    
    10  0.1825863772       1.985966984    
    11  0.2358374704       1.168651040    
    12  0.2737762807      0.9992838356E-01
    13  0.5263235845      0.3333902180E-10
    14  0.5901441742      0.1325823210E-12
    15  0.6655695255      0.1929885318E-15
    16  0.7886188606      0.4542645773E-20
    17   1.055913836       0.000000000    
    18   1.083044944       0.000000000    
    19   1.238136989       0.000000000    
    20   1.386996235       0.000000000    
    21   1.410040194       0.000000000    
    22   1.430562640       0.000000000    
    23   1.631848621       0.000000000    
    24   1.790241814       0.000000000    
    25   1.822064926       0.000000000    
    26   1.876693129       0.000000000    
    27   2.016080382       0.000000000    
    28   2.105083438       0.000000000    
 
 
    24  0.8333333333      0.1666666667      0.2500000000     : k-point, vkl
 (state, eigenvalue and occupancy below)
     1  -2.064455466       2.000000000    
     2  -2.064052267       2.000000000    
     3  -2.063801989       2.000000000    
     4 -0.4576995035       2.000000000    
     5 -0.9444207602E-02   1.999999999    
     6  0.5344160272E-01   1.999999804    
     7  0.5608500765E-01   1.999999753    
     8  0.1508664441       1.999094395    
     9  0.1745995395       1.992948715    
    10  0.1833624733       1.984998651    
    11  0.2098361717       1.860746645    
    12  0.2738010156      0.9972520801E-01
    13  0.4658326387      0.6283231480E-08
    14  0.6706057026      0.1247691114E-15
    15  0.6866103460      0.3119813233E-16
    16  0.8259864541       0.000000000    
    17  0.9739156554       0.000000000    
    18   1.149334110       0.000000000    
    19   1.171449841       0.000000000    
    20   1.351619049       0.000000000    
    21   1.419568767       0.000000000    
    22   1.450413114       0.000000000    
    23   1.503709396       0.000000000    
    24   1.600632326       0.000000000    
    25   1.766939385       0.000000000    
    26   1.847096618       0.000000000    
    27   2.027049788       0.000000000    
    28   2.071572898       0.000000000    
 
 
    25  0.3333333333      0.3333333333      0.2500000000     : k-point, vkl
 (state, eigenvalue and occupancy below)
     1  -2.064527909       2.000000000    
     2  -2.064069074       2.000000000    
     3  -2.063996001       2.000000000    
     4 -0.4525172553       2.000000000    
     5 -0.1087353878E-01   1.999999999    
     6  0.6711592675E-01   1.999999359    
     7  0.7082828941E-01   1.999999116    
     8  0.1300432244       1.999850760    
     9  0.1780371502       1.990515039    
    10  0.1826068353       1.985942273    
    11  0.2045136905       1.909858157    
    12  0.2387879937       1.042485000    
    13  0.4848036895      0.1215149923E-08
    14  0.6470704545      0.9579266326E-15
    15  0.6855545801      0.3418525665E-16
    16  0.8299401750       0.000000000    
    17  0.8807967882       0.000000000    
    18   1.271275574       0.000000000    
    19   1.340886134       0.000000000    
    20   1.371155550       0.000000000    
    21   1.447863861       0.000000000    
    22   1.481788712       0.000000000    
    23   1.518364461       0.000000000    
    24   1.578342188       0.000000000    
    25   1.679107110       0.000000000    
    26   1.768984845       0.000000000    
    27   2.026064290       0.000000000    
    28   2.032257993       0.000000000    
 
 
    26  0.5000000000      0.3333333333      0.2500000000     : k-point, vkl
 (state, eigenvalue and occupancy below)
     1  -2.064649067       2.000000000    
     2  -2.064272178       2.000000000    
     3  -2.064022221       2.000000000    
     4 -0.4411832526       2.000000000    
     5 -0.1233223189E-01   1.999999999    
     6  0.2584211484E-01   1.999999982    
     7  0.5452259754E-01   1.999999785    
     8  0.1519181816       1.999008075    
     9  0.1729614849       1.993878482    
    10  0.1807456595       1.988022509    
    11  0.2266114720       1.515207797    
    12  0.2462140429      0.7279636503    
    13  0.5336738677      0.1763959323E-10
    14  0.5998389393      0.5725836489E-13
    15  0.6489928359      0.8110100089E-15
    16  0.7977243647      0.2064552442E-20
    17  0.9547655720       0.000000000    
    18   1.178946925       0.000000000    
    19   1.360138993       0.000000000    
    20   1.374839466       0.000000000    
    21   1.437437091       0.000000000    
    22   1.457709235       0.000000000    
    23   1.707111236       0.000000000    
    24   1.750606417       0.000000000    
    25   1.790049546       0.000000000    
    26   1.885209728       0.000000000    
    27   1.943617635       0.000000000    
    28   1.996784124       0.000000000    
 
 
    27  0.6666666667      0.3333333333      0.2500000000     : k-point, vkl
 (state, eigenvalue and occupancy below)
     1  -2.064564049       2.000000000    
     2  -2.064326449       2.000000000    
     3  -2.063908426       2.000000000    
     4 -0.4427962348       2.000000000    
     5 -0.1869426405E-01   2.000000000    
     6  0.2430276942E-01   1.999999984    
     7  0.4726205515E-01   1.999999885    
     8  0.1628914295       1.997436278    
     9  0.1710504518       1.994809816    
    10  0.1844054960       1.983592085    
    11  0.2180498348       1.735470541    
    12  0.2727643381      0.1085844847    
    13  0.5417022647      0.8800727150E-11
    14  0.6033836054      0.4212251901E-13
    15  0.6346889356      0.2799207514E-14
    16  0.7953034938      0.2546135454E-20
    17   1.056952641       0.000000000    
    18   1.059850586       0.000000000    
    19   1.272699094       0.000000000    
    20   1.396136008       0.000000000    
    21   1.433361630       0.000000000    
    22   1.490147276       0.000000000    
    23   1.560853046       0.000000000    
    24   1.732358811       0.000000000    
    25   1.846474014       0.000000000    
    26   1.920109516       0.000000000    
    27   2.002254653       0.000000000    
    28   2.080765660       0.000000000    
 
 
    28  0.8333333333      0.3333333333      0.2500000000     : k-point, vkl
 (state, eigenvalue and occupancy below)
     1  -2.064571249       2.000000000    
     2  -2.063947509       2.000000000    
     3  -2.063804098       2.000000000    
     4 -0.4556187212       2.000000000    
     5 -0.2027784128E-01   2.000000000    
     6  0.4870215691E-01   1.999999870    
     7  0.5713650737E-01   1.999999730    
     8  0.1538794369       1.998824542    
     9  0.1714459739       1.994629433    
    10  0.1795330919       1.989210105    
    11  0.2350692412       1.200779552    
    12  0.2744154469      0.9480214903E-01
    13  0.4623055580      0.8527981037E-08
    14  0.6380636056      0.2089798968E-14
    15  0.7257203595      0.1054614728E-17
    16  0.8093917251      0.7515961136E-21
    17  0.9966205110       0.000000000    
    18   1.125674016       0.000000000    
    19   1.164849474       0.000000000    
    20   1.352332122       0.000000000    
    21   1.385034117       0.000000000    
    22   1.434097318       0.000000000    
    23   1.584171008       0.000000000    
    24   1.601421818       0.000000000    
    25   1.798644751       0.000000000    
    26   1.840970573       0.000000000    
    27   1.963015881       0.000000000    
    28   2.085306654       0.000000000    
 
 
    29  0.5000000000      0.5000000000      0.2500000000     : k-point, vkl
 (state, eigenvalue and occupancy below)
     1  -2.064472888       2.000000000    
     2  -2.064472888       2.000000000    
     3  -2.064131820       2.000000000    
     4 -0.4385809666       2.000000000    
     5  0.1537602782E-01   1.999999993    
     6  0.1537602865E-01   1.999999993    
     7  0.3339933537E-01   1.999999965    
     8  0.1677331118       1.996103362    
     9  0.1677331228       1.996103359    
    10  0.1767649715       1.991500363    
    11  0.2108150781       1.849353929    
    12  0.2415201510      0.9243440954    
    13  0.5556200733      0.2636523483E-11
    14  0.6299442839      0.4221768800E-14
    15  0.6299442858      0.4221768120E-14
    16  0.7361244700      0.4283184001E-18
    17   1.057120870       0.000000000    
    18   1.057120871       0.000000000    
    19   1.369112844       0.000000000    
    20   1.424953644       0.000000000    
    21   1.512844317       0.000000000    
    22   1.622465242       0.000000000    
    23   1.622465242       0.000000000    
    24   1.645127776       0.000000000    
    25   1.810399617       0.000000000    
    26   1.888374875       0.000000000    
    27   1.888374876       0.000000000    
    28   2.002962878       0.000000000    
 
 
    30  0.6666666667      0.6666666667      0.2500000000     : k-point, vkl
 (state, eigenvalue and occupancy below)
     1  -2.064591528       2.000000000    
     2  -2.064399858       2.000000000    
     3  -2.064055474       2.000000000    
     4 -0.4395396086       2.000000000    
     5  0.3223612876E-02   1.999999997    
     6  0.1340304287E-01   1.999999994    
     7  0.5448173823E-01   1.999999785    
     8  0.1520038763       1.999000690    
     9  0.1720687208       1.994332667    
    10  0.1804066636       1.988367032    
    11  0.2185960375       1.724422008    
    12  0.2419049647      0.9077981791    
    13  0.5368406937      0.1340835696E-10
    14  0.6201905667      0.9825586307E-14
    15  0.6244144805      0.6815308237E-14
    16  0.7962945262      0.2336716684E-20
    17  0.9498222597       0.000000000    
    18   1.177316112       0.000000000    
    19   1.358605117       0.000000000    
    20   1.391257258       0.000000000    
    21   1.447974510       0.000000000    
    22   1.599318454       0.000000000    
    23   1.604755998       0.000000000    
    24   1.802819702       0.000000000    
    25   1.826973728       0.000000000    
    26   1.834320820       0.000000000    
    27   1.913138798       0.000000000    
    28   2.027983787       0.000000000    
 
 
    31  0.8333333333      0.6666666667      0.2500000000     : k-point, vkl
 (state, eigenvalue and occupancy below)
     1  -2.064518751       2.000000000    
     2  -2.064433433       2.000000000    
     3  -2.064048506       2.000000000    
     4 -0.4394779564       2.000000000    
     5 -0.1569577301E-02   1.999999998    
     6  0.1749331174E-01   1.999999991    
     7  0.4286721765E-01   1.999999921    
     8  0.1656792389       1.996737308    
     9  0.1673440329       1.996232236    
    10  0.1800207647       1.988747245    
    11  0.2162278411       1.769637899    
    12  0.2505453227      0.5645355666    
    13  0.5619253108      0.1527124291E-11
    14  0.6034057615      0.4204176941E-13
    15  0.6306948383      0.3956070638E-14
    16  0.7626895786      0.4291214389E-19
    17   1.051789613       0.000000000    
    18   1.057883033       0.000000000    
    19   1.389097202       0.000000000    
    20   1.417636213       0.000000000    
    21   1.419140681       0.000000000    
    22   1.561168579       0.000000000    
    23   1.566465282       0.000000000    
    24   1.794812423       0.000000000    
    25   1.825919700       0.000000000    
    26   1.897272017       0.000000000    
    27   1.906511506       0.000000000    
    28   2.054132640       0.000000000    
 
 
    32  0.8333333333      0.8333333333      0.2500000000     : k-point, vkl
 (state, eigenvalue and occupancy below)
     1  -2.064624372       2.000000000    
     2  -2.064275705       2.000000000    
     3  -2.064083491       2.000000000    
     4 -0.4416172186       2.000000000    
     5 -0.7576889474E-02   1.999999999    
     6  0.3806199724E-01   1.999999948    
     7  0.4773553654E-01   1.999999880    
     8  0.1506559032       1.999110751    
     9  0.1750505817       1.992668848    
    10  0.1792795287       1.989443234    
    11  0.2126093770       1.826227463    
    12  0.2430057602      0.8607776357    
    13  0.5275076008      0.3008976219E-10
    14  0.6178369223      0.1204718244E-13
    15  0.6476278996      0.9127780917E-15
    16  0.7819953447      0.8061900860E-20
    17  0.9567221146       0.000000000    
    18   1.173621205       0.000000000    
    19   1.360214796       0.000000000    
    20   1.438147342       0.000000000    
    21   1.464290434       0.000000000    
    22   1.530366807       0.000000000    
    23   1.547150865       0.000000000    
    24   1.752740342       0.000000000    
    25   1.850149928       0.000000000    
    26   1.878286455       0.000000000    
    27   1.879024944       0.000000000    
    28   2.021324152       0.000000000    
 
 
    33  0.1666666667      0.1666666667      0.5000000000     : k-point, vkl
 (state, eigenvalue and occupancy below)
     1  -2.064571297       2.000000000    
     2  -2.064176286       2.000000000    
     3  -2.063929770       2.000000000    
     4 -0.4477013243       2.000000000    
     5 -0.1595366619E-01   2.000000000    
     6  0.4356427648E-01   1.999999917    
     7  0.5235260861E-01   1.999999821    
     8  0.1504240185       1.999128424    
     9  0.1760884700       1.991982106    
    10  0.1834093305       1.984938109    
    11  0.2131059391       1.819281265    
    12  0.2618942174      0.2565877616    
    13  0.5090769938      0.1484719395E-09
    14  0.6327511945      0.3310692522E-14
    15  0.6547613898      0.4921019655E-15
    16  0.8026188123      0.1351239507E-20
    17  0.9612342323       0.000000000    
    18   1.164819969       0.000000000    
    19   1.309001628       0.000000000    
    20   1.370515925       0.000000000    
    21   1.439493143       0.000000000    
    22   1.464948434       0.000000000    
    23   1.538570600       0.000000000    
    24   1.700193238       0.000000000    
    25   1.736390111       0.000000000    
    26   1.891268891       0.000000000    
    27   1.976456871       0.000000000    
    28   2.061694408       0.000000000    
 
 
    34  0.6666666667      0.1666666667      0.5000000000     : k-point, vkl
 (state, eigenvalue and occupancy below)
     1  -2.064630655       2.000000000    
     2  -2.064301273       2.000000000    
     3  -2.064005235       2.000000000    
     4 -0.4400623219       2.000000000    
     5 -0.1483278117E-01   1.999999999    
     6  0.2249369908E-01   1.999999987    
     7  0.4550418688E-01   1.999999901    
     8  0.1659832743       1.996650401    
     9  0.1663426353       1.996544695    
    10  0.1806806266       1.988089379    
    11  0.2269192535       1.505350507    
    12  0.2555512651      0.4062786892    
    13  0.5694616266      0.7950837908E-12
    14  0.5719331264      0.6418787821E-12
    15  0.6470773874      0.9573516305E-15
    16  0.7737509380      0.1646387950E-19
    17   1.041865061       0.000000000    
    18   1.072901296       0.000000000    
    19   1.375218983       0.000000000    
    20   1.391531758       0.000000000    
    21   1.417262244       0.000000000    
    22   1.437750327       0.000000000    
    23   1.710838457       0.000000000    
    24   1.738730678       0.000000000    
    25   1.812102658       0.000000000    
    26   1.891001999       0.000000000    
    27   2.030027860       0.000000000    
    28   2.046798570       0.000000000    
 
 
    35  0.8333333333      0.1666666667      0.5000000000     : k-point, vkl
 (state, eigenvalue and occupancy below)
     1  -2.064635901       2.000000000    
     2  -2.064315180       2.000000000    
     3  -2.064148324       2.000000000    
     4 -0.4396833030       2.000000000    
     5  0.7377188733E-03   1.999999998    
     6  0.3630203911E-01   1.999999956    
     7  0.4350138722E-01   1.999999917    
     8  0.1512495168       1.999063861    
     9  0.1750638153       1.992660472    
    10  0.1767656220       1.991499886    
    11  0.2100574672       1.858243017    
    12  0.2348364856       1.210432459    
    13  0.5272713130      0.3071186496E-10
    14  0.6243888301      0.6830465202E-14
    15  0.6456336259      0.1084864024E-14
    16  0.7704840326      0.2184788702E-19
    17  0.9562268755       0.000000000    
    18   1.180418577       0.000000000    
    19   1.343268342       0.000000000    
    20   1.445263187       0.000000000    
    21   1.504296056       0.000000000    
    22   1.599386778       0.000000000    
    23   1.664139102       0.000000000    
    24   1.671268040       0.000000000    
    25   1.796409403       0.000000000    
    26   1.811520333       0.000000000    
    27   1.938471530       0.000000000    
    28   2.040050724       0.000000000    
 
