   81.44515977    
   50.47599984    
   50.57033921    
   50.56928755    
   50.51575825    
   50.02222809    
   62.83391488    
   93.81355569    
   130.7019331    
   77.20142576    
   91.76995994    
   64.70062301    
   43.35105533    
   49.62531207    
   48.01840647    
   47.85028372    
   47.95238741    
   47.92395808    
   47.88896432    
   47.87808694    
   47.88090173    
   47.88621698    
   47.88570737    
   47.88554378    
   47.88579778    
   47.88570233    
   47.88571497    
