    0.329033573753E-03
    0.104054549690E-02
    0.114374864327E-02
    0.116640064112E-02
    0.113860909941E-02
    0.234558157951E-02
    0.138516906083E-02
    0.875089113286E-03
    0.329413646760E-03
    0.246640575725E-02
    0.111784037057E-02
    0.142129706530E-02
    0.176567252888E-02
    0.297290244506E-02
    0.247077242125E-02
    0.219218014866E-02
    0.228022904184E-02
    0.224762850888E-02
    0.219812232672E-02
    0.218104513118E-02
    0.218357695738E-02
    0.219023776614E-02
    0.218999587045E-02
    0.218983562581E-02
    0.219012338093E-02
    0.219001481652E-02
    0.219002508164E-02
