 
+----------------------------+
| Real-space lattice vectors |
+----------------------------+
 
vector a1 :    3.958977809       3.958977809       0.000000000    
vector a2 :    3.958977809      -3.958977809       0.000000000    
vector a3 :    3.958977809       0.000000000       3.958977809    
 
Stored column-wise as a matrix :
   3.958977809       3.958977809       3.958977809    
   3.958977809      -3.958977809       0.000000000    
   0.000000000       0.000000000       3.958977809    
 
Inverse of matrix :
  0.1262952267      0.1262952267     -0.1262952267    
  0.1262952267     -0.1262952267     -0.1262952267    
   0.000000000       0.000000000      0.2525904535    
 
Unit cell volume :    124.1021193    
 
 
+----------------------------------+
| Reciprocal-space lattice vectors |
+----------------------------------+
 
vector b1 :   0.7935363129      0.7935363129     -0.7935363129    
vector b2 :   0.7935363129     -0.7935363129     -0.7935363129    
vector b3 :    0.000000000       0.000000000       1.587072626    
 
Stored column-wise as a matrix :
  0.7935363129      0.7935363129       0.000000000    
  0.7935363129     -0.7935363129       0.000000000    
 -0.7935363129     -0.7935363129       1.587072626    
 
Inverse of matrix :
  0.6300908879      0.6300908879       0.000000000    
  0.6300908879     -0.6300908879       0.000000000    
  0.6300908879       0.000000000      0.6300908879    
 
Brillouin zone volume :    1.998758884    
