    -1598.88947577    
    -1600.50145893    
    -1600.48760435    
    -1600.48380832    
    -1600.46469688    
    -1605.19898604    
    -1692.13625621    
    -1741.64273067    
    -1750.21270378    
    -1725.14326110    
    -1571.90773487    
    -1576.56062670    
    -1600.80252719    
    -1591.98593849    
    -1593.20716137    
    -1593.28675425    
    -1593.21128117    
    -1593.23879586    
    -1593.28697007    
    -1593.30511099    
    -1593.30273652    
    -1593.29730825    
    -1593.29773841    
    -1593.29785273    
    -1593.29761759    
    -1593.29771978    
    -1593.29771113    
