 
 
   1   1   2 : species, atom, l
 
   1   1 : ispn, jspn; m1, m2, vmatmt below
    -2    -2  -0.3079810405E-01 -0.2956251264E-19
    -2    -1   0.4037036532E-18  0.8024708102E-34
    -2     0   0.6419766481E-34  0.2964433655E-34
    -2     1  -0.4037036532E-18 -0.1604941620E-33
    -2     2   0.1977894296E-01  0.1626281725E-17
    -1    -2   0.4037036532E-18  0.3209883241E-34
    -1    -1  -0.5057704701E-01 -0.4102962506E-19
    -1     0  -0.9888679576E-18  0.3209883241E-33
    -1     1    0.000000000      0.1398054615E-34
    -1     2   0.4037036532E-18  0.1123459134E-33
     0    -2   0.1283953296E-33 -0.1425474512E-49
     0    -1  -0.9888679576E-18 -0.3209883241E-33
     0     0  -0.1101916108E-01 -0.1809540022E-19
     0     1   0.9888679576E-18   0.000000000    
     0     2  -0.1925929944E-33  0.7127372560E-49
     1    -2  -0.4037036532E-18  0.6419766481E-34
     1    -1  -0.2567906593E-33  0.9654726935E-35
     1     0   0.9888679576E-18 -0.6419766481E-34
     1     1  -0.5057704701E-01 -0.4102962506E-19
     1     2  -0.4037036532E-18 -0.9629649722E-34
     2    -2   0.1977894296E-01 -0.1603347500E-17
     2    -1   0.4037036532E-18 -0.6419766481E-34
     2     0    0.000000000      0.5815866041E-35
     2     1  -0.4037036532E-18  0.9629649722E-34
     2     2  -0.3079810405E-01 -0.2956251264E-19
