 
Distance between is =    1 (Li), ia =    1 and
 is =    1 (Li), ia =    1 :    0.000000000    
 is =    2 (Zn), ia =    1 :    4.998926339    
 is =    2 (Zn), ia =    2 :    4.998926339    
 is =    3 (Pt), ia =    1 :    5.772262935    
 
Distance between is =    2 (Zn), ia =    1 and
 is =    1 (Li), ia =    1 :    4.998926339    
 is =    2 (Zn), ia =    1 :    0.000000000    
 is =    2 (Zn), ia =    2 :    5.772262935    
 is =    3 (Pt), ia =    1 :    4.998926339    
 
Distance between is =    2 (Zn), ia =    2 and
 is =    1 (Li), ia =    1 :    4.998926339    
 is =    2 (Zn), ia =    1 :    5.772262935    
 is =    2 (Zn), ia =    2 :    0.000000000    
 is =    3 (Pt), ia =    1 :    4.998926339    
 
Distance between is =    3 (Pt), ia =    1 and
 is =    1 (Li), ia =    1 :    5.772262935    
 is =    2 (Zn), ia =    1 :    4.998926339    
 is =    2 (Zn), ia =    2 :    4.998926339    
 is =    3 (Pt), ia =    1 :    0.000000000    
