 
Species :    1 (Li), atom :    1
 APW functions :
  l =  0, energy derivative =  0 :   0.1164679679    
  l =  1, energy derivative =  0 :   0.1164679679    
  l =  2, energy derivative =  0 :   0.1164679679    
  l =  3, energy derivative =  0 :   0.1164679679    
  l =  4, energy derivative =  0 :   0.1164679679    
  l =  5, energy derivative =  0 :   0.1164679679    
  l =  6, energy derivative =  0 :   0.1164679679    
  l =  7, energy derivative =  0 :   0.1164679679    
  l =  8, energy derivative =  0 :   0.1164679679    
  l =  9, energy derivative =  0 :   0.1164679679    
 local-orbital functions :
  l.o. =  1, l =  0, energy derivative =  0 :   0.1164679679    
  l.o. =  1, l =  0, energy derivative =  1 :   0.1164679679    
  l.o. =  2, l =  1, energy derivative =  0 :   0.1164679679    
  l.o. =  2, l =  1, energy derivative =  1 :   0.1164679679    
  l.o. =  3, l =  0, energy derivative =  0 :   0.1164679679    
  l.o. =  3, l =  0, energy derivative =  0 :   -1.430893341    
  l.o. =  4, l =  2, energy derivative =  0 :   0.1164679679    
  l.o. =  4, l =  2, energy derivative =  1 :   0.1164679679    
  l.o. =  5, l =  3, energy derivative =  0 :   0.1164679679    
  l.o. =  5, l =  3, energy derivative =  1 :   0.1164679679    
  l.o. =  6, l =  0, energy derivative =  0 :    2.050842147    
  l.o. =  6, l =  0, energy derivative =  1 :    2.050842147    
  l.o. =  6, l =  0, energy derivative =  2 :    2.050842147    
  l.o. =  7, l =  1, energy derivative =  0 :    1.486093281    
  l.o. =  7, l =  1, energy derivative =  1 :    1.486093281    
  l.o. =  7, l =  1, energy derivative =  2 :    1.486093281    
  l.o. =  8, l =  2, energy derivative =  0 :    3.299049839    
  l.o. =  8, l =  2, energy derivative =  1 :    3.299049839    
  l.o. =  8, l =  2, energy derivative =  2 :    3.299049839    
  l.o. =  9, l =  3, energy derivative =  0 :    5.355085945    
  l.o. =  9, l =  3, energy derivative =  1 :    5.355085945    
  l.o. =  9, l =  3, energy derivative =  2 :    5.355085945    
  l.o. = 10, l =  4, energy derivative =  0 :    7.736363049    
  l.o. = 10, l =  4, energy derivative =  1 :    7.736363049    
  l.o. = 10, l =  4, energy derivative =  2 :    7.736363049    
  l.o. = 11, l =  5, energy derivative =  0 :    10.45876080    
  l.o. = 11, l =  5, energy derivative =  1 :    10.45876080    
  l.o. = 11, l =  5, energy derivative =  2 :    10.45876080    
  l.o. = 12, l =  6, energy derivative =  0 :    13.52564934    
  l.o. = 12, l =  6, energy derivative =  1 :    13.52564934    
  l.o. = 12, l =  6, energy derivative =  2 :    13.52564934    
  l.o. = 13, l =  7, energy derivative =  0 :    16.93692017    
  l.o. = 13, l =  7, energy derivative =  1 :    16.93692017    
  l.o. = 13, l =  7, energy derivative =  2 :    16.93692017    
 
Species :    2 (Zn), atom :    1
 APW functions :
  l =  0, energy derivative =  0 :   0.1164679679    
  l =  1, energy derivative =  0 :   0.1164679679    
  l =  2, energy derivative =  0 :   0.1164679679    
  l =  3, energy derivative =  0 :   0.1164679679    
  l =  4, energy derivative =  0 :   0.1164679679    
  l =  5, energy derivative =  0 :   0.1164679679    
  l =  6, energy derivative =  0 :   0.1164679679    
  l =  7, energy derivative =  0 :   0.1164679679    
  l =  8, energy derivative =  0 :   0.1164679679    
  l =  9, energy derivative =  0 :   0.1164679679    
 local-orbital functions :
  l.o. =  1, l =  0, energy derivative =  0 :   0.1164679679    
  l.o. =  1, l =  0, energy derivative =  1 :   0.1164679679    
  l.o. =  2, l =  1, energy derivative =  0 :   0.1164679679    
  l.o. =  2, l =  1, energy derivative =  1 :   0.1164679679    
  l.o. =  3, l =  2, energy derivative =  0 :   0.1164679679    
  l.o. =  3, l =  2, energy derivative =  1 :   0.1164679679    
  l.o. =  4, l =  1, energy derivative =  0 :   0.1164679679    
  l.o. =  4, l =  1, energy derivative =  0 :   -2.690941259    
  l.o. =  5, l =  2, energy derivative =  0 :   0.1164679679    
  l.o. =  5, l =  2, energy derivative =  0 :   0.9965892147E-02
  l.o. =  6, l =  3, energy derivative =  0 :   0.1164679679    
  l.o. =  6, l =  3, energy derivative =  1 :   0.1164679679    
  l.o. =  7, l =  4, energy derivative =  0 :   0.1164679679    
  l.o. =  7, l =  4, energy derivative =  1 :   0.1164679679    
  l.o. =  8, l =  0, energy derivative =  0 :   0.7026802662    
  l.o. =  8, l =  0, energy derivative =  1 :   0.7026802662    
  l.o. =  8, l =  0, energy derivative =  2 :   0.7026802662    
  l.o. =  9, l =  1, energy derivative =  0 :    1.227213408    
  l.o. =  9, l =  1, energy derivative =  1 :    1.227213408    
  l.o. =  9, l =  1, energy derivative =  2 :    1.227213408    
  l.o. = 10, l =  2, energy derivative =  0 :    2.211470634    
  l.o. = 10, l =  2, energy derivative =  1 :    2.211470634    
  l.o. = 10, l =  2, energy derivative =  2 :    2.211470634    
  l.o. = 11, l =  3, energy derivative =  0 :    2.738692810    
  l.o. = 11, l =  3, energy derivative =  1 :    2.738692810    
  l.o. = 11, l =  3, energy derivative =  2 :    2.738692810    
  l.o. = 12, l =  4, energy derivative =  0 :    4.379694516    
  l.o. = 12, l =  4, energy derivative =  1 :    4.379694516    
  l.o. = 12, l =  4, energy derivative =  2 :    4.379694516    
  l.o. = 13, l =  5, energy derivative =  0 :    6.143216563    
  l.o. = 13, l =  5, energy derivative =  1 :    6.143216563    
  l.o. = 13, l =  5, energy derivative =  2 :    6.143216563    
  l.o. = 14, l =  6, energy derivative =  0 :    8.091000489    
  l.o. = 14, l =  6, energy derivative =  1 :    8.091000489    
  l.o. = 14, l =  6, energy derivative =  2 :    8.091000489    
  l.o. = 15, l =  7, energy derivative =  0 :    10.23864515    
  l.o. = 15, l =  7, energy derivative =  1 :    10.23864515    
  l.o. = 15, l =  7, energy derivative =  2 :    10.23864515    
 
Species :    2 (Zn), atom :    2
 APW functions :
  l =  0, energy derivative =  0 :   0.1164679679    
  l =  1, energy derivative =  0 :   0.1164679679    
  l =  2, energy derivative =  0 :   0.1164679679    
  l =  3, energy derivative =  0 :   0.1164679679    
  l =  4, energy derivative =  0 :   0.1164679679    
  l =  5, energy derivative =  0 :   0.1164679679    
  l =  6, energy derivative =  0 :   0.1164679679    
  l =  7, energy derivative =  0 :   0.1164679679    
  l =  8, energy derivative =  0 :   0.1164679679    
  l =  9, energy derivative =  0 :   0.1164679679    
 local-orbital functions :
  l.o. =  1, l =  0, energy derivative =  0 :   0.1164679679    
  l.o. =  1, l =  0, energy derivative =  1 :   0.1164679679    
  l.o. =  2, l =  1, energy derivative =  0 :   0.1164679679    
  l.o. =  2, l =  1, energy derivative =  1 :   0.1164679679    
  l.o. =  3, l =  2, energy derivative =  0 :   0.1164679679    
  l.o. =  3, l =  2, energy derivative =  1 :   0.1164679679    
  l.o. =  4, l =  1, energy derivative =  0 :   0.1164679679    
  l.o. =  4, l =  1, energy derivative =  0 :   -2.690941259    
  l.o. =  5, l =  2, energy derivative =  0 :   0.1164679679    
  l.o. =  5, l =  2, energy derivative =  0 :   0.9965892147E-02
  l.o. =  6, l =  3, energy derivative =  0 :   0.1164679679    
  l.o. =  6, l =  3, energy derivative =  1 :   0.1164679679    
  l.o. =  7, l =  4, energy derivative =  0 :   0.1164679679    
  l.o. =  7, l =  4, energy derivative =  1 :   0.1164679679    
  l.o. =  8, l =  0, energy derivative =  0 :   0.7026802662    
  l.o. =  8, l =  0, energy derivative =  1 :   0.7026802662    
  l.o. =  8, l =  0, energy derivative =  2 :   0.7026802662    
  l.o. =  9, l =  1, energy derivative =  0 :    1.227213408    
  l.o. =  9, l =  1, energy derivative =  1 :    1.227213408    
  l.o. =  9, l =  1, energy derivative =  2 :    1.227213408    
  l.o. = 10, l =  2, energy derivative =  0 :    2.211470634    
  l.o. = 10, l =  2, energy derivative =  1 :    2.211470634    
  l.o. = 10, l =  2, energy derivative =  2 :    2.211470634    
  l.o. = 11, l =  3, energy derivative =  0 :    2.738692810    
  l.o. = 11, l =  3, energy derivative =  1 :    2.738692810    
  l.o. = 11, l =  3, energy derivative =  2 :    2.738692810    
  l.o. = 12, l =  4, energy derivative =  0 :    4.379694516    
  l.o. = 12, l =  4, energy derivative =  1 :    4.379694516    
  l.o. = 12, l =  4, energy derivative =  2 :    4.379694516    
  l.o. = 13, l =  5, energy derivative =  0 :    6.143216563    
  l.o. = 13, l =  5, energy derivative =  1 :    6.143216563    
  l.o. = 13, l =  5, energy derivative =  2 :    6.143216563    
  l.o. = 14, l =  6, energy derivative =  0 :    8.091000489    
  l.o. = 14, l =  6, energy derivative =  1 :    8.091000489    
  l.o. = 14, l =  6, energy derivative =  2 :    8.091000489    
  l.o. = 15, l =  7, energy derivative =  0 :    10.23864515    
  l.o. = 15, l =  7, energy derivative =  1 :    10.23864515    
  l.o. = 15, l =  7, energy derivative =  2 :    10.23864515    
 
Species :    3 (Pt), atom :    1
 APW functions :
  l =  0, energy derivative =  0 :   0.1164679679    
  l =  1, energy derivative =  0 :   0.1164679679    
  l =  2, energy derivative =  0 :   0.1164679679    
  l =  3, energy derivative =  0 :   0.1164679679    
  l =  4, energy derivative =  0 :   0.1164679679    
  l =  5, energy derivative =  0 :   0.1164679679    
  l =  6, energy derivative =  0 :   0.1164679679    
  l =  7, energy derivative =  0 :   0.1164679679    
  l =  8, energy derivative =  0 :   0.1164679679    
  l =  9, energy derivative =  0 :   0.1164679679    
 local-orbital functions :
  l.o. =  1, l =  0, energy derivative =  0 :   0.1164679679    
  l.o. =  1, l =  0, energy derivative =  1 :   0.1164679679    
  l.o. =  2, l =  1, energy derivative =  0 :   0.1164679679    
  l.o. =  2, l =  1, energy derivative =  1 :   0.1164679679    
  l.o. =  3, l =  2, energy derivative =  0 :   0.1164679679    
  l.o. =  3, l =  2, energy derivative =  1 :   0.1164679679    
  l.o. =  4, l =  3, energy derivative =  0 :   0.1164679679    
  l.o. =  4, l =  3, energy derivative =  1 :   0.1164679679    
  l.o. =  5, l =  3, energy derivative =  0 :   0.1164679679    
  l.o. =  5, l =  3, energy derivative =  0 :   -2.197010088    
  l.o. =  6, l =  1, energy derivative =  0 :   0.1164679679    
  l.o. =  6, l =  1, energy derivative =  0 :   -1.667325007    
  l.o. =  7, l =  2, energy derivative =  0 :   0.1164679679    
  l.o. =  7, l =  2, energy derivative =  0 :   0.2048648208    
  l.o. =  8, l =  4, energy derivative =  0 :   0.1164679679    
  l.o. =  8, l =  4, energy derivative =  1 :   0.1164679679    
  l.o. =  9, l =  5, energy derivative =  0 :   0.1164679679    
  l.o. =  9, l =  5, energy derivative =  1 :   0.1164679679    
  l.o. = 10, l =  0, energy derivative =  0 :   0.6109696778    
  l.o. = 10, l =  0, energy derivative =  1 :   0.6109696778    
  l.o. = 10, l =  0, energy derivative =  2 :   0.6109696778    
  l.o. = 11, l =  1, energy derivative =  0 :    1.254850569    
  l.o. = 11, l =  1, energy derivative =  1 :    1.254850569    
  l.o. = 11, l =  1, energy derivative =  2 :    1.254850569    
  l.o. = 12, l =  2, energy derivative =  0 :   0.2048648208    
  l.o. = 12, l =  2, energy derivative =  1 :   0.2048648208    
  l.o. = 12, l =  2, energy derivative =  2 :   0.2048648208    
  l.o. = 13, l =  3, energy derivative =  0 :    1.725520456    
  l.o. = 13, l =  3, energy derivative =  1 :    1.725520456    
  l.o. = 13, l =  3, energy derivative =  2 :    1.725520456    
  l.o. = 14, l =  4, energy derivative =  0 :    2.939991345    
  l.o. = 14, l =  4, energy derivative =  1 :    2.939991345    
  l.o. = 14, l =  4, energy derivative =  2 :    2.939991345    
  l.o. = 15, l =  5, energy derivative =  0 :    4.330192244    
  l.o. = 15, l =  5, energy derivative =  1 :    4.330192244    
  l.o. = 15, l =  5, energy derivative =  2 :    4.330192244    
  l.o. = 16, l =  6, energy derivative =  0 :    5.802878149    
  l.o. = 16, l =  6, energy derivative =  1 :    5.802878149    
  l.o. = 16, l =  6, energy derivative =  2 :    5.802878149    
  l.o. = 17, l =  7, energy derivative =  0 :    7.405476148    
  l.o. = 17, l =  7, energy derivative =  1 :    7.405476148    
  l.o. = 17, l =  7, energy derivative =  2 :    7.405476148    
