    -22025.5634673    
    -22045.4428308    
    -22051.1957830    
    -22055.1435176    
    -22056.3324429    
    -22054.5267937    
    -22051.7048110    
    -22049.4764011    
    -22048.1130644    
    -22047.3498108    
    -22046.9399596    
    -22046.7449173    
    -22046.6586173    
    -22046.6256911    
    -22046.6159638    
    -22046.6066143    
    -22046.6177122    
    -22046.6110928    
    -22046.6105472    
    -22046.6105624    
    -22046.6106251    
    -22046.6106636    
    -22046.6106728    
    -22046.6106721    
    -22046.6106701    
