   0.000000000      -4.574894433    
   0.000000000       4.446471795    
 
  0.6878302716      -4.574894433    
  0.6878302716       4.446471795    
 
   1.031745407      -4.574894433    
   1.031745407       4.446471795    
 
   1.230304904      -4.574894433    
   1.230304904       4.446471795    
 
   2.072721501      -4.574894433    
   2.072721501       4.446471795    
 
   2.866959486      -4.574894433    
   2.866959486       4.446471795    
 
   3.299709875      -4.574894433    
   3.299709875       4.446471795    
 
   3.628983549      -4.574894433    
   3.628983549       4.446471795    
 
   4.287530897      -4.574894433    
   4.287530897       4.446471795    
 
   4.915431156      -4.574894433    
   4.915431156       4.446471795    
 
