 
 
   1   1   2 : species, atom, l
 
   1   1 : ispn, jspn; m1, m2, dmatmt below
    -2    -2   0.8264719707     -0.1546074727E-18
    -2    -1  -0.2519993403E-17  0.1166568280E-18
    -2     0  -0.1027162637E-32 -0.1705250472E-34
    -2     1   0.2828659315E-17 -0.9973642440E-19
    -2     2  -0.1416689246     -0.4762797591E-09
    -1    -2  -0.2538072261E-17 -0.9857355452E-19
    -1    -1   0.9477752437     -0.1319814162E-19
    -1     0   0.6892061343E-17  0.2067768921E-18
    -1     1   0.2567906593E-32 -0.1346322830E-26
    -1     2  -0.2954469543E-17 -0.9974526589E-19
     0    -2  -0.1283953296E-32  0.5817913374E-34
     0    -1   0.6928210235E-17 -0.2429257901E-18
     0     0   0.6644971473     -0.1013628272E-18
     0     1  -0.7183346520E-17  0.2248469269E-18
     0     2  -0.1383259059E-32  0.5015442564E-35
     1    -2   0.2828668136E-17  0.1178241071E-18
     1    -1    0.000000000      0.2692645043E-27
     1     0  -0.7237565451E-17 -0.2429169650E-18
     1     1   0.9478947493     -0.7228548165E-19
     1     2   0.3263153100E-17  0.6244671830E-19
     2    -2  -0.1416689246      0.4762797594E-09
     2    -1  -0.2954478370E-17  0.1358941627E-18
     2     0  -0.1283953296E-32 -0.2087487230E-27
     2     1   0.3245091888E-17 -0.9858238088E-19
     2     2   0.7858601730      0.1050283393E-19
 
   1   2 : ispn, jspn; m1, m2, dmatmt below
    -2    -2  -0.4413826103E-19 -0.3966817385E-18
    -2    -1  -0.1009319664E-01 -0.2381398739E-09
    -2     0   0.2552971109E-18 -0.1880148599E-25
    -2     1   0.1384335242E-22 -0.3082539842E-23
    -2     2  -0.2891205853E-18  0.8673617403E-18
    -1    -2  -0.1365378651E-23  0.1937035137E-22
    -1    -1   0.4164149293E-18  0.1167269501E-20
    -1     0  -0.2486954548E-01  0.5833211776E-09
    -1     1  -0.8077939983E-27  0.2862519441E-25
    -1     2   0.8617591398E-23 -0.1954321924E-22
     0    -2   0.2552971107E-18 -0.5953019799E-26
     0    -1  -0.7720764739E-23  0.5582930773E-22
     0     0   0.5000396236E-33  0.2916372480E-25
     0     1  -0.2486954548E-01 -0.5833211783E-09
     0     2  -0.2552971107E-18 -0.1785906010E-25
     1    -2  -0.1021270222E-01  0.2381398744E-09
     1    -1   0.5385291048E-27  0.1025977021E-25
     1     0   0.1544152948E-22  0.2681874930E-23
     1     1  -0.4164149293E-18 -0.1167308925E-20
     1     2  -0.1009319664E-01  0.2381398734E-09
     2    -2   0.2891205851E-18 -0.8673617331E-18
     2    -1  -0.1021270222E-01 -0.2381398729E-09
     2     0  -0.2552971112E-18 -0.5818388147E-26
     2     1   0.1021576846E-22 -0.6498160900E-23
     2     2   0.4413825996E-19  0.3966817484E-18
 
   2   1 : ispn, jspn; m1, m2, dmatmt below
    -2    -2  -0.4413826103E-19  0.3966817385E-18
    -2    -1   0.6355386090E-23  0.2325392686E-23
    -2     0   0.2552971105E-18  0.6087652702E-26
    -2     1  -0.1021270222E-01 -0.2381398741E-09
    -2     2   0.2891205853E-18 -0.8673617484E-18
    -1    -2  -0.1009319664E-01  0.2381398739E-09
    -1    -1   0.4164149293E-18 -0.1167268424E-20
    -1     0  -0.7703719778E-33 -0.1496734302E-22
    -1     1   0.8077948318E-27 -0.1025977009E-25
    -1     2  -0.1021270222E-01  0.2381398732E-09
     0    -2   0.2552971107E-18  0.1785906033E-25
     0    -1  -0.2486954548E-01 -0.5833211769E-09
     0     0   0.8561360456E-33 -0.2916372493E-25
     0     1   0.4411629935E-23  0.7299766550E-23
     0     2  -0.2552971107E-18  0.5953020023E-26
     1    -2  -0.4757209029E-23 -0.1513726839E-22
     1    -1  -0.5385290426E-27 -0.2808666545E-25
     1     0  -0.2486954548E-01  0.5833211787E-09
     1     1  -0.4164149293E-18  0.1167307309E-20
     1     2  -0.3969612662E-22 -0.7098645160E-23
     2    -2  -0.1034275892E-25  0.1156482316E-17
     2    -1  -0.1158114711E-22 -0.7487144935E-23
     2     0  -0.2552971110E-18  0.1799369284E-25
     2     1  -0.1009319664E-01 -0.2381398734E-09
     2     2   0.4413825996E-19 -0.3966817479E-18
 
   2   2 : ispn, jspn; m1, m2, dmatmt below
    -2    -2   0.7858601730      0.1050283500E-19
    -2    -1  -0.3245074239E-17 -0.9859120330E-19
    -2     0  -0.1216558287E-32  0.2692645321E-27
    -2     1   0.2963513383E-17  0.1268591241E-18
    -2     2  -0.1416689246      0.4762797360E-09
    -1    -2  -0.3254118081E-17  0.1437618815E-18
    -1    -1   0.9478947493     -0.7228548219E-19
    -1     0   0.7237521328E-17 -0.2429081468E-18
    -1     1   0.2061346894E-33 -0.1346322763E-26
    -1     2  -0.2828668134E-17  0.9975408801E-19
     0    -2  -0.1494805636E-32  0.8600210544E-34
     0    -1   0.7219486590E-17  0.1887068605E-18
     0     0   0.6644971473     -0.1013628272E-18
     0     1  -0.6928170524E-17 -0.2429301977E-18
     0     2  -0.1390029906E-32  0.4009121441E-34
     1    -2   0.2954473954E-17 -0.9974524675E-19
     1    -1  -0.6971465163E-33 -0.8077939818E-27
     1     0  -0.6910131369E-17  0.2248469269E-18
     1     1   0.9477752437     -0.1319814162E-19
     1     2   0.2538054612E-17 -0.9858238023E-19
     2    -2  -0.1416689246     -0.4762797358E-09
     2    -1  -0.2828676956E-17 -0.9974085329E-19
     2     0  -0.1149414049E-32 -0.2087484676E-27
     2     1   0.2529028418E-17  0.5341170286E-19
     2     2   0.8264719707     -0.1546074716E-18
