   2.634357787    
   4.229251289    
   4.129688129    
   2.083714377    
   1.519181213    
  0.9977286567    
  0.6380161600    
  0.4341867209    
  0.2828817504    
  0.1495872667    
  0.1191002481    
  0.2813186150E-01
  0.7522320270E-01
  0.1056978449E-01
  0.7372234910E-02
  0.7488527466E-02
  0.8130066727E-02
  0.2928657244E-02
  0.7113207294E-03
  0.6485271610E-03
  0.1412949757E-03
  0.4355024657E-05
  0.1495667298E-03
  0.8397120450E-04
  0.1604161869E-03
  0.3503414155E-04
  0.1724177012E-03
  0.4404420611E-04
  0.1060208388E-04
  0.9464699360E-05
  0.4773620503E-05
  0.1911120080E-05
  0.2413986067E-05
  0.1246065722E-05
  0.1584648999E-05
  0.6013938219E-06
