     3 : nkpt
    64 : nstsv
 
     1   0.000000000       0.000000000       0.000000000     : k-point, vkl
 (state, eigenvalue and occupancy below)
     1  -2.063369138       1.000000000    
     2  -2.063369137       1.000000000    
     3  -1.984390959       1.000000000    
     4  -1.984390958       1.000000000    
     5  -1.984390955       1.000000000    
     6  -1.984390953       1.000000000    
     7 -0.4818163103       1.000000000    
     8 -0.4818163103       1.000000000    
     9  0.1354920538       1.000000000    
    10  0.1354920610       1.000000000    
    11  0.1354920633       1.000000000    
    12  0.1354920695       1.000000000    
    13  0.1432177099       1.000000000    
    14  0.1432177160       1.000000000    
    15  0.1533665107       1.000000000    
    16  0.1533665107       1.000000000    
    17  0.1551529044       1.000000000    
    18  0.1551529044       1.000000000    
    19  0.1551529045       1.000000000    
    20  0.1551529045       1.000000000    
    21  0.2177488181       1.000000000    
    22  0.2177488182       1.000000000    
    23  0.2177488182       1.000000000    
    24  0.2177488183       1.000000000    
    25  0.3360215041       0.000000000    
    26  0.3360215041       0.000000000    
    27  0.9318348770       0.000000000    
    28  0.9318348770       0.000000000    
    29  0.9433079630       0.000000000    
    30  0.9433079641       0.000000000    
    31  0.9433079654       0.000000000    
    32  0.9433079667       0.000000000    
    33  0.9456773948       0.000000000    
    34  0.9456773961       0.000000000    
    35   1.098694455       0.000000000    
    36   1.098694455       0.000000000    
    37   1.114370726       0.000000000    
    38   1.114370727       0.000000000    
    39   1.114370728       0.000000000    
    40   1.114370728       0.000000000    
    41   1.219424153       0.000000000    
    42   1.219424153       0.000000000    
    43   1.219424153       0.000000000    
    44   1.219424155       0.000000000    
    45   1.588736065       0.000000000    
    46   1.588736065       0.000000000    
    47   1.589798540       0.000000000    
    48   1.589798540       0.000000000    
    49   1.589798540       0.000000000    
    50   1.589798540       0.000000000    
    51   1.633448575       0.000000000    
    52   1.633448575       0.000000000    
    53   2.224118037       0.000000000    
    54   2.224118037       0.000000000    
    55   2.224135669       0.000000000    
    56   2.224135669       0.000000000    
    57   2.224135669       0.000000000    
    58   2.224135669       0.000000000    
    59   2.297397757       0.000000000    
    60   2.297397757       0.000000000    
    61   2.297397762       0.000000000    
    62   2.297397762       0.000000000    
    63   2.298919471       0.000000000    
    64   2.298919471       0.000000000    
 
 
     2  0.5000000000       0.000000000       0.000000000     : k-point, vkl
 (state, eigenvalue and occupancy below)
     1  -2.063849301       1.000000000    
     2  -2.063849299       1.000000000    
     3  -1.985312447       1.000000000    
     4  -1.985312446       1.000000000    
     5  -1.984543626       1.000000000    
     6  -1.984543624       1.000000000    
     7 -0.4338262453       1.000000000    
     8 -0.4338262453       1.000000000    
     9 -0.3564591614E-01   1.000000000    
    10 -0.3564591555E-01   1.000000000    
    11  0.6259132301E-01   1.000000000    
    12  0.6259132375E-01   1.000000000    
    13  0.6672865250E-01   1.000000000    
    14  0.6672865304E-01   1.000000000    
    15  0.1705720830       1.000000000    
    16  0.1705720861       1.000000000    
    17  0.1740750460       1.000000000    
    18  0.1740750497       1.000000000    
    19  0.1916067837       1.000000000    
    20  0.1916067910       1.000000000    
    21  0.3199801647       0.000000000    
    22  0.3199801649       0.000000000    
    23  0.3217176745       0.000000000    
    24  0.3217176747       0.000000000    
    25  0.4849595800       0.000000000    
    26  0.4849595801       0.000000000    
    27  0.6418579746       0.000000000    
    28  0.6418579746       0.000000000    
    29  0.7962281852       0.000000000    
    30  0.7962281855       0.000000000    
    31  0.8020653760       0.000000000    
    32  0.8020653762       0.000000000    
    33   1.050348265       0.000000000    
    34   1.050348267       0.000000000    
    35   1.193769336       0.000000000    
    36   1.193769337       0.000000000    
    37   1.197970405       0.000000000    
    38   1.197970405       0.000000000    
    39   1.250008113       0.000000000    
    40   1.250008113       0.000000000    
    41   1.327435348       0.000000000    
    42   1.327435348       0.000000000    
    43   1.329809832       0.000000000    
    44   1.329809833       0.000000000    
    45   1.719723917       0.000000000    
    46   1.719723922       0.000000000    
    47   1.725427371       0.000000000    
    48   1.725427375       0.000000000    
    49   1.810102690       0.000000000    
    50   1.810102690       0.000000000    
    51   1.826525846       0.000000000    
    52   1.826525847       0.000000000    
    53   1.894996541       0.000000000    
    54   1.894996541       0.000000000    
    55   1.897681690       0.000000000    
    56   1.897681690       0.000000000    
    57   2.144088156       0.000000000    
    58   2.144088156       0.000000000    
    59   2.144471611       0.000000000    
    60   2.144471611       0.000000000    
    61   2.229424794       0.000000000    
    62   2.229424794       0.000000000    
    63   2.377154282       0.000000000    
    64   2.377154282       0.000000000    
 
 
     3  0.5000000000      0.5000000000       0.000000000     : k-point, vkl
 (state, eigenvalue and occupancy below)
     1  -2.063973746       1.000000000    
     2  -2.063973742       1.000000000    
     3  -1.985338568       1.000000000    
     4  -1.985338566       1.000000000    
     5  -1.984874575       1.000000000    
     6  -1.984874569       1.000000000    
     7 -0.4333270298       1.000000000    
     8 -0.4333270296       1.000000000    
     9  0.1809196536E-01   1.000000000    
    10  0.1809196538E-01   1.000000000    
    11  0.1074095884       1.000000000    
    12  0.1074095885       1.000000000    
    13  0.1091922065       1.000000000    
    14  0.1091922066       1.000000000    
    15  0.1107493950       1.000000000    
    16  0.1107493950       1.000000000    
    17  0.1726401244       1.000000000    
    18  0.1726401247       1.000000000    
    19  0.1783477833       1.000000000    
    20  0.1783477834       1.000000000    
    21  0.2327511423       1.000000000    
    22  0.2327511461       1.000000000    
    23  0.2522801128       1.000000000    
    24  0.2522801201       1.000000000    
    25  0.5157898710       0.000000000    
    26  0.5157898711       0.000000000    
    27  0.6614886362       0.000000000    
    28  0.6614886362       0.000000000    
    29  0.7067744887       0.000000000    
    30  0.7067744887       0.000000000    
    31  0.8873438855       0.000000000    
    32  0.8873438869       0.000000000    
    33  0.8930953759       0.000000000    
    34  0.8930953774       0.000000000    
    35   1.312425478       0.000000000    
    36   1.312425479       0.000000000    
    37   1.438903930       0.000000000    
    38   1.438903930       0.000000000    
    39   1.453126928       0.000000000    
    40   1.453126930       0.000000000    
    41   1.457928506       0.000000000    
    42   1.457928506       0.000000000    
    43   1.458559155       0.000000000    
    44   1.458559155       0.000000000    
    45   1.654949993       0.000000000    
    46   1.654949993       0.000000000    
    47   1.723890552       0.000000000    
    48   1.723890552       0.000000000    
    49   1.729137969       0.000000000    
    50   1.729137969       0.000000000    
    51   1.780738650       0.000000000    
    52   1.780738656       0.000000000    
    53   1.782631362       0.000000000    
    54   1.782631368       0.000000000    
    55   1.788947709       0.000000000    
    56   1.788947709       0.000000000    
    57   1.839326691       0.000000000    
    58   1.839326691       0.000000000    
    59   1.957785245       0.000000000    
    60   1.957785245       0.000000000    
    61   1.958190776       0.000000000    
    62   1.958190776       0.000000000    
    63   2.081110772       0.000000000    
    64   2.081110772       0.000000000    
 
