
! Atomic positions generated by spacegroup version 1.2.01
!  Hermann-Mauguin symbol : Fm-3m
!  Hall symbol            : -F 4 2 3
!  Schoenflies symbol     : Oh^5
!  space group number     : 225
!  lattice constants (a,b,c) :    5.593967274       5.593967274       5.593967274    
!  angles in degrees (bc,ac,ab) :    60.00000000       60.00000000       60.00000000    
!  number of conventional unit cells :    1   1   1
!  reduction to primitive cell : T
!  Wyckoff positions :
!   species :    1, Ni
!      0.000000000      -0.000000000      -0.000000000    
!   species :    2, O
!     0.5000000000      0.5000000000      0.5000000000    

avec
   1.398491819      -2.422258884       0.000000000    
   1.398491819     -0.8074196279      -2.283727577    
   4.195475456       2.422258884       0.000000000    

atoms
   2                                    : nspecies
'Ni.in'                                 : spfname
   1                                    : natoms; atposl, bfcmt below
    0.00000000    0.00000000    0.00000000    0.00000000  0.00000000  0.00000000
'O.in'                                  : spfname
   1                                    : natoms; atposl, bfcmt below
    0.50000000    0.00000000    0.50000000    0.00000000  0.00000000  0.00000000
