 
Species :    1 (Ni), atom :    1
 APW functions :
  l =  0, energy derivative =  0 :   0.1555784060    
  l =  1, energy derivative =  0 :   0.1555784060    
  l =  2, energy derivative =  0 :   0.1555784060    
  l =  3, energy derivative =  0 :   0.1555784060    
  l =  4, energy derivative =  0 :   0.1555784060    
  l =  5, energy derivative =  0 :   0.1555784060    
  l =  6, energy derivative =  0 :   0.1555784060    
  l =  7, energy derivative =  0 :   0.1555784060    
  l =  8, energy derivative =  0 :   0.1555784060    
  l =  9, energy derivative =  0 :   0.1555784060    
  l = 10, energy derivative =  0 :   0.1555784060    
  l = 11, energy derivative =  0 :   0.1555784060    
  l = 12, energy derivative =  0 :   0.1555784060    
 local-orbital functions :
  l.o. =  1, l =  0, energy derivative =  0 :   0.1555784060    
  l.o. =  1, l =  0, energy derivative =  1 :   0.1555784060    
  l.o. =  2, l =  1, energy derivative =  0 :   0.1555784060    
  l.o. =  2, l =  1, energy derivative =  1 :   0.1555784060    
  l.o. =  3, l =  2, energy derivative =  0 :   0.1555784060    
  l.o. =  3, l =  2, energy derivative =  1 :   0.1555784060    
  l.o. =  4, l =  1, energy derivative =  0 :   0.1555784060    
  l.o. =  4, l =  1, energy derivative =  0 :   -2.010899761    
  l.o. =  5, l =  2, energy derivative =  0 :   0.1555784060    
  l.o. =  5, l =  2, energy derivative =  0 :   0.2837255886    
  l.o. =  6, l =  3, energy derivative =  0 :   0.1555784060    
  l.o. =  6, l =  3, energy derivative =  1 :   0.1555784060    
  l.o. =  7, l =  4, energy derivative =  0 :   0.1555784060    
  l.o. =  7, l =  4, energy derivative =  1 :   0.1555784060    
  l.o. =  8, l =  5, energy derivative =  0 :   0.1555784060    
  l.o. =  8, l =  5, energy derivative =  1 :   0.1555784060    
  l.o. =  9, l =  0, energy derivative =  0 :    1.037451667    
  l.o. =  9, l =  0, energy derivative =  1 :    1.037451667    
  l.o. =  9, l =  0, energy derivative =  2 :    1.037451667    
  l.o. = 10, l =  1, energy derivative =  0 :    1.566002573    
  l.o. = 10, l =  1, energy derivative =  1 :    1.566002573    
  l.o. = 10, l =  1, energy derivative =  2 :    1.566002573    
  l.o. = 11, l =  2, energy derivative =  0 :   0.2837255886    
  l.o. = 11, l =  2, energy derivative =  1 :   0.2837255886    
  l.o. = 11, l =  2, energy derivative =  2 :   0.2837255886    
  l.o. = 12, l =  3, energy derivative =  0 :    2.890556485    
  l.o. = 12, l =  3, energy derivative =  1 :    2.890556485    
  l.o. = 12, l =  3, energy derivative =  2 :    2.890556485    
  l.o. = 13, l =  4, energy derivative =  0 :    4.614272300    
  l.o. = 13, l =  4, energy derivative =  1 :    4.614272300    
  l.o. = 13, l =  4, energy derivative =  2 :    4.614272300    
  l.o. = 14, l =  5, energy derivative =  0 :    6.463933018    
  l.o. = 14, l =  5, energy derivative =  1 :    6.463933018    
  l.o. = 14, l =  5, energy derivative =  2 :    6.463933018    
  l.o. = 15, l =  6, energy derivative =  0 :    8.505478835    
  l.o. = 15, l =  6, energy derivative =  1 :    8.505478835    
  l.o. = 15, l =  6, energy derivative =  2 :    8.505478835    
  l.o. = 16, l =  7, energy derivative =  0 :    10.75584818    
  l.o. = 16, l =  7, energy derivative =  1 :    10.75584818    
  l.o. = 16, l =  7, energy derivative =  2 :    10.75584818    
  l.o. = 17, l =  8, energy derivative =  0 :    13.22103022    
  l.o. = 17, l =  8, energy derivative =  1 :    13.22103022    
  l.o. = 17, l =  8, energy derivative =  2 :    13.22103022    
 
Species :    2 (O), atom :    1
 APW functions :
  l =  0, energy derivative =  0 :   0.1555784060    
  l =  1, energy derivative =  0 :   0.1555784060    
  l =  2, energy derivative =  0 :   0.1555784060    
  l =  3, energy derivative =  0 :   0.1555784060    
  l =  4, energy derivative =  0 :   0.1555784060    
  l =  5, energy derivative =  0 :   0.1555784060    
  l =  6, energy derivative =  0 :   0.1555784060    
  l =  7, energy derivative =  0 :   0.1555784060    
  l =  8, energy derivative =  0 :   0.1555784060    
  l =  9, energy derivative =  0 :   0.1555784060    
  l = 10, energy derivative =  0 :   0.1555784060    
  l = 11, energy derivative =  0 :   0.1555784060    
  l = 12, energy derivative =  0 :   0.1555784060    
 local-orbital functions :
  l.o. =  1, l =  0, energy derivative =  0 :   0.1555784060    
  l.o. =  1, l =  0, energy derivative =  1 :   0.1555784060    
  l.o. =  2, l =  1, energy derivative =  0 :   0.1555784060    
  l.o. =  2, l =  1, energy derivative =  1 :   0.1555784060    
  l.o. =  3, l =  0, energy derivative =  0 :   0.1555784060    
  l.o. =  3, l =  0, energy derivative =  0 :  -0.2474190569    
  l.o. =  4, l =  2, energy derivative =  0 :   0.1555784060    
  l.o. =  4, l =  2, energy derivative =  1 :   0.1555784060    
  l.o. =  5, l =  3, energy derivative =  0 :   0.1555784060    
  l.o. =  5, l =  3, energy derivative =  1 :   0.1555784060    
  l.o. =  6, l =  4, energy derivative =  0 :   0.1555784060    
  l.o. =  6, l =  4, energy derivative =  1 :   0.1555784060    
  l.o. =  7, l =  0, energy derivative =  0 :  -0.2474190569    
  l.o. =  7, l =  0, energy derivative =  1 :  -0.2474190569    
  l.o. =  7, l =  0, energy derivative =  2 :  -0.2474190569    
  l.o. =  8, l =  1, energy derivative =  0 :   0.3367295515    
  l.o. =  8, l =  1, energy derivative =  1 :   0.3367295515    
  l.o. =  8, l =  1, energy derivative =  2 :   0.3367295515    
  l.o. =  9, l =  2, energy derivative =  0 :    3.134503998    
  l.o. =  9, l =  2, energy derivative =  1 :    3.134503998    
  l.o. =  9, l =  2, energy derivative =  2 :    3.134503998    
  l.o. = 10, l =  3, energy derivative =  0 :    5.677653936    
  l.o. = 10, l =  3, energy derivative =  1 :    5.677653936    
  l.o. = 10, l =  3, energy derivative =  2 :    5.677653936    
  l.o. = 11, l =  4, energy derivative =  0 :    8.507494404    
  l.o. = 11, l =  4, energy derivative =  1 :    8.507494404    
  l.o. = 11, l =  4, energy derivative =  2 :    8.507494404    
  l.o. = 12, l =  5, energy derivative =  0 :    11.69971617    
  l.o. = 12, l =  5, energy derivative =  1 :    11.69971617    
  l.o. = 12, l =  5, energy derivative =  2 :    11.69971617    
  l.o. = 13, l =  6, energy derivative =  0 :    15.27496759    
  l.o. = 13, l =  6, energy derivative =  1 :    15.27496759    
  l.o. = 13, l =  6, energy derivative =  2 :    15.27496759    
  l.o. = 14, l =  7, energy derivative =  0 :    19.23991855    
  l.o. = 14, l =  7, energy derivative =  1 :    19.23991855    
  l.o. = 14, l =  7, energy derivative =  2 :    19.23991855    
  l.o. = 15, l =  8, energy derivative =  0 :    23.59643528    
  l.o. = 15, l =  8, energy derivative =  1 :    23.59643528    
  l.o. = 15, l =  8, energy derivative =  2 :    23.59643528    
