  0.2862255272E-26
  0.1530207322E-25
  0.1179479781E-25
  0.1590656312E-26
  0.2960350267E-25
  0.4874654801E-26
  0.1551109239E-25
  0.1384891995E-25
  0.4634305911E-26
  0.1151726817E-25
  0.1467827538E-25
  0.3004215521E-25
  0.5791403456E-26
  0.1463278427E-25
  0.3629892574E-26
  0.1669391194E-25
  0.1403551914E-25
  0.2927077392E-26
  0.8008093892E-26
  0.2739430233E-26
  0.5549780106E-26
  0.9529151984E-26
  0.3135817633E-25
  0.2197580245E-25
  0.1065743105E-25
  0.1604071694E-25
  0.2489019208E-25
  0.1111641349E-25
  0.1023975368E-25
  0.3837074588E-26
  0.9413728666E-26
  0.1085125284E-25
  0.1949751617E-25
  0.6803966461E-26
  0.2563008603E-25
  0.2702683686E-25
  0.3876325058E-26
  0.9318061643E-26
