   0.000000000      -3.204248387    
   0.000000000       2.305190401    
 
   1.030569913      -3.204248387    
   1.030569913       2.305190401    
 
   1.545854870      -3.204248387    
   1.545854870       2.305190401    
 
   1.843354778      -3.204248387    
   1.843354778       2.305190401    
 
   3.105539994      -3.204248387    
   3.105539994       2.305190401    
 
   3.700539811      -3.204248387    
   3.700539811       2.305190401    
 
   4.348925829      -3.204248387    
   4.348925829       2.305190401    
 
   4.842273614      -3.204248387    
   4.842273614       2.305190401    
 
   5.828969186      -3.204248387    
   5.828969186       2.305190401    
 
   6.769746500      -3.204248387    
   6.769746500       2.305190401    
 
   7.418132518      -3.204248387    
   7.418132518       2.305190401    
 
   7.675774996      -3.204248387    
   7.675774996       2.305190401    
 
