 
Species :    1 (Na), atom :    1
 APW functions :
  l =  0, energy derivative =  0 :  -0.9945219197E-01
  l =  1, energy derivative =  0 :  -0.9945219197E-01
  l =  2, energy derivative =  0 :  -0.9945219197E-01
  l =  3, energy derivative =  0 :  -0.9945219197E-01
  l =  4, energy derivative =  0 :  -0.9945219197E-01
  l =  5, energy derivative =  0 :  -0.9945219197E-01
  l =  6, energy derivative =  0 :  -0.9945219197E-01
  l =  7, energy derivative =  0 :  -0.9945219197E-01
  l =  8, energy derivative =  0 :  -0.9945219197E-01
  l =  9, energy derivative =  0 :  -0.9945219197E-01
  l = 10, energy derivative =  0 :  -0.9945219197E-01
  l = 11, energy derivative =  0 :  -0.9945219197E-01
  l = 12, energy derivative =  0 :  -0.9945219197E-01
 local-orbital functions :
  l.o. =  1, l =  0, energy derivative =  0 :  -0.9945219197E-01
  l.o. =  1, l =  0, energy derivative =  1 :  -0.9945219197E-01
  l.o. =  2, l =  1, energy derivative =  0 :  -0.9945219197E-01
  l.o. =  2, l =  1, energy derivative =  1 :  -0.9945219197E-01
  l.o. =  3, l =  0, energy derivative =  0 :  -0.9945219197E-01
  l.o. =  3, l =  0, energy derivative =  0 :   -1.826124705    
  l.o. =  4, l =  1, energy derivative =  0 :  -0.9945219197E-01
  l.o. =  4, l =  1, energy derivative =  0 :  -0.7865240599    
  l.o. =  5, l =  2, energy derivative =  0 :  -0.9945219197E-01
  l.o. =  5, l =  2, energy derivative =  1 :  -0.9945219197E-01
  l.o. =  6, l =  3, energy derivative =  0 :  -0.9945219197E-01
  l.o. =  6, l =  3, energy derivative =  1 :  -0.9945219197E-01
  l.o. =  7, l =  4, energy derivative =  0 :  -0.9945219197E-01
  l.o. =  7, l =  4, energy derivative =  1 :  -0.9945219197E-01
  l.o. =  8, l =  0, energy derivative =  0 :    1.344551878    
  l.o. =  8, l =  0, energy derivative =  1 :    1.344551878    
  l.o. =  8, l =  0, energy derivative =  2 :    1.344551878    
  l.o. =  9, l =  1, energy derivative =  0 :    1.688485814    
  l.o. =  9, l =  1, energy derivative =  1 :    1.688485814    
  l.o. =  9, l =  1, energy derivative =  2 :    1.688485814    
  l.o. = 10, l =  2, energy derivative =  0 :    1.731413505    
  l.o. = 10, l =  2, energy derivative =  1 :    1.731413505    
  l.o. = 10, l =  2, energy derivative =  2 :    1.731413505    
  l.o. = 11, l =  3, energy derivative =  0 :    3.249886638    
  l.o. = 11, l =  3, energy derivative =  1 :    3.249886638    
  l.o. = 11, l =  3, energy derivative =  2 :    3.249886638    
  l.o. = 12, l =  4, energy derivative =  0 :    4.899839290    
  l.o. = 12, l =  4, energy derivative =  1 :    4.899839290    
  l.o. = 12, l =  4, energy derivative =  2 :    4.899839290    
  l.o. = 13, l =  5, energy derivative =  0 :    6.753056687    
  l.o. = 13, l =  5, energy derivative =  1 :    6.753056687    
  l.o. = 13, l =  5, energy derivative =  2 :    6.753056687    
  l.o. = 14, l =  6, energy derivative =  0 :    8.826048814    
  l.o. = 14, l =  6, energy derivative =  1 :    8.826048814    
  l.o. = 14, l =  6, energy derivative =  2 :    8.826048814    
  l.o. = 15, l =  7, energy derivative =  0 :    11.12395948    
  l.o. = 15, l =  7, energy derivative =  1 :    11.12395948    
  l.o. = 15, l =  7, energy derivative =  2 :    11.12395948    
  l.o. = 16, l =  8, energy derivative =  0 :    13.64837320    
  l.o. = 16, l =  8, energy derivative =  1 :    13.64837320    
  l.o. = 16, l =  8, energy derivative =  2 :    13.64837320    
 
Species :    2 (Cl), atom :    1
 APW functions :
  l =  0, energy derivative =  0 :  -0.9945219197E-01
  l =  1, energy derivative =  0 :  -0.9945219197E-01
  l =  2, energy derivative =  0 :  -0.9945219197E-01
  l =  3, energy derivative =  0 :  -0.9945219197E-01
  l =  4, energy derivative =  0 :  -0.9945219197E-01
  l =  5, energy derivative =  0 :  -0.9945219197E-01
  l =  6, energy derivative =  0 :  -0.9945219197E-01
  l =  7, energy derivative =  0 :  -0.9945219197E-01
  l =  8, energy derivative =  0 :  -0.9945219197E-01
  l =  9, energy derivative =  0 :  -0.9945219197E-01
  l = 10, energy derivative =  0 :  -0.9945219197E-01
  l = 11, energy derivative =  0 :  -0.9945219197E-01
  l = 12, energy derivative =  0 :  -0.9945219197E-01
 local-orbital functions :
  l.o. =  1, l =  0, energy derivative =  0 :  -0.9945219197E-01
  l.o. =  1, l =  0, energy derivative =  1 :  -0.9945219197E-01
  l.o. =  2, l =  1, energy derivative =  0 :  -0.9945219197E-01
  l.o. =  2, l =  1, energy derivative =  1 :  -0.9945219197E-01
  l.o. =  3, l =  0, energy derivative =  0 :  -0.9945219197E-01
  l.o. =  3, l =  0, energy derivative =  0 :  -0.3699874724    
  l.o. =  4, l =  2, energy derivative =  0 :  -0.9945219197E-01
  l.o. =  4, l =  2, energy derivative =  1 :  -0.9945219197E-01
  l.o. =  5, l =  3, energy derivative =  0 :  -0.9945219197E-01
  l.o. =  5, l =  3, energy derivative =  1 :  -0.9945219197E-01
  l.o. =  6, l =  4, energy derivative =  0 :  -0.9945219197E-01
  l.o. =  6, l =  4, energy derivative =  1 :  -0.9945219197E-01
  l.o. =  7, l =  0, energy derivative =  0 :    3.308201612    
  l.o. =  7, l =  0, energy derivative =  1 :    3.308201612    
  l.o. =  7, l =  0, energy derivative =  2 :    3.308201612    
  l.o. =  8, l =  1, energy derivative =  0 :   0.1700778987    
  l.o. =  8, l =  1, energy derivative =  1 :   0.1700778987    
  l.o. =  8, l =  1, energy derivative =  2 :   0.1700778987    
  l.o. =  9, l =  2, energy derivative =  0 :   0.9622935737    
  l.o. =  9, l =  2, energy derivative =  1 :   0.9622935737    
  l.o. =  9, l =  2, energy derivative =  2 :   0.9622935737    
  l.o. = 10, l =  3, energy derivative =  0 :    2.739247760    
  l.o. = 10, l =  3, energy derivative =  1 :    2.739247760    
  l.o. = 10, l =  3, energy derivative =  2 :    2.739247760    
  l.o. = 11, l =  4, energy derivative =  0 :    4.471794926    
  l.o. = 11, l =  4, energy derivative =  1 :    4.471794926    
  l.o. = 11, l =  4, energy derivative =  2 :    4.471794926    
  l.o. = 12, l =  5, energy derivative =  0 :    6.370441573    
  l.o. = 12, l =  5, energy derivative =  1 :    6.370441573    
  l.o. = 12, l =  5, energy derivative =  2 :    6.370441573    
  l.o. = 13, l =  6, energy derivative =  0 :    8.473339259    
  l.o. = 13, l =  6, energy derivative =  1 :    8.473339259    
  l.o. = 13, l =  6, energy derivative =  2 :    8.473339259    
  l.o. = 14, l =  7, energy derivative =  0 :    10.79275372    
  l.o. = 14, l =  7, energy derivative =  1 :    10.79275372    
  l.o. = 14, l =  7, energy derivative =  2 :    10.79275372    
  l.o. = 15, l =  8, energy derivative =  0 :    13.33348178    
  l.o. = 15, l =  8, energy derivative =  1 :    13.33348178    
  l.o. = 15, l =  8, energy derivative =  2 :    13.33348178    
