   0.000000000      -5.203160064    
   0.000000000       3.867443498    
 
  0.9426802200      -5.203160064    
  0.9426802200       3.867443498    
 
   1.414020330      -5.203160064    
   1.414020330       3.867443498    
 
   1.686148669      -5.203160064    
   1.686148669       3.867443498    
 
   2.840691434      -5.203160064    
   2.840691434       3.867443498    
 
   3.384948113      -5.203160064    
   3.384948113       3.867443498    
 
   3.978038079      -5.203160064    
   3.978038079       3.867443498    
 
   4.429311877      -5.203160064    
   4.429311877       3.867443498    
 
   5.331859474      -5.203160064    
   5.331859474       3.867443498    
 
   6.192404842      -5.203160064    
   6.192404842       3.867443498    
 
   6.785494807      -5.203160064    
   6.785494807       3.867443498    
 
   7.021164862      -5.203160064    
   7.021164862       3.867443498    
 
