    29 : nkpt
    75 : nstsv
 
     1   0.000000000       0.000000000       0.000000000     : k-point, vkl
 (state, eigenvalue and occupancy below)
     1  -2.699925270       2.000000000    
     2  -2.699925270       2.000000000    
     3  -2.699925270       2.000000000    
     4  -2.699848162       2.000000000    
     5  -2.699848162       2.000000000    
     6  -2.699848162       2.000000000    
     7  -2.223711928       2.000000000    
     8  -2.223229776       2.000000000    
     9  -2.223229776       2.000000000    
    10  -2.223229776       2.000000000    
    11  -2.222864159       2.000000000    
    12  -2.222864159       2.000000000    
    13  -2.222864159       2.000000000    
    14  -1.691914076       2.000000000    
    15  -1.691914076       2.000000000    
    16  -1.691914076       2.000000000    
    17  -1.424136219       2.000000000    
    18 -0.9969478555E-01   2.000000000    
    19 -0.3430509593E-01   2.000000000    
    20 -0.3430509591E-01   2.000000000    
    21 -0.2752766660E-01   2.000000000    
    22 -0.2752766660E-01   2.000000000    
    23 -0.2752766660E-01   2.000000000    
    24 -0.1392536300E-01   2.000000000    
    25 -0.1392536295E-01   2.000000000    
    26 -0.1392536290E-01   2.000000000    
    27 -0.2060870977E-02   2.000000000    
    28 -0.2060870977E-02   2.000000000    
    29  0.9564096256E-01   2.000000000    
    30  0.9564096256E-01   2.000000000    
    31  0.9564096256E-01   2.000000000    
    32  0.1422196689       1.999999918    
    33  0.1422196689       1.999999918    
    34  0.3436579498      0.5526369457E-08
    35  0.4018513142      0.1365794874E-12
    36  0.4018513142      0.1365794874E-12
    37  0.4018513142      0.1365794873E-12
    38  0.4492289500      0.2424326121E-16
    39  0.4492289500      0.2424326119E-16
    40  0.4492289500      0.2424326117E-16
    41  0.4737251197      0.2787901119E-18
    42  0.4737251197      0.2787901119E-18
    43  0.4737251197      0.2787901119E-18
    44  0.5442867655       0.000000000    
    45  0.6863468142       0.000000000    
    46  0.6863468142       0.000000000    
    47  0.7313909421       0.000000000    
    48   1.023060874       0.000000000    
    49   1.023060875       0.000000000    
    50   1.023060875       0.000000000    
    51   1.037718615       0.000000000    
    52   1.037718615       0.000000000    
    53   1.037718615       0.000000000    
    54   1.181724994       0.000000000    
    55   1.181724994       0.000000000    
    56   1.206203170       0.000000000    
    57   1.206203170       0.000000000    
    58   1.206203170       0.000000000    
    59   1.396544246       0.000000000    
    60   1.396544246       0.000000000    
    61   1.396544246       0.000000000    
    62   1.464817876       0.000000000    
    63   1.489116208       0.000000000    
    64   1.489116208       0.000000000    
    65   1.489116208       0.000000000    
    66   1.542680915       0.000000000    
    67   1.542680915       0.000000000    
    68   1.542680915       0.000000000    
    69   1.545076640       0.000000000    
    70   1.545076640       0.000000000    
    71   1.545076640       0.000000000    
    72   1.547497771       0.000000000    
    73   1.547497771       0.000000000    
    74   1.560365097       0.000000000    
    75   1.560365097       0.000000000    
 
 
     2  0.1250000000       0.000000000       0.000000000     : k-point, vkl
 (state, eigenvalue and occupancy below)
     1  -2.699920704       2.000000000    
     2  -2.699919584       2.000000000    
     3  -2.699919584       2.000000000    
     4  -2.699845756       2.000000000    
     5  -2.699845756       2.000000000    
     6  -2.699836548       2.000000000    
     7  -2.223711815       2.000000000    
     8  -2.223229680       2.000000000    
     9  -2.223229326       2.000000000    
    10  -2.223229326       2.000000000    
    11  -2.222864008       2.000000000    
    12  -2.222863909       2.000000000    
    13  -2.222863909       2.000000000    
    14  -1.691914597       2.000000000    
    15  -1.691912744       2.000000000    
    16  -1.691912744       2.000000000    
    17  -1.424109055       2.000000000    
    18 -0.9286399337E-01   2.000000000    
    19 -0.3324504809E-01   2.000000000    
    20 -0.3324504808E-01   2.000000000    
    21 -0.2783516980E-01   2.000000000    
    22 -0.2690310459E-01   2.000000000    
    23 -0.2690310459E-01   2.000000000    
    24 -0.1428670999E-01   2.000000000    
    25 -0.1428670996E-01   2.000000000    
    26 -0.1297196230E-01   2.000000000    
    27 -0.3480986474E-02   2.000000000    
    28 -0.3480986474E-02   2.000000000    
    29  0.8816996556E-01   2.000000000    
    30  0.9878955179E-01   2.000000000    
    31  0.9878955179E-01   2.000000000    
    32  0.1403115051       1.999999942    
    33  0.1403115051       1.999999942    
    34  0.3242691450      0.1894146208E-06
    35  0.3671335148      0.7654653002E-10
    36  0.3906700503      0.1048538046E-11
    37  0.3906700503      0.1048538045E-11
    38  0.4402778889      0.1239449914E-15
    39  0.4402778889      0.1239449914E-15
    40  0.4421060225      0.8881764042E-16
    41  0.4908610473      0.1226477568E-19
    42  0.4908610473      0.1226477568E-19
    43  0.5055183428      0.8477548665E-21
    44  0.6005116735       0.000000000    
    45  0.7092774783       0.000000000    
    46  0.7092774783       0.000000000    
    47  0.7473615592       0.000000000    
    48  0.9645886703       0.000000000    
    49  0.9645886703       0.000000000    
    50  0.9862758544       0.000000000    
    51   1.029124517       0.000000000    
    52   1.045216533       0.000000000    
    53   1.045216533       0.000000000    
    54   1.192833858       0.000000000    
    55   1.192833858       0.000000000    
    56   1.233317010       0.000000000    
    57   1.259773029       0.000000000    
    58   1.259773029       0.000000000    
    59   1.343123609       0.000000000    
    60   1.343123609       0.000000000    
    61   1.408321795       0.000000000    
    62   1.410369718       0.000000000    
    63   1.412978995       0.000000000    
    64   1.415730570       0.000000000    
    65   1.415730570       0.000000000    
    66   1.466351409       0.000000000    
    67   1.481762823       0.000000000    
    68   1.481762823       0.000000000    
    69   1.518911466       0.000000000    
    70   1.518911466       0.000000000    
    71   1.558766506       0.000000000    
    72   1.621243130       0.000000000    
    73   1.621243130       0.000000000    
    74   1.655628963       0.000000000    
    75   1.673299181       0.000000000    
 
 
     3  0.2500000000       0.000000000       0.000000000     : k-point, vkl
 (state, eigenvalue and occupancy below)
     1  -2.699933876       2.000000000    
     2  -2.699913277       2.000000000    
     3  -2.699913277       2.000000000    
     4  -2.699853378       2.000000000    
     5  -2.699853378       2.000000000    
     6  -2.699849243       2.000000000    
     7  -2.223712073       2.000000000    
     8  -2.223231945       2.000000000    
     9  -2.223231945       2.000000000    
    10  -2.223229681       2.000000000    
    11  -2.222864858       2.000000000    
    12  -2.222864858       2.000000000    
    13  -2.222864621       2.000000000    
    14  -1.691929954       2.000000000    
    15  -1.691914407       2.000000000    
    16  -1.691914407       2.000000000    
    17  -1.424129749       2.000000000    
    18 -0.7369730199E-01   2.000000000    
    19 -0.3026565248E-01   2.000000000    
    20 -0.3026565247E-01   2.000000000    
    21 -0.2789968070E-01   2.000000000    
    22 -0.2560555525E-01   2.000000000    
    23 -0.2560555525E-01   2.000000000    
    24 -0.1561282399E-01   2.000000000    
    25 -0.1561282397E-01   2.000000000    
    26 -0.1191088299E-01   2.000000000    
    27 -0.7494341325E-02   2.000000000    
    28 -0.7494341324E-02   2.000000000    
    29  0.7166997018E-01   2.000000000    
    30  0.1049676721       2.000000000    
    31  0.1049676721       2.000000000    
    32  0.1378224495       1.999999963    
    33  0.1378224495       1.999999963    
    34  0.2435103675      0.3797370304    
    35  0.3660636991      0.9302950778E-10
    36  0.3660636991      0.9302950772E-10
    37  0.3813802412      0.5702169825E-11
    38  0.4244234941      0.2230438737E-14
    39  0.4244234941      0.2230438736E-14
    40  0.4349449753      0.3276613988E-15
    41  0.5341853152       0.000000000    
    42  0.5341853152       0.000000000    
    43  0.5477556992       0.000000000    
    44  0.6921234003       0.000000000    
    45  0.7646332066       0.000000000    
    46  0.7646332066       0.000000000    
    47  0.8051833433       0.000000000    
    48  0.8656186232       0.000000000    
    49  0.8656186232       0.000000000    
    50  0.8951416380       0.000000000    
    51   1.046415247       0.000000000    
    52   1.084201193       0.000000000    
    53   1.084201193       0.000000000    
    54   1.173738127       0.000000000    
    55   1.173738127       0.000000000    
    56   1.218513434       0.000000000    
    57   1.218513434       0.000000000    
    58   1.231844232       0.000000000    
    59   1.294484662       0.000000000    
    60   1.321708174       0.000000000    
    61   1.358855776       0.000000000    
    62   1.358855776       0.000000000    
    63   1.397855573       0.000000000    
    64   1.397855573       0.000000000    
    65   1.408719632       0.000000000    
    66   1.408719632       0.000000000    
    67   1.426302203       0.000000000    
    68   1.452710723       0.000000000    
    69   1.518408869       0.000000000    
    70   1.565643030       0.000000000    
    71   1.565643030       0.000000000    
    72   1.642612628       0.000000000    
    73   1.642612628       0.000000000    
    74   1.668648344       0.000000000    
    75   1.698223846       0.000000000    
 
 
     4  0.3750000000       0.000000000       0.000000000     : k-point, vkl
 (state, eigenvalue and occupancy below)
     1  -2.699902894       2.000000000    
     2  -2.699893179       2.000000000    
     3  -2.699893179       2.000000000    
     4  -2.699872336       2.000000000    
     5  -2.699872336       2.000000000    
     6  -2.699870575       2.000000000    
     7  -2.223711828       2.000000000    
     8  -2.223232600       2.000000000    
     9  -2.223232600       2.000000000    
    10  -2.223229432       2.000000000    
    11  -2.222865321       2.000000000    
    12  -2.222864467       2.000000000    
    13  -2.222864467       2.000000000    
    14  -1.691935068       2.000000000    
    15  -1.691915446       2.000000000    
    16  -1.691915446       2.000000000    
    17  -1.424122800       2.000000000    
    18 -0.4889460815E-01   2.000000000    
    19 -0.2593241404E-01   2.000000000    
    20 -0.2593241402E-01   2.000000000    
    21 -0.2474990109E-01   2.000000000    
    22 -0.2389635687E-01   2.000000000    
    23 -0.2389635686E-01   2.000000000    
    24 -0.1732361097E-01   2.000000000    
    25 -0.1732361095E-01   2.000000000    
    26 -0.1225676366E-01   2.000000000    
    27 -0.1225676366E-01   2.000000000    
    28 -0.1173143156E-01   2.000000000    
    29  0.5567787914E-01   2.000000000    
    30  0.1073781694       2.000000000    
    31  0.1073781694       2.000000000    
    32  0.1408139588       1.999999937    
    33  0.1408139588       1.999999937    
    34  0.1761008493       1.999960695    
    35  0.3408685434      0.9189073905E-08
    36  0.3408685434      0.9189073901E-08
    37  0.3995951661      0.2060631294E-12
    38  0.4153373727      0.1168747507E-13
    39  0.4153373727      0.1168747507E-13
    40  0.4282514671      0.1110036325E-14
    41  0.5927013082       0.000000000    
    42  0.5927013082       0.000000000    
    43  0.6024024544       0.000000000    
    44  0.7412645515       0.000000000    
    45  0.7659603043       0.000000000    
    46  0.7659603043       0.000000000    
    47  0.8284937289       0.000000000    
    48  0.8424781981       0.000000000    
    49  0.8424781981       0.000000000    
    50  0.9053238434       0.000000000    
    51   1.070478457       0.000000000    
    52   1.073545565       0.000000000    
    53   1.073545565       0.000000000    
    54   1.133157559       0.000000000    
    55   1.147889570       0.000000000    
    56   1.147889570       0.000000000    
    57   1.193449421       0.000000000    
    58   1.193449421       0.000000000    
    59   1.254114909       0.000000000    
    60   1.254634085       0.000000000    
    61   1.333077412       0.000000000    
    62   1.333077412       0.000000000    
    63   1.341627416       0.000000000    
    64   1.341627416       0.000000000    
    65   1.382199770       0.000000000    
    66   1.432256698       0.000000000    
    67   1.475545884       0.000000000    
    68   1.482753998       0.000000000    
    69   1.482753998       0.000000000    
    70   1.579213488       0.000000000    
    71   1.579213488       0.000000000    
    72   1.656550414       0.000000000    
    73   1.656550414       0.000000000    
    74   1.693519817       0.000000000    
    75   1.750985709       0.000000000    
 
 
     5  0.5000000000       0.000000000       0.000000000     : k-point, vkl
 (state, eigenvalue and occupancy below)
     1  -2.699878578       2.000000000    
     2  -2.699873564       2.000000000    
     3  -2.699873564       2.000000000    
     4  -2.699867462       2.000000000    
     5  -2.699863136       2.000000000    
     6  -2.699863136       2.000000000    
     7  -2.223711193       2.000000000    
     8  -2.223230931       2.000000000    
     9  -2.223230931       2.000000000    
    10  -2.223227964       2.000000000    
    11  -2.222864756       2.000000000    
    12  -2.222862211       2.000000000    
    13  -2.222862211       2.000000000    
    14  -1.691933464       2.000000000    
    15  -1.691908230       2.000000000    
    16  -1.691908230       2.000000000    
    17  -1.424076109       2.000000000    
    18 -0.3771673064E-01   2.000000000    
    19 -0.2342459132E-01   2.000000000    
    20 -0.2342459132E-01   2.000000000    
    21 -0.2143463237E-01   2.000000000    
    22 -0.2143463237E-01   2.000000000    
    23 -0.1956124227E-01   2.000000000    
    24 -0.1840743815E-01   2.000000000    
    25 -0.1840743815E-01   2.000000000    
    26 -0.1540534489E-01   2.000000000    
    27 -0.1540534489E-01   2.000000000    
    28 -0.1112534302E-01   2.000000000    
    29  0.4748554450E-01   2.000000000    
    30  0.1071605623       2.000000000    
    31  0.1071605623       2.000000000    
    32  0.1440897385       1.999999885    
    33  0.1440897385       1.999999885    
    34  0.1483279099       1.999999751    
    35  0.3300804987      0.6566592345E-07
    36  0.3300804987      0.6566592345E-07
    37  0.4084909355      0.4071361729E-13
    38  0.4127289991      0.1880271271E-13
    39  0.4127289991      0.1880271271E-13
    40  0.4238728630      0.2465940976E-14
    41  0.6415518881       0.000000000    
    42  0.6415518881       0.000000000    
    43  0.6466517015       0.000000000    
    44  0.7070119570       0.000000000    
    45  0.7070119570       0.000000000    
    46  0.7129738752       0.000000000    
    47  0.8371865445       0.000000000    
    48  0.8923959279       0.000000000    
    49  0.8923959279       0.000000000    
    50  0.9659817221       0.000000000    
    51   1.009984481       0.000000000    
    52   1.009984481       0.000000000    
    53   1.085121611       0.000000000    
    54   1.091372597       0.000000000    
    55   1.189870114       0.000000000    
    56   1.189870114       0.000000000    
    57   1.192179670       0.000000000    
    58   1.192179670       0.000000000    
    59   1.200900804       0.000000000    
    60   1.225290773       0.000000000    
    61   1.283751220       0.000000000    
    62   1.283751220       0.000000000    
    63   1.333928696       0.000000000    
    64   1.333928696       0.000000000    
    65   1.348521701       0.000000000    
    66   1.436641961       0.000000000    
    67   1.471678518       0.000000000    
    68   1.515007148       0.000000000    
    69   1.515007148       0.000000000    
    70   1.565105068       0.000000000    
    71   1.565105068       0.000000000    
    72   1.687135891       0.000000000    
    73   1.687135891       0.000000000    
    74   1.691667753       0.000000000    
    75   1.835343917       0.000000000    
 
 
     6  0.1250000000      0.1250000000       0.000000000     : k-point, vkl
 (state, eigenvalue and occupancy below)
     1  -2.699924325       2.000000000    
     2  -2.699924276       2.000000000    
     3  -2.699909905       2.000000000    
     4  -2.699851116       2.000000000    
     5  -2.699848786       2.000000000    
     6  -2.699829070       2.000000000    
     7  -2.223711823       2.000000000    
     8  -2.223232014       2.000000000    
     9  -2.223229862       2.000000000    
    10  -2.223229490       2.000000000    
    11  -2.222864673       2.000000000    
    12  -2.222864650       2.000000000    
    13  -2.222864178       2.000000000    
    14  -1.691922164       2.000000000    
    15  -1.691913591       2.000000000    
    16  -1.691911581       2.000000000    
    17  -1.424105149       2.000000000    
    18 -0.8188454067E-01   2.000000000    
    19 -0.3179343141E-01   2.000000000    
    20 -0.3133549383E-01   2.000000000    
    21 -0.2850003888E-01   2.000000000    
    22 -0.2611143285E-01   2.000000000    
    23 -0.2571335605E-01   2.000000000    
    24 -0.1568767080E-01   2.000000000    
    25 -0.1405075971E-01   2.000000000    
    26 -0.1234131879E-01   2.000000000    
    27 -0.7163467333E-02   2.000000000    
    28 -0.4563822731E-02   2.000000000    
    29  0.8071901136E-01   2.000000000    
    30  0.9849265040E-01   2.000000000    
    31  0.1056887240       2.000000000    
    32  0.1351416056       1.999999978    
    33  0.1406738920       1.999999938    
    34  0.3010437427      0.1306532498E-04
    35  0.3014327149      0.1217099942E-04
    36  0.3861606212      0.2385540767E-11
    37  0.4108689650      0.2639221002E-13
    38  0.4202193597      0.4799802472E-14
    39  0.4350708627      0.3202277930E-15
    40  0.4578870949      0.5001988693E-17
    41  0.4807991441      0.7677869743E-19
    42  0.5046212560      0.9983685609E-21
    43  0.5902067208       0.000000000    
    44  0.6414256777       0.000000000    
    45  0.6984525805       0.000000000    
    46  0.7626863332       0.000000000    
    47  0.7888310846       0.000000000    
    48  0.8756786824       0.000000000    
    49  0.9457701845       0.000000000    
    50  0.9580208719       0.000000000    
    51   1.004736253       0.000000000    
    52   1.037709442       0.000000000    
    53   1.054792112       0.000000000    
    54   1.204165915       0.000000000    
    55   1.214306271       0.000000000    
    56   1.224315082       0.000000000    
    57   1.244660950       0.000000000    
    58   1.296727634       0.000000000    
    59   1.299041089       0.000000000    
    60   1.313215347       0.000000000    
    61   1.326746735       0.000000000    
    62   1.356490503       0.000000000    
    63   1.396303742       0.000000000    
    64   1.417963258       0.000000000    
    65   1.425970128       0.000000000    
    66   1.439811840       0.000000000    
    67   1.451763889       0.000000000    
    68   1.481046925       0.000000000    
    69   1.508988801       0.000000000    
    70   1.520800290       0.000000000    
    71   1.610440389       0.000000000    
    72   1.610663364       0.000000000    
    73   1.623935967       0.000000000    
    74   1.661132127       0.000000000    
    75   1.707710835       0.000000000    
 
 
     7  0.2500000000      0.1250000000       0.000000000     : k-point, vkl
 (state, eigenvalue and occupancy below)
     1  -2.699927644       2.000000000    
     2  -2.699909683       2.000000000    
     3  -2.699893591       2.000000000    
     4  -2.699871252       2.000000000    
     5  -2.699867417       2.000000000    
     6  -2.699832083       2.000000000    
     7  -2.223711446       2.000000000    
     8  -2.223232715       2.000000000    
     9  -2.223231435       2.000000000    
    10  -2.223229542       2.000000000    
    11  -2.222865442       2.000000000    
    12  -2.222865043       2.000000000    
    13  -2.222864708       2.000000000    
    14  -1.691930635       2.000000000    
    15  -1.691917489       2.000000000    
    16  -1.691914767       2.000000000    
    17  -1.424116017       2.000000000    
    18 -0.6051497478E-01   2.000000000    
    19 -0.2928724551E-01   2.000000000    
    20 -0.2801815466E-01   2.000000000    
    21 -0.2782293300E-01   2.000000000    
    22 -0.2385015241E-01   2.000000000    
    23 -0.2350614017E-01   2.000000000    
    24 -0.1804537189E-01   2.000000000    
    25 -0.1441629978E-01   2.000000000    
    26 -0.1178202642E-01   2.000000000    
    27 -0.1126997195E-01   2.000000000    
    28 -0.8623653833E-02   2.000000000    
    29  0.6735436892E-01   2.000000000    
    30  0.1011045875       2.000000000    
    31  0.1130588057       2.000000000    
    32  0.1316436844       1.999999988    
    33  0.1423154318       1.999999917    
    34  0.2186466623       1.912252055    
    35  0.2815006914      0.4604771257E-03
    36  0.3645629408      0.1223017886E-09
    37  0.4050250842      0.7658158172E-13
    38  0.4128535881      0.1838048824E-13
    39  0.4359400052      0.2733069747E-15
    40  0.4949891151      0.5778945298E-20
    41  0.5072706511      0.6159472064E-21
    42  0.5395603823       0.000000000    
    43  0.6449210516       0.000000000    
    44  0.7179638445       0.000000000    
    45  0.7267711231       0.000000000    
    46  0.7740638112       0.000000000    
    47  0.8308291288       0.000000000    
    48  0.8647432092       0.000000000    
    49  0.8779650880       0.000000000    
    50  0.8859970815       0.000000000    
    51   1.015542925       0.000000000    
    52   1.063262255       0.000000000    
    53   1.089462065       0.000000000    
    54   1.113688855       0.000000000    
    55   1.151507959       0.000000000    
    56   1.183648659       0.000000000    
    57   1.194086831       0.000000000    
    58   1.229732157       0.000000000    
    59   1.255830309       0.000000000    
    60   1.303451422       0.000000000    
    61   1.330821468       0.000000000    
    62   1.372666314       0.000000000    
    63   1.374948021       0.000000000    
    64   1.391399186       0.000000000    
    65   1.425487638       0.000000000    
    66   1.441521706       0.000000000    
    67   1.471515719       0.000000000    
    68   1.478640305       0.000000000    
    69   1.509679299       0.000000000    
    70   1.513151622       0.000000000    
    71   1.564721302       0.000000000    
    72   1.627957659       0.000000000    
    73   1.660532191       0.000000000    
    74   1.667026166       0.000000000    
    75   1.716344381       0.000000000    
 
 
     8  0.3750000000      0.1250000000       0.000000000     : k-point, vkl
 (state, eigenvalue and occupancy below)
     1  -2.699923153       2.000000000    
     2  -2.699884055       2.000000000    
     3  -2.699875637       2.000000000    
     4  -2.699875386       2.000000000    
     5  -2.699867272       2.000000000    
     6  -2.699837669       2.000000000    
     7  -2.223711066       2.000000000    
     8  -2.223232367       2.000000000    
     9  -2.223231806       2.000000000    
    10  -2.223229119       2.000000000    
    11  -2.222865085       2.000000000    
    12  -2.222864448       2.000000000    
    13  -2.222862790       2.000000000    
    14  -1.691934132       2.000000000    
    15  -1.691916639       2.000000000    
    16  -1.691909289       2.000000000    
    17  -1.424096171       2.000000000    
    18 -0.4041416182E-01   2.000000000    
    19 -0.2771854179E-01   2.000000000    
    20 -0.2486929100E-01   2.000000000    
    21 -0.2399935714E-01   2.000000000    
    22 -0.2145606752E-01   2.000000000    
    23 -0.2018367876E-01   2.000000000    
    24 -0.1891464925E-01   2.000000000    
    25 -0.1544093421E-01   2.000000000    
    26 -0.1536581786E-01   2.000000000    
    27 -0.1491031664E-01   2.000000000    
    28 -0.5729275881E-02   2.000000000    
    29  0.5469962295E-01   2.000000000    
    30  0.1029260909       2.000000000    
    31  0.1120011422       2.000000000    
    32  0.1380634476       1.999999962    
    33  0.1445723812       1.999999875    
    34  0.1611980916       1.999997402    
    35  0.2733475925      0.2033906649E-02
    36  0.3233040580      0.2258486661E-06
    37  0.3986302659      0.2456911712E-12
    38  0.4325302174      0.5088583733E-15
    39  0.4390202212      0.1558820323E-15
    40  0.4900590111      0.1419564873E-19
    41  0.5773231411       0.000000000    
    42  0.5798546761       0.000000000    
    43  0.6802289073       0.000000000    
    44  0.7072024885       0.000000000    
    45  0.7517960600       0.000000000    
    46  0.7779234159       0.000000000    
    47  0.7957949059       0.000000000    
    48  0.8586445373       0.000000000    
    49  0.8957708948       0.000000000    
    50  0.9622390005       0.000000000    
    51   1.009834909       0.000000000    
    52   1.034430418       0.000000000    
    53   1.049586790       0.000000000    
    54   1.108427737       0.000000000    
    55   1.118275355       0.000000000    
    56   1.134881234       0.000000000    
    57   1.170879993       0.000000000    
    58   1.196746601       0.000000000    
    59   1.232985618       0.000000000    
    60   1.265630459       0.000000000    
    61   1.273635425       0.000000000    
    62   1.342064147       0.000000000    
    63   1.347384678       0.000000000    
    64   1.358646312       0.000000000    
    65   1.398513074       0.000000000    
    66   1.445815373       0.000000000    
    67   1.463704473       0.000000000    
    68   1.482359650       0.000000000    
    69   1.506941632       0.000000000    
    70   1.609953160       0.000000000    
    71   1.640732373       0.000000000    
    72   1.643901363       0.000000000    
    73   1.658395878       0.000000000    
    74   1.727559423       0.000000000    
    75   1.752604934       0.000000000    
 
 
     9  0.5000000000      0.1250000000       0.000000000     : k-point, vkl
 (state, eigenvalue and occupancy below)
     1  -2.699903862       2.000000000    
     2  -2.699901205       2.000000000    
     3  -2.699899265       2.000000000    
     4  -2.699861065       2.000000000    
     5  -2.699858820       2.000000000    
     6  -2.699849503       2.000000000    
     7  -2.223711247       2.000000000    
     8  -2.223232700       2.000000000    
     9  -2.223232419       2.000000000    
    10  -2.223229576       2.000000000    
    11  -2.222865258       2.000000000    
    12  -2.222864426       2.000000000    
    13  -2.222864194       2.000000000    
    14  -1.691935919       2.000000000    
    15  -1.691917593       2.000000000    
    16  -1.691914403       2.000000000    
    17  -1.424101975       2.000000000    
    18 -0.3735086621E-01   2.000000000    
    19 -0.2555067895E-01   2.000000000    
    20 -0.2410286154E-01   2.000000000    
    21 -0.2351122900E-01   2.000000000    
    22 -0.2307473392E-01   2.000000000    
    23 -0.2189214773E-01   2.000000000    
    24 -0.1824327622E-01   2.000000000    
    25 -0.1705043523E-01   2.000000000    
    26 -0.1598993637E-01   2.000000000    
    27 -0.1344398953E-01   2.000000000    
    28 -0.2486160851E-02   2.000000000    
    29  0.5178534348E-01   2.000000000    
    30  0.1053258447       2.000000000    
    31  0.1091493262       2.000000000    
    32  0.1434075111       1.999999899    
    33  0.1437436097       1.999999892    
    34  0.1485223339       1.999999742    
    35  0.2847260445      0.2558041795E-03
    36  0.3003539374      0.1481597941E-04
    37  0.3912651792      0.9407386978E-12
    38  0.4459600675      0.4399284509E-16
    39  0.4476782176      0.3216321691E-16
    40  0.4817754074      0.6426165278E-19
    41  0.5611051592       0.000000000    
    42  0.6486241316       0.000000000    
    43  0.6747954935       0.000000000    
    44  0.7038302416       0.000000000    
    45  0.7090196975       0.000000000    
    46  0.7807640372       0.000000000    
    47  0.8071286506       0.000000000    
    48  0.8666285817       0.000000000    
    49  0.9254986875       0.000000000    
    50  0.9333538734       0.000000000    
    51   1.005632014       0.000000000    
    52   1.016972937       0.000000000    
    53   1.079747919       0.000000000    
    54   1.095560351       0.000000000    
    55   1.117463024       0.000000000    
    56   1.139275285       0.000000000    
    57   1.176478008       0.000000000    
    58   1.194088880       0.000000000    
    59   1.228230251       0.000000000    
    60   1.238020460       0.000000000    
    61   1.250204082       0.000000000    
    62   1.327166814       0.000000000    
    63   1.349935638       0.000000000    
    64   1.354652977       0.000000000    
    65   1.412126427       0.000000000    
    66   1.422961377       0.000000000    
    67   1.472032732       0.000000000    
    68   1.483999229       0.000000000    
    69   1.540785494       0.000000000    
    70   1.595019165       0.000000000    
    71   1.610789251       0.000000000    
    72   1.645904882       0.000000000    
    73   1.716679295       0.000000000    
    74   1.738515700       0.000000000    
    75   1.797514840       0.000000000    
 
 
    10  0.6250000000      0.1250000000       0.000000000     : k-point, vkl
 (state, eigenvalue and occupancy below)
     1  -2.699924824       2.000000000    
     2  -2.699917996       2.000000000    
     3  -2.699889856       2.000000000    
     4  -2.699884218       2.000000000    
     5  -2.699846453       2.000000000    
     6  -2.699845560       2.000000000    
     7  -2.223711712       2.000000000    
     8  -2.223233153       2.000000000    
     9  -2.223232237       2.000000000    
    10  -2.223230051       2.000000000    
    11  -2.222865305       2.000000000    
    12  -2.222864964       2.000000000    
    13  -2.222864326       2.000000000    
    14  -1.691932791       2.000000000    
    15  -1.691918106       2.000000000    
    16  -1.691916795       2.000000000    
    17  -1.424121621       2.000000000    
    18 -0.5266415585E-01   2.000000000    
    19 -0.2784380075E-01   2.000000000    
    20 -0.2768951068E-01   2.000000000    
    21 -0.2568705033E-01   2.000000000    
    22 -0.2473333220E-01   2.000000000    
    23 -0.2195639391E-01   2.000000000    
    24 -0.1964517210E-01   2.000000000    
    25 -0.1570177691E-01   2.000000000    
    26 -0.1288001575E-01   2.000000000    
    27 -0.1094696398E-01   2.000000000    
    28 -0.8065264158E-02   2.000000000    
    29  0.6333499614E-01   2.000000000    
    30  0.1071468674       2.000000000    
    31  0.1083568048       2.000000000    
    32  0.1345076328       1.999999980    
    33  0.1418952114       1.999999923    
    34  0.1936212575       1.999042141    
    35  0.3009123735      0.1338198039E-04
    36  0.3125328770      0.1608979426E-05
    37  0.3826826348      0.4497096406E-11
    38  0.4454425497      0.4834515065E-16
    39  0.4587878476      0.4244552213E-17
    40  0.4792002528      0.1027594629E-18
    41  0.5076928513      0.5703201574E-21
    42  0.6184342609       0.000000000    
    43  0.6256998346       0.000000000    
    44  0.7267189151       0.000000000    
    45  0.7439965663       0.000000000    
    46  0.7988339690       0.000000000    
    47  0.8030109424       0.000000000    
    48  0.8102216514       0.000000000    
    49  0.8785715360       0.000000000    
    50  0.9285802687       0.000000000    
    51   1.014047204       0.000000000    
    52   1.057727337       0.000000000    
    53   1.082551718       0.000000000    
    54   1.101410840       0.000000000    
    55   1.138230242       0.000000000    
    56   1.170913157       0.000000000    
    57   1.187961159       0.000000000    
    58   1.217552774       0.000000000    
    59   1.250373216       0.000000000    
    60   1.283386405       0.000000000    
    61   1.300699786       0.000000000    
    62   1.342734175       0.000000000    
    63   1.367975134       0.000000000    
    64   1.394157204       0.000000000    
    65   1.416279916       0.000000000    
    66   1.430285960       0.000000000    
    67   1.483538637       0.000000000    
    68   1.514121031       0.000000000    
    69   1.521403973       0.000000000    
    70   1.540926203       0.000000000    
    71   1.560085203       0.000000000    
    72   1.617860798       0.000000000    
    73   1.684182217       0.000000000    
    74   1.688724617       0.000000000    
    75   1.713169930       0.000000000    
 
 
    11  0.7500000000      0.1250000000       0.000000000     : k-point, vkl
 (state, eigenvalue and occupancy below)
     1  -2.699936334       2.000000000    
     2  -2.699927360       2.000000000    
     3  -2.699910484       2.000000000    
     4  -2.699868431       2.000000000    
     5  -2.699837900       2.000000000    
     6  -2.699832926       2.000000000    
     7  -2.223711832       2.000000000    
     8  -2.223231852       2.000000000    
     9  -2.223230980       2.000000000    
    10  -2.223230033       2.000000000    
    11  -2.222865621       2.000000000    
    12  -2.222864827       2.000000000    
    13  -2.222864628       2.000000000    
    14  -1.691926082       2.000000000    
    15  -1.691916275       2.000000000    
    16  -1.691914546       2.000000000    
    17  -1.424124931       2.000000000    
    18 -0.7555265758E-01   2.000000000    
    19 -0.3113590728E-01   2.000000000    
    20 -0.3027973250E-01   2.000000000    
    21 -0.2827158888E-01   2.000000000    
    22 -0.2613887900E-01   2.000000000    
    23 -0.2535543871E-01   2.000000000    
    24 -0.1622344217E-01   2.000000000    
    25 -0.1432209698E-01   2.000000000    
    26 -0.1272549207E-01   2.000000000    
    27 -0.9522565682E-02   2.000000000    
    28 -0.3894793684E-02   2.000000000    
    29  0.7855247096E-01   2.000000000    
    30  0.1026025093       2.000000000    
    31  0.1048460880       2.000000000    
    32  0.1323070051       1.999999987    
    33  0.1406289370       1.999999939    
    34  0.2700496843      0.3707285603E-02
    35  0.3200039596      0.4121732506E-06
    36  0.3446703221      0.4595072716E-08
    37  0.3722779927      0.2996727789E-10
    38  0.4233735850      0.2700906418E-14
    39  0.4648636584      0.1402238432E-17
    40  0.4726632794      0.3383305222E-18
    41  0.4882448263      0.1975971579E-19
    42  0.5660909560       0.000000000    
    43  0.5802983471       0.000000000    
    44  0.6672487398       0.000000000    
    45  0.7116450223       0.000000000    
    46  0.7286650987       0.000000000    
    47  0.8466305989       0.000000000    
    48  0.8691676236       0.000000000    
    49  0.8854987475       0.000000000    
    50  0.9518128729       0.000000000    
    51  0.9893336711       0.000000000    
    52   1.046191371       0.000000000    
    53   1.065296170       0.000000000    
    54   1.176992311       0.000000000    
    55   1.195075843       0.000000000    
    56   1.207758867       0.000000000    
    57   1.253769570       0.000000000    
    58   1.280351629       0.000000000    
    59   1.282002078       0.000000000    
    60   1.320030916       0.000000000    
    61   1.331818676       0.000000000    
    62   1.367902894       0.000000000    
    63   1.379279347       0.000000000    
    64   1.389525523       0.000000000    
    65   1.416594524       0.000000000    
    66   1.421915029       0.000000000    
    67   1.458953355       0.000000000    
    68   1.502157914       0.000000000    
    69   1.514089206       0.000000000    
    70   1.561536689       0.000000000    
    71   1.594947635       0.000000000    
    72   1.611550062       0.000000000    
    73   1.628494891       0.000000000    
    74   1.664838113       0.000000000    
    75   1.679642624       0.000000000    
 
 
    12  0.8750000000      0.1250000000       0.000000000     : k-point, vkl
 (state, eigenvalue and occupancy below)
     1  -2.699924383       2.000000000    
     2  -2.699924383       2.000000000    
     3  -2.699906460       2.000000000    
     4  -2.699848819       2.000000000    
     5  -2.699836940       2.000000000    
     6  -2.699836940       2.000000000    
     7  -2.223711780       2.000000000    
     8  -2.223229460       2.000000000    
     9  -2.223229460       2.000000000    
    10  -2.223229111       2.000000000    
    11  -2.222863874       2.000000000    
    12  -2.222863833       2.000000000    
    13  -2.222863833       2.000000000    
    14  -1.691913538       2.000000000    
    15  -1.691913538       2.000000000    
    16  -1.691912510       2.000000000    
    17  -1.424101995       2.000000000    
    18 -0.9058659156E-01   2.000000000    
    19 -0.3310303710E-01   2.000000000    
    20 -0.3272047488E-01   2.000000000    
    21 -0.2780585816E-01   2.000000000    
    22 -0.2681943157E-01   2.000000000    
    23 -0.2681943157E-01   2.000000000    
    24 -0.1398577518E-01   2.000000000    
    25 -0.1375922541E-01   2.000000000    
    26 -0.1375922541E-01   2.000000000    
    27 -0.5680111016E-02   2.000000000    
    28 -0.2070178661E-02   2.000000000    
    29  0.9040039176E-01   2.000000000    
    30  0.9795260783E-01   2.000000000    
    31  0.9795260783E-01   2.000000000    
    32  0.1371760430       1.999999967    
    33  0.1417332009       1.999999925    
    34  0.3439652877      0.5225268084E-08
    35  0.3508086455      0.1500836451E-08
    36  0.3508086455      0.1500836451E-08
    37  0.3912967941      0.9353326934E-12
    38  0.4078673003      0.4561541830E-13
    39  0.4569839753      0.5897132783E-17
    40  0.4569839753      0.5897132781E-17
    41  0.4753624229      0.2068498839E-18
    42  0.5404709077       0.000000000    
    43  0.5404709077       0.000000000    
    44  0.5858156108       0.000000000    
    45  0.6863343474       0.000000000    
    46  0.7095240326       0.000000000    
    47  0.7794818266       0.000000000    
    48  0.9707175519       0.000000000    
    49  0.9707175519       0.000000000    
    50  0.9716017629       0.000000000    
    51  0.9868666714       0.000000000    
    52   1.041357913       0.000000000    
    53   1.041357913       0.000000000    
    54   1.200646874       0.000000000    
    55   1.237500783       0.000000000    
    56   1.237861841       0.000000000    
    57   1.237861841       0.000000000    
    58   1.253502617       0.000000000    
    59   1.348193885       0.000000000    
    60   1.355152763       0.000000000    
    61   1.355152763       0.000000000    
    62   1.392897105       0.000000000    
    63   1.392897105       0.000000000    
    64   1.393357010       0.000000000    
    65   1.450705721       0.000000000    
    66   1.474354189       0.000000000    
    67   1.474354189       0.000000000    
    68   1.489136053       0.000000000    
    69   1.507934162       0.000000000    
    70   1.511219016       0.000000000    
    71   1.602969509       0.000000000    
    72   1.602969509       0.000000000    
    73   1.639772345       0.000000000    
    74   1.660574420       0.000000000    
    75   1.681680395       0.000000000    
 
 
    13  0.2500000000      0.2500000000       0.000000000     : k-point, vkl
 (state, eigenvalue and occupancy below)
     1  -2.699941667       2.000000000    
     2  -2.699885105       2.000000000    
     3  -2.699878749       2.000000000    
     4  -2.699876252       2.000000000    
     5  -2.699868177       2.000000000    
     6  -2.699829572       2.000000000    
     7  -2.223710800       2.000000000    
     8  -2.223232796       2.000000000    
     9  -2.223231916       2.000000000    
    10  -2.223229847       2.000000000    
    11  -2.222865452       2.000000000    
    12  -2.222864757       2.000000000    
    13  -2.222862860       2.000000000    
    14  -1.691927409       2.000000000    
    15  -1.691925352       2.000000000    
    16  -1.691911103       2.000000000    
    17  -1.424109724       2.000000000    
    18 -0.4343969708E-01   2.000000000    
    19 -0.3022104145E-01   2.000000000    
    20 -0.2588999720E-01   2.000000000    
    21 -0.2449425305E-01   2.000000000    
    22 -0.2114892941E-01   2.000000000    
    23 -0.2073718832E-01   2.000000000    
    24 -0.1946189210E-01   2.000000000    
    25 -0.1442809951E-01   2.000000000    
    26 -0.1419193657E-01   2.000000000    
    27 -0.1251475546E-01   2.000000000    
    28 -0.5209230972E-02   2.000000000    
    29  0.6401393036E-01   2.000000000    
    30  0.9700009333E-01   2.000000000    
    31  0.1244311805       1.999999997    
    32  0.1244630693       1.999999997    
    33  0.1443546875       1.999999879    
    34  0.1946408664       1.998846601    
    35  0.2151999592       1.952208647    
    36  0.3182853893      0.5638136769E-06
    37  0.3966023098      0.3555812486E-12
    38  0.4474531599      0.3351018746E-16
    39  0.4906680721      0.1270390035E-19
    40  0.5091021347      0.4411116425E-21
    41  0.5274438031       0.000000000    
    42  0.5780403170       0.000000000    
    43  0.6747290511       0.000000000    
    44  0.7013912188       0.000000000    
    45  0.7445713636       0.000000000    
    46  0.7862300215       0.000000000    
    47  0.8414216063       0.000000000    
    48  0.8533505273       0.000000000    
    49  0.9024653893       0.000000000    
    50  0.9613064714       0.000000000    
    51  0.9761989101       0.000000000    
    52   1.010771025       0.000000000    
    53   1.050873249       0.000000000    
    54   1.078423350       0.000000000    
    55   1.100778067       0.000000000    
    56   1.146697066       0.000000000    
    57   1.155884639       0.000000000    
    58   1.161101292       0.000000000    
    59   1.245109590       0.000000000    
    60   1.313570532       0.000000000    
    61   1.321457388       0.000000000    
    62   1.337075307       0.000000000    
    63   1.339184766       0.000000000    
    64   1.376851915       0.000000000    
    65   1.425757401       0.000000000    
    66   1.479163996       0.000000000    
    67   1.497358061       0.000000000    
    68   1.501008732       0.000000000    
    69   1.512721623       0.000000000    
    70   1.566466049       0.000000000    
    71   1.583972122       0.000000000    
    72   1.677879790       0.000000000    
    73   1.681599523       0.000000000    
    74   1.728838285       0.000000000    
    75   1.729397818       0.000000000    
 
 
    14  0.3750000000      0.2500000000       0.000000000     : k-point, vkl
 (state, eigenvalue and occupancy below)
     1  -2.699943817       2.000000000    
     2  -2.699898107       2.000000000    
     3  -2.699895032       2.000000000    
     4  -2.699853326       2.000000000    
     5  -2.699840473       2.000000000    
     6  -2.699828420       2.000000000    
     7  -2.223710556       2.000000000    
     8  -2.223233394       2.000000000    
     9  -2.223231103       2.000000000    
    10  -2.223230329       2.000000000    
    11  -2.222864449       2.000000000    
    12  -2.222863990       2.000000000    
    13  -2.222863542       2.000000000    
    14  -1.691931105       2.000000000    
    15  -1.691925013       2.000000000    
    16  -1.691910364       2.000000000    
    17  -1.424100619       2.000000000    
    18 -0.3504478946E-01   2.000000000    
    19 -0.3013161635E-01   2.000000000    
    20 -0.2552936403E-01   2.000000000    
    21 -0.2367832020E-01   2.000000000    
    22 -0.2157481005E-01   2.000000000    
    23 -0.2143157261E-01   2.000000000    
    24 -0.1729636802E-01   2.000000000    
    25 -0.1721713790E-01   2.000000000    
    26 -0.1413556581E-01   2.000000000    
    27 -0.1378725033E-01   2.000000000    
    28  0.1640735559E-01   2.000000000    
    29  0.5871220715E-01   2.000000000    
    30  0.9510550108E-01   2.000000000    
    31  0.1189749770       1.999999999    
    32  0.1326259946       1.999999986    
    33  0.1359251531       1.999999974    
    34  0.1635317710       1.999996025    
    35  0.2104794773       1.979504043    
    36  0.2773436541      0.9821983842E-03
    37  0.3882579746      0.1627584302E-11
    38  0.4796238951      0.9512242137E-19
    39  0.5002655810      0.2208620685E-20
    40  0.5226399330       0.000000000    
    41  0.5798317982       0.000000000    
    42  0.5956639137       0.000000000    
    43  0.6417405998       0.000000000    
    44  0.7386275011       0.000000000    
    45  0.7636420085       0.000000000    
    46  0.7845878987       0.000000000    
    47  0.8233948093       0.000000000    
    48  0.8766537189       0.000000000    
    49  0.9037520930       0.000000000    
    50  0.9507928848       0.000000000    
    51  0.9763871319       0.000000000    
    52  0.9944608487       0.000000000    
    53   1.017049636       0.000000000    
    54   1.052265717       0.000000000    
    55   1.083185841       0.000000000    
    56   1.122559738       0.000000000    
    57   1.163793457       0.000000000    
    58   1.189893363       0.000000000    
    59   1.228527714       0.000000000    
    60   1.258912212       0.000000000    
    61   1.264193414       0.000000000    
    62   1.308089128       0.000000000    
    63   1.320566638       0.000000000    
    64   1.346913079       0.000000000    
    65   1.409462538       0.000000000    
    66   1.501749787       0.000000000    
    67   1.502357131       0.000000000    
    68   1.555763810       0.000000000    
    69   1.565094228       0.000000000    
    70   1.618754043       0.000000000    
    71   1.658820515       0.000000000    
    72   1.707171063       0.000000000    
    73   1.718526462       0.000000000    
    74   1.742662280       0.000000000    
    75   1.744604420       0.000000000    
 
 
    15  0.5000000000      0.2500000000       0.000000000     : k-point, vkl
 (state, eigenvalue and occupancy below)
     1  -2.699924433       2.000000000    
     2  -2.699918488       2.000000000    
     3  -2.699915570       2.000000000    
     4  -2.699842610       2.000000000    
     5  -2.699839277       2.000000000    
     6  -2.699827453       2.000000000    
     7  -2.223711235       2.000000000    
     8  -2.223233558       2.000000000    
     9  -2.223232278       2.000000000    
    10  -2.223229815       2.000000000    
    11  -2.222864992       2.000000000    
    12  -2.222864323       2.000000000    
    13  -2.222864015       2.000000000    
    14  -1.691933583       2.000000000    
    15  -1.691921057       2.000000000    
    16  -1.691917786       2.000000000    
    17  -1.424099557       2.000000000    
    18 -0.3737853423E-01   2.000000000    
    19 -0.2852270836E-01   2.000000000    
    20 -0.2662178530E-01   2.000000000    
    21 -0.2592996695E-01   2.000000000    
    22 -0.2224733235E-01   2.000000000    
    23 -0.2207844222E-01   2.000000000    
    24 -0.1951557438E-01   2.000000000    
    25 -0.1708686892E-01   2.000000000    
    26 -0.1258301361E-01   2.000000000    
    27 -0.8244647025E-02   2.000000000    
    28  0.1085369121E-01   2.000000000    
    29  0.6164930582E-01   2.000000000    
    30  0.1001713452       2.000000000    
    31  0.1163751763       1.999999999    
    32  0.1407022617       1.999999938    
    33  0.1419507134       1.999999922    
    34  0.1503461592       1.999999641    
    35  0.2324862015       1.272323320    
    36  0.2540371207      0.6650556467E-01
    37  0.3783927912      0.9829936221E-11
    38  0.4656032194      0.1225384186E-17
    39  0.5109684136       0.000000000    
    40  0.5175047505       0.000000000    
    41  0.5798012698       0.000000000    
    42  0.6623186791       0.000000000    
    43  0.6748864803       0.000000000    
    44  0.7149614615       0.000000000    
    45  0.7205492868       0.000000000    
    46  0.7725360184       0.000000000    
    47  0.8190562655       0.000000000    
    48  0.8472715783       0.000000000    
    49  0.8896607419       0.000000000    
    50  0.9398428906       0.000000000    
    51  0.9459774326       0.000000000    
    52   1.025334357       0.000000000    
    53   1.030541747       0.000000000    
    54   1.066669902       0.000000000    
    55   1.115584027       0.000000000    
    56   1.131573188       0.000000000    
    57   1.168299912       0.000000000    
    58   1.192465230       0.000000000    
    59   1.236206691       0.000000000    
    60   1.251224473       0.000000000    
    61   1.254984029       0.000000000    
    62   1.302081048       0.000000000    
    63   1.320410880       0.000000000    
    64   1.402117752       0.000000000    
    65   1.423039207       0.000000000    
    66   1.499754122       0.000000000    
    67   1.514898650       0.000000000    
    68   1.542095184       0.000000000    
    69   1.546432077       0.000000000    
    70   1.605785581       0.000000000    
    71   1.606887833       0.000000000    
    72   1.659693608       0.000000000    
    73   1.692633178       0.000000000    
    74   1.706429628       0.000000000    
    75   1.754545312       0.000000000    
 
 
    16  0.6250000000      0.2500000000       0.000000000     : k-point, vkl
 (state, eigenvalue and occupancy below)
     1  -2.699933062       2.000000000    
     2  -2.699928676       2.000000000    
     3  -2.699911816       2.000000000    
     4  -2.699854300       2.000000000    
     5  -2.699834108       2.000000000    
     6  -2.699833578       2.000000000    
     7  -2.223711557       2.000000000    
     8  -2.223233480       2.000000000    
     9  -2.223232130       2.000000000    
    10  -2.223230232       2.000000000    
    11  -2.222865190       2.000000000    
    12  -2.222864708       2.000000000    
    13  -2.222864152       2.000000000    
    14  -1.691928744       2.000000000    
    15  -1.691921790       2.000000000    
    16  -1.691918231       2.000000000    
    17  -1.424116289       2.000000000    
    18 -0.4909063111E-01   2.000000000    
    19 -0.2935770796E-01   2.000000000    
    20 -0.2829826434E-01   2.000000000    
    21 -0.2423863144E-01   2.000000000    
    22 -0.2392217976E-01   2.000000000    
    23 -0.2325182771E-01   2.000000000    
    24 -0.1988928224E-01   2.000000000    
    25 -0.1537938856E-01   2.000000000    
    26 -0.1130542038E-01   2.000000000    
    27 -0.1050053371E-01   2.000000000    
    28 -0.4044075814E-02   2.000000000    
    29  0.7180301418E-01   2.000000000    
    30  0.1090167655       2.000000000    
    31  0.1134267597       2.000000000    
    32  0.1254098449       1.999999996    
    33  0.1407743955       1.999999937    
    34  0.2070425946       1.988993382    
    35  0.2569559472      0.3960775838E-01
    36  0.2608177926      0.1978855727E-01
    37  0.3615622621      0.2113443564E-09
    38  0.4283589844      0.1088492037E-14
    39  0.5165056573       0.000000000    
    40  0.5176163640       0.000000000    
    41  0.5733430306       0.000000000    
    42  0.6514741310       0.000000000    
    43  0.6707390522       0.000000000    
    44  0.7041788319       0.000000000    
    45  0.7132073253       0.000000000    
    46  0.7616679999       0.000000000    
    47  0.7870139384       0.000000000    
    48  0.7946569994       0.000000000    
    49  0.9036682822       0.000000000    
    50  0.9133291904       0.000000000    
    51   1.003016363       0.000000000    
    52   1.042297881       0.000000000    
    53   1.065887680       0.000000000    
    54   1.076569111       0.000000000    
    55   1.120012675       0.000000000    
    56   1.123293627       0.000000000    
    57   1.195330716       0.000000000    
    58   1.243859090       0.000000000    
    59   1.252928114       0.000000000    
    60   1.277351923       0.000000000    
    61   1.298614864       0.000000000    
    62   1.331894144       0.000000000    
    63   1.376392526       0.000000000    
    64   1.430071181       0.000000000    
    65   1.446799337       0.000000000    
    66   1.479969646       0.000000000    
    67   1.501535916       0.000000000    
    68   1.506632546       0.000000000    
    69   1.510026558       0.000000000    
    70   1.546409704       0.000000000    
    71   1.580386437       0.000000000    
    72   1.612924137       0.000000000    
    73   1.653326389       0.000000000    
    74   1.698039271       0.000000000    
    75   1.705581779       0.000000000    
 
 
    17  0.7500000000      0.2500000000       0.000000000     : k-point, vkl
 (state, eigenvalue and occupancy below)
     1  -2.699935741       2.000000000    
     2  -2.699935741       2.000000000    
     3  -2.699898415       2.000000000    
     4  -2.699896039       2.000000000    
     5  -2.699836234       2.000000000    
     6  -2.699836234       2.000000000    
     7  -2.223712540       2.000000000    
     8  -2.223233728       2.000000000    
     9  -2.223231668       2.000000000    
    10  -2.223231668       2.000000000    
    11  -2.222866599       2.000000000    
    12  -2.222864793       2.000000000    
    13  -2.222864793       2.000000000    
    14  -1.691930083       2.000000000    
    15  -1.691921782       2.000000000    
    16  -1.691921782       2.000000000    
    17  -1.424131839       2.000000000    
    18 -0.6561424495E-01   2.000000000    
    19 -0.3044262655E-01   2.000000000    
    20 -0.2954705765E-01   2.000000000    
    21 -0.2562982368E-01   2.000000000    
    22 -0.2562982368E-01   2.000000000    
    23 -0.2554504370E-01   2.000000000    
    24 -0.1898336906E-01   2.000000000    
    25 -0.1445625245E-01   2.000000000    
    26 -0.1445625245E-01   2.000000000    
    27 -0.1029370629E-01   2.000000000    
    28 -0.2499302440E-02   2.000000000    
    29  0.8027331938E-01   2.000000000    
    30  0.1067870182       2.000000000    
    31  0.1067870182       2.000000000    
    32  0.1245365302       1.999999997    
    33  0.1403536453       1.999999942    
    34  0.2815679852      0.4548642083E-03
    35  0.2815679852      0.4548642083E-03
    36  0.2838708151      0.2989545054E-03
    37  0.3449714745      0.4349614273E-08
    38  0.4122733031      0.2043135023E-13
    39  0.5004244140      0.2145589511E-20
    40  0.5004244140      0.2145589510E-20
    41  0.5442010330       0.000000000    
    42  0.6339112439       0.000000000    
    43  0.6339112439       0.000000000    
    44  0.6522704624       0.000000000    
    45  0.6866055026       0.000000000    
    46  0.7027954478       0.000000000    
    47  0.8651448440       0.000000000    
    48  0.8651448440       0.000000000    
    49  0.9013622702       0.000000000    
    50  0.9188835638       0.000000000    
    51  0.9284611981       0.000000000    
    52   1.077931166       0.000000000    
    53   1.077931166       0.000000000    
    54   1.145703445       0.000000000    
    55   1.148555310       0.000000000    
    56   1.148555310       0.000000000    
    57   1.215847511       0.000000000    
    58   1.270362811       0.000000000    
    59   1.305112236       0.000000000    
    60   1.305112236       0.000000000    
    61   1.352240139       0.000000000    
    62   1.375048677       0.000000000    
    63   1.375048677       0.000000000    
    64   1.377251355       0.000000000    
    65   1.411413288       0.000000000    
    66   1.444365729       0.000000000    
    67   1.498908936       0.000000000    
    68   1.498908936       0.000000000    
    69   1.527172559       0.000000000    
    70   1.566067143       0.000000000    
    71   1.571239386       0.000000000    
    72   1.607258453       0.000000000    
    73   1.607258453       0.000000000    
    74   1.692877187       0.000000000    
    75   1.717040641       0.000000000    
 
 
    18  0.3750000000      0.3750000000       0.000000000     : k-point, vkl
 (state, eigenvalue and occupancy below)
     1  -2.699942704       2.000000000    
     2  -2.699919683       2.000000000    
     3  -2.699916744       2.000000000    
     4  -2.699846690       2.000000000    
     5  -2.699825860       2.000000000    
     6  -2.699825126       2.000000000    
     7  -2.223710621       2.000000000    
     8  -2.223233348       2.000000000    
     9  -2.223233028       2.000000000    
    10  -2.223230254       2.000000000    
    11  -2.222865201       2.000000000    
    12  -2.222864905       2.000000000    
    13  -2.222863821       2.000000000    
    14  -1.691930974       2.000000000    
    15  -1.691930353       2.000000000    
    16  -1.691916990       2.000000000    
    17  -1.424106503       2.000000000    
    18 -0.3499363705E-01   2.000000000    
    19 -0.3187689477E-01   2.000000000    
    20 -0.2599693548E-01   2.000000000    
    21 -0.2546057216E-01   2.000000000    
    22 -0.2270507513E-01   2.000000000    
    23 -0.1986777687E-01   2.000000000    
    24 -0.1888283220E-01   2.000000000    
    25 -0.1886159353E-01   2.000000000    
    26 -0.1200421478E-01   2.000000000    
    27 -0.8289186919E-02   2.000000000    
    28  0.4492075697E-01   2.000000000    
    29  0.6258127767E-01   2.000000000    
    30  0.7723380328E-01   2.000000000    
    31  0.1257666627       1.999999996    
    32  0.1278959250       1.999999994    
    33  0.1377925921       1.999999964    
    34  0.1600435444       1.999997895    
    35  0.1894551040       1.999551682    
    36  0.2360126560      0.9579755885    
    37  0.3776532882      0.1124852805E-10
    38  0.4661652541      0.1106055934E-17
    39  0.5426884355       0.000000000    
    40  0.5591742138       0.000000000    
    41  0.6056982554       0.000000000    
    42  0.6298356704       0.000000000    
    43  0.6840276463       0.000000000    
    44  0.7259257734       0.000000000    
    45  0.7463525138       0.000000000    
    46  0.7800480349       0.000000000    
    47  0.8206769576       0.000000000    
    48  0.8610450653       0.000000000    
    49  0.8846299926       0.000000000    
    50  0.9188830440       0.000000000    
    51  0.9607457803       0.000000000    
    52  0.9660989800       0.000000000    
    53  0.9716876653       0.000000000    
    54   1.048363528       0.000000000    
    55   1.099472690       0.000000000    
    56   1.128947980       0.000000000    
    57   1.170792761       0.000000000    
    58   1.210508224       0.000000000    
    59   1.239700030       0.000000000    
    60   1.278294963       0.000000000    
    61   1.287244413       0.000000000    
    62   1.298229849       0.000000000    
    63   1.301862042       0.000000000    
    64   1.305522711       0.000000000    
    65   1.377939262       0.000000000    
    66   1.501237966       0.000000000    
    67   1.555005787       0.000000000    
    68   1.590086656       0.000000000    
    69   1.590681809       0.000000000    
    70   1.628006912       0.000000000    
    71   1.656272867       0.000000000    
    72   1.710945053       0.000000000    
    73   1.718345255       0.000000000    
    74   1.733539017       0.000000000    
    75   1.738923971       0.000000000    
 
 
    19  0.5000000000      0.3750000000       0.000000000     : k-point, vkl
 (state, eigenvalue and occupancy below)
     1  -2.699945416       2.000000000    
     2  -2.699938882       2.000000000    
     3  -2.699932859       2.000000000    
     4  -2.699833240       2.000000000    
     5  -2.699827467       2.000000000    
     6  -2.699816952       2.000000000    
     7  -2.223710877       2.000000000    
     8  -2.223234783       2.000000000    
     9  -2.223232517       2.000000000    
    10  -2.223231319       2.000000000    
    11  -2.222866279       2.000000000    
    12  -2.222864687       2.000000000    
    13  -2.222864606       2.000000000    
    14  -1.691931439       2.000000000    
    15  -1.691929966       2.000000000    
    16  -1.691921667       2.000000000    
    17  -1.424111690       2.000000000    
    18 -0.3793309209E-01   2.000000000    
    19 -0.3114997750E-01   2.000000000    
    20 -0.2893118025E-01   2.000000000    
    21 -0.2648236773E-01   2.000000000    
    22 -0.2220208382E-01   2.000000000    
    23 -0.2170908310E-01   2.000000000    
    24 -0.1843128393E-01   2.000000000    
    25 -0.1695635065E-01   2.000000000    
    26 -0.1018028785E-01   2.000000000    
    27 -0.4308858549E-02   2.000000000    
    28  0.2836894188E-01   2.000000000    
    29  0.6853504494E-01   2.000000000    
    30  0.8441818841E-01   2.000000000    
    31  0.1294151237       1.999999992    
    32  0.1398333912       1.999999947    
    33  0.1408362773       1.999999937    
    34  0.1561798927       1.999998959    
    35  0.2039399921       1.993732987    
    36  0.2133294538       1.965780483    
    37  0.3598785408      0.2872682053E-09
    38  0.4286823254      0.1026188127E-14
    39  0.5813634902       0.000000000    
    40  0.5837291262       0.000000000    
    41  0.6611904685       0.000000000    
    42  0.6685133698       0.000000000    
    43  0.6772241124       0.000000000    
    44  0.7312057528       0.000000000    
    45  0.7371620322       0.000000000    
    46  0.7423095121       0.000000000    
    47  0.7688105376       0.000000000    
    48  0.8265631493       0.000000000    
    49  0.8607624468       0.000000000    
    50  0.8696385253       0.000000000    
    51  0.9473471828       0.000000000    
    52  0.9767429936       0.000000000    
    53  0.9876668903       0.000000000    
    54   1.085593046       0.000000000    
    55   1.132395963       0.000000000    
    56   1.150801129       0.000000000    
    57   1.178344454       0.000000000    
    58   1.208890373       0.000000000    
    59   1.261523256       0.000000000    
    60   1.276941519       0.000000000    
    61   1.283622244       0.000000000    
    62   1.297636594       0.000000000    
    63   1.354194591       0.000000000    
    64   1.385498623       0.000000000    
    65   1.408107986       0.000000000    
    66   1.446309771       0.000000000    
    67   1.466991617       0.000000000    
    68   1.496934330       0.000000000    
    69   1.550520133       0.000000000    
    70   1.577867004       0.000000000    
    71   1.646508425       0.000000000    
    72   1.672099262       0.000000000    
    73   1.720016610       0.000000000    
    74   1.722738810       0.000000000    
    75   1.792492952       0.000000000    
 
 
    20  0.6250000000      0.3750000000       0.000000000     : k-point, vkl
 (state, eigenvalue and occupancy below)
     1  -2.699939385       2.000000000    
     2  -2.699938403       2.000000000    
     3  -2.699938403       2.000000000    
     4  -2.699848005       2.000000000    
     5  -2.699815303       2.000000000    
     6  -2.699815303       2.000000000    
     7  -2.223712150       2.000000000    
     8  -2.223234741       2.000000000    
     9  -2.223231657       2.000000000    
    10  -2.223231657       2.000000000    
    11  -2.222866254       2.000000000    
    12  -2.222864760       2.000000000    
    13  -2.222864760       2.000000000    
    14  -1.691934990       2.000000000    
    15  -1.691923332       2.000000000    
    16  -1.691923332       2.000000000    
    17  -1.424096788       2.000000000    
    18 -0.4269195199E-01   2.000000000    
    19 -0.2965795439E-01   2.000000000    
    20 -0.2812555825E-01   2.000000000    
    21 -0.2759477311E-01   2.000000000    
    22 -0.2366374770E-01   2.000000000    
    23 -0.2366374770E-01   2.000000000    
    24 -0.1580227967E-01   2.000000000    
    25 -0.1580227967E-01   2.000000000    
    26 -0.9478683943E-02   2.000000000    
    27 -0.2646085131E-02   2.000000000    
    28 -0.1521287743E-03   2.000000000    
    29  0.7272340987E-01   2.000000000    
    30  0.1033253605       2.000000000    
    31  0.1250232456       1.999999996    
    32  0.1250232456       1.999999996    
    33  0.1389533524       1.999999955    
    34  0.1965236582       1.998374699    
    35  0.2235590780       1.797984760    
    36  0.2235590780       1.797984760    
    37  0.3461956882      0.3479622625E-08
    38  0.4166204400      0.9250022163E-14
    39  0.5687941633       0.000000000    
    40  0.5687941633       0.000000000    
    41  0.6347811702       0.000000000    
    42  0.6877749454       0.000000000    
    43  0.6893112494       0.000000000    
    44  0.7282592447       0.000000000    
    45  0.7282592447       0.000000000    
    46  0.7413263164       0.000000000    
    47  0.7572542296       0.000000000    
    48  0.7572542296       0.000000000    
    49  0.8531393610       0.000000000    
    50  0.8739639040       0.000000000    
    51   1.003848334       0.000000000    
    52   1.020895783       0.000000000    
    53   1.020895783       0.000000000    
    54   1.098228025       0.000000000    
    55   1.131499443       0.000000000    
    56   1.131499443       0.000000000    
    57   1.168282110       0.000000000    
    58   1.197015580       0.000000000    
    59   1.281147793       0.000000000    
    60   1.281147793       0.000000000    
    61   1.346473864       0.000000000    
    62   1.346473864       0.000000000    
    63   1.358625016       0.000000000    
    64   1.381807020       0.000000000    
    65   1.417998017       0.000000000    
    66   1.473504106       0.000000000    
    67   1.473504106       0.000000000    
    68   1.491921599       0.000000000    
    69   1.497225290       0.000000000    
    70   1.539983534       0.000000000    
    71   1.646524492       0.000000000    
    72   1.655750778       0.000000000    
    73   1.655750778       0.000000000    
    74   1.662138376       0.000000000    
    75   1.733904418       0.000000000    
 
 
    21  0.5000000000      0.5000000000       0.000000000     : k-point, vkl
 (state, eigenvalue and occupancy below)
     1  -2.699935366       2.000000000    
     2  -2.699935366       2.000000000    
     3  -2.699935080       2.000000000    
     4  -2.699821629       2.000000000    
     5  -2.699810516       2.000000000    
     6  -2.699810516       2.000000000    
     7  -2.223710058       2.000000000    
     8  -2.223234968       2.000000000    
     9  -2.223230525       2.000000000    
    10  -2.223230525       2.000000000    
    11  -2.222866099       2.000000000    
    12  -2.222863989       2.000000000    
    13  -2.222863989       2.000000000    
    14  -1.691929024       2.000000000    
    15  -1.691922923       2.000000000    
    16  -1.691922923       2.000000000    
    17  -1.424082982       2.000000000    
    18 -0.3797391371E-01   2.000000000    
    19 -0.3215028018E-01   2.000000000    
    20 -0.2941227647E-01   2.000000000    
    21 -0.2638408562E-01   2.000000000    
    22 -0.2248873761E-01   2.000000000    
    23 -0.2248873761E-01   2.000000000    
    24 -0.1655767420E-01   2.000000000    
    25 -0.1655767420E-01   2.000000000    
    26 -0.9117900893E-02   2.000000000    
    27 -0.2704396385E-02   2.000000000    
    28  0.4593201101E-01   2.000000000    
    29  0.6418179107E-01   2.000000000    
    30  0.7009856244E-01   2.000000000    
    31  0.1383544860       1.999999960    
    32  0.1419873217       1.999999922    
    33  0.1419873217       1.999999922    
    34  0.1642075876       1.999995503    
    35  0.1930324172       1.999139590    
    36  0.1930324172       1.999139590    
    37  0.3467109761      0.3167654543E-08
    38  0.4181384314      0.7014009930E-14
    39  0.6518790975       0.000000000    
    40  0.6518790975       0.000000000    
    41  0.6608166382       0.000000000    
    42  0.6608166382       0.000000000    
    43  0.6838257852       0.000000000    
    44  0.6886113251       0.000000000    
    45  0.6929613250       0.000000000    
    46  0.7855376101       0.000000000    
    47  0.7855376101       0.000000000    
    48  0.8081668377       0.000000000    
    49  0.8359808407       0.000000000    
    50  0.8423562553       0.000000000    
    51  0.9266487981       0.000000000    
    52  0.9539622162       0.000000000    
    53  0.9539622162       0.000000000    
    54   1.092747139       0.000000000    
    55   1.153167727       0.000000000    
    56   1.153167727       0.000000000    
    57   1.192670212       0.000000000    
    58   1.253603969       0.000000000    
    59   1.293636670       0.000000000    
    60   1.293636670       0.000000000    
    61   1.334053266       0.000000000    
    62   1.334053266       0.000000000    
    63   1.358755862       0.000000000    
    64   1.360734553       0.000000000    
    65   1.371393074       0.000000000    
    66   1.404066468       0.000000000    
    67   1.404066468       0.000000000    
    68   1.409296521       0.000000000    
    69   1.547954826       0.000000000    
    70   1.552895111       0.000000000    
    71   1.650692431       0.000000000    
    72   1.686280248       0.000000000    
    73   1.754567822       0.000000000    
    74   1.791695194       0.000000000    
    75   1.791695194       0.000000000    
 
 
    22  0.2500000000      0.2500000000      0.1250000000     : k-point, vkl
 (state, eigenvalue and occupancy below)
     1  -2.699928684       2.000000000    
     2  -2.699920312       2.000000000    
     3  -2.699889321       2.000000000    
     4  -2.699880271       2.000000000    
     5  -2.699845144       2.000000000    
     6  -2.699830955       2.000000000    
     7  -2.223711962       2.000000000    
     8  -2.223232538       2.000000000    
     9  -2.223231314       2.000000000    
    10  -2.223230422       2.000000000    
    11  -2.222865477       2.000000000    
    12  -2.222864920       2.000000000    
    13  -2.222864139       2.000000000    
    14  -1.691927424       2.000000000    
    15  -1.691919070       2.000000000    
    16  -1.691914557       2.000000000    
    17  -1.424112513       2.000000000    
    18 -0.5870349046E-01   2.000000000    
    19 -0.2992698900E-01   2.000000000    
    20 -0.2831589590E-01   2.000000000    
    21 -0.2621496666E-01   2.000000000    
    22 -0.2409401220E-01   2.000000000    
    23 -0.2342687162E-01   2.000000000    
    24 -0.1951474746E-01   2.000000000    
    25 -0.1391475166E-01   2.000000000    
    26 -0.1330328511E-01   2.000000000    
    27 -0.1133317830E-01   2.000000000    
    28 -0.5671237165E-02   2.000000000    
    29  0.7190942923E-01   2.000000000    
    30  0.1019048417       2.000000000    
    31  0.1146695882       1.999999999    
    32  0.1268709039       1.999999995    
    33  0.1420200384       1.999999921    
    34  0.2352164326       1.030513582    
    35  0.2534616260      0.7359094027E-01
    36  0.3204991194      0.3765988424E-06
    37  0.3855422725      0.2670178499E-11
    38  0.4382365743      0.1798191134E-15
    39  0.4562071813      0.6794197479E-17
    40  0.4980089037      0.3332559005E-20
    41  0.5397780017       0.000000000    
    42  0.5657208171       0.000000000    
    43  0.6743511732       0.000000000    
    44  0.6937201658       0.000000000    
    45  0.7080606013       0.000000000    
    46  0.7597422685       0.000000000    
    47  0.8039325845       0.000000000    
    48  0.8666904611       0.000000000    
    49  0.8885060179       0.000000000    
    50  0.9315343982       0.000000000    
    51  0.9990062767       0.000000000    
    52   1.024468593       0.000000000    
    53   1.089854270       0.000000000    
    54   1.090995513       0.000000000    
    55   1.129513069       0.000000000    
    56   1.189376223       0.000000000    
    57   1.205349084       0.000000000    
    58   1.231798006       0.000000000    
    59   1.252723573       0.000000000    
    60   1.313022312       0.000000000    
    61   1.345443539       0.000000000    
    62   1.348850505       0.000000000    
    63   1.371396983       0.000000000    
    64   1.400603000       0.000000000    
    65   1.436742698       0.000000000    
    66   1.448361335       0.000000000    
    67   1.479716748       0.000000000    
    68   1.483285807       0.000000000    
    69   1.534432595       0.000000000    
    70   1.545208708       0.000000000    
    71   1.583165451       0.000000000    
    72   1.616744763       0.000000000    
    73   1.643793181       0.000000000    
    74   1.645883476       0.000000000    
    75   1.700804031       0.000000000    
 
 
    23  0.3750000000      0.2500000000      0.1250000000     : k-point, vkl
 (state, eigenvalue and occupancy below)
     1  -2.699933554       2.000000000    
     2  -2.699907177       2.000000000    
     3  -2.699899701       2.000000000    
     4  -2.699863735       2.000000000    
     5  -2.699855088       2.000000000    
     6  -2.699834235       2.000000000    
     7  -2.223711021       2.000000000    
     8  -2.223233216       2.000000000    
     9  -2.223231855       2.000000000    
    10  -2.223230711       2.000000000    
    11  -2.222865118       2.000000000    
    12  -2.222864361       2.000000000    
    13  -2.222864266       2.000000000    
    14  -1.691931475       2.000000000    
    15  -1.691921500       2.000000000    
    16  -1.691916207       2.000000000    
    17  -1.424120040       2.000000000    
    18 -0.4123787284E-01   2.000000000    
    19 -0.2972249763E-01   2.000000000    
    20 -0.2540075016E-01   2.000000000    
    21 -0.2387819449E-01   2.000000000    
    22 -0.2318437604E-01   2.000000000    
    23 -0.2183668570E-01   2.000000000    
    24 -0.1988772545E-01   2.000000000    
    25 -0.1587770148E-01   2.000000000    
    26 -0.1339595483E-01   2.000000000    
    27 -0.1007124539E-01   2.000000000    
    28 -0.1950342564E-02   2.000000000    
    29  0.6270040061E-01   2.000000000    
    30  0.1009237856       2.000000000    
    31  0.1167758901       1.999999999    
    32  0.1316410339       1.999999988    
    33  0.1443933314       1.999999879    
    34  0.1738312211       1.999974012    
    35  0.2333375645       1.199079199    
    36  0.2893552229      0.1100161223E-03
    37  0.4070353987      0.5308498280E-13
    38  0.4350414513      0.3219492860E-15
    39  0.4815997066      0.6635318563E-19
    40  0.5169759645       0.000000000    
    41  0.5568812842       0.000000000    
    42  0.6056489017       0.000000000    
    43  0.6790268125       0.000000000    
    44  0.7147605618       0.000000000    
    45  0.7366927858       0.000000000    
    46  0.7775379647       0.000000000    
    47  0.8118408430       0.000000000    
    48  0.8530751998       0.000000000    
    49  0.8827153745       0.000000000    
    50  0.9753690389       0.000000000    
    51  0.9812992342       0.000000000    
    52   1.016412535       0.000000000    
    53   1.054093255       0.000000000    
    54   1.075271459       0.000000000    
    55   1.102562213       0.000000000    
    56   1.132418060       0.000000000    
    57   1.147965705       0.000000000    
    58   1.191376074       0.000000000    
    59   1.213813329       0.000000000    
    60   1.292587409       0.000000000    
    61   1.304595485       0.000000000    
    62   1.317171072       0.000000000    
    63   1.358139412       0.000000000    
    64   1.399103202       0.000000000    
    65   1.413953934       0.000000000    
    66   1.467008190       0.000000000    
    67   1.499027809       0.000000000    
    68   1.511226228       0.000000000    
    69   1.547542340       0.000000000    
    70   1.583724299       0.000000000    
    71   1.607097325       0.000000000    
    72   1.635300044       0.000000000    
    73   1.683269057       0.000000000    
    74   1.713162123       0.000000000    
    75   1.724567084       0.000000000    
 
 
    24  0.5000000000      0.2500000000      0.1250000000     : k-point, vkl
 (state, eigenvalue and occupancy below)
     1  -2.699922555       2.000000000    
     2  -2.699917276       2.000000000    
     3  -2.699879931       2.000000000    
     4  -2.699876170       2.000000000    
     5  -2.699843847       2.000000000    
     6  -2.699839823       2.000000000    
     7  -2.223710855       2.000000000    
     8  -2.223232890       2.000000000    
     9  -2.223232536       2.000000000    
    10  -2.223230443       2.000000000    
    11  -2.222864926       2.000000000    
    12  -2.222864466       2.000000000    
    13  -2.222863825       2.000000000    
    14  -1.691933684       2.000000000    
    15  -1.691919894       2.000000000    
    16  -1.691918434       2.000000000    
    17  -1.424114818       2.000000000    
    18 -0.3464166557E-01   2.000000000    
    19 -0.2841649382E-01   2.000000000    
    20 -0.2710071951E-01   2.000000000    
    21 -0.2537946108E-01   2.000000000    
    22 -0.2137134601E-01   2.000000000    
    23 -0.1971738107E-01   2.000000000    
    24 -0.1745643348E-01   2.000000000    
    25 -0.1604734794E-01   2.000000000    
    26 -0.1598098921E-01   2.000000000    
    27 -0.1397489635E-01   2.000000000    
    28  0.1346211591E-01   2.000000000    
    29  0.5562740744E-01   2.000000000    
    30  0.1003000066       2.000000000    
    31  0.1131510426       2.000000000    
    32  0.1333606873       1.999999984    
    33  0.1458598949       1.999999841    
    34  0.1503590869       1.999999640    
    35  0.2310589733       1.388011583    
    36  0.2731782283      0.2097613159E-02
    37  0.4170879148      0.8494419656E-14
    38  0.4258732004      0.1712457874E-14
    39  0.5114287979       0.000000000    
    40  0.5224669262       0.000000000    
    41  0.5677577109       0.000000000    
    42  0.5974054959       0.000000000    
    43  0.6888469780       0.000000000    
    44  0.6999306868       0.000000000    
    45  0.7774858676       0.000000000    
    46  0.7794282346       0.000000000    
    47  0.8057087906       0.000000000    
    48  0.8433337706       0.000000000    
    49  0.9431425397       0.000000000    
    50  0.9564726059       0.000000000    
    51  0.9633029397       0.000000000    
    52   1.003250321       0.000000000    
    53   1.045013760       0.000000000    
    54   1.050963752       0.000000000    
    55   1.119494758       0.000000000    
    56   1.124739612       0.000000000    
    57   1.144680327       0.000000000    
    58   1.180850579       0.000000000    
    59   1.201940675       0.000000000    
    60   1.224985135       0.000000000    
    61   1.283333341       0.000000000    
    62   1.312604905       0.000000000    
    63   1.341781559       0.000000000    
    64   1.373098141       0.000000000    
    65   1.436589193       0.000000000    
    66   1.437854289       0.000000000    
    67   1.500192428       0.000000000    
    68   1.548608669       0.000000000    
    69   1.556819455       0.000000000    
    70   1.613016710       0.000000000    
    71   1.638054091       0.000000000    
    72   1.707589642       0.000000000    
    73   1.714063454       0.000000000    
    74   1.733874358       0.000000000    
    75   1.747096793       0.000000000    
 
 
    25  0.3750000000      0.3750000000      0.1250000000     : k-point, vkl
 (state, eigenvalue and occupancy below)
     1  -2.699949941       2.000000000    
     2  -2.699917761       2.000000000    
     3  -2.699883008       2.000000000    
     4  -2.699880161       2.000000000    
     5  -2.699840050       2.000000000    
     6  -2.699825094       2.000000000    
     7  -2.223710524       2.000000000    
     8  -2.223233569       2.000000000    
     9  -2.223232374       2.000000000    
    10  -2.223231398       2.000000000    
    11  -2.222865389       2.000000000    
    12  -2.222864970       2.000000000    
    13  -2.222864305       2.000000000    
    14  -1.691929792       2.000000000    
    15  -1.691929596       2.000000000    
    16  -1.691919780       2.000000000    
    17  -1.424126320       2.000000000    
    18 -0.3478363114E-01   2.000000000    
    19 -0.3072171753E-01   2.000000000    
    20 -0.2750641566E-01   2.000000000    
    21 -0.2621740166E-01   2.000000000    
    22 -0.2056983412E-01   2.000000000    
    23 -0.2000670299E-01   2.000000000    
    24 -0.1733265433E-01   2.000000000    
    25 -0.1568088675E-01   2.000000000    
    26 -0.1504734658E-01   2.000000000    
    27 -0.1283310948E-01   2.000000000    
    28  0.2456332986E-01   2.000000000    
    29  0.6294481948E-01   2.000000000    
    30  0.9444979002E-01   2.000000000    
    31  0.1127384692       2.000000000    
    32  0.1337516174       1.999999983    
    33  0.1376866863       1.999999964    
    34  0.1755259084       1.999964606    
    35  0.1821694196       1.999881187    
    36  0.2578369112      0.3383093155E-01
    37  0.4181584177      0.6988502129E-14
    38  0.4526615905      0.1296688412E-16
    39  0.4925979917      0.8936122906E-20
    40  0.5593987150       0.000000000    
    41  0.5656271026       0.000000000    
    42  0.6493368117       0.000000000    
    43  0.6515914696       0.000000000    
    44  0.7094900208       0.000000000    
    45  0.7490835863       0.000000000    
    46  0.8030685789       0.000000000    
    47  0.8355017228       0.000000000    
    48  0.8370854359       0.000000000    
    49  0.9146536025       0.000000000    
    50  0.9407405932       0.000000000    
    51  0.9960148482       0.000000000    
    52  0.9985027644       0.000000000    
    53   1.013262948       0.000000000    
    54   1.025320286       0.000000000    
    55   1.091453704       0.000000000    
    56   1.116562970       0.000000000    
    57   1.141690853       0.000000000    
    58   1.183092776       0.000000000    
    59   1.195345829       0.000000000    
    60   1.208199948       0.000000000    
    61   1.281397148       0.000000000    
    62   1.337350876       0.000000000    
    63   1.353574142       0.000000000    
    64   1.365678161       0.000000000    
    65   1.437864390       0.000000000    
    66   1.501447848       0.000000000    
    67   1.518027054       0.000000000    
    68   1.576343028       0.000000000    
    69   1.589284231       0.000000000    
    70   1.605107724       0.000000000    
    71   1.648587469       0.000000000    
    72   1.649666301       0.000000000    
    73   1.704051855       0.000000000    
    74   1.734895162       0.000000000    
    75   1.745817083       0.000000000    
 
 
    26  0.5000000000      0.3750000000      0.1250000000     : k-point, vkl
 (state, eigenvalue and occupancy below)
     1  -2.699945295       2.000000000    
     2  -2.699931324       2.000000000    
     3  -2.699897055       2.000000000    
     4  -2.699859894       2.000000000    
     5  -2.699836558       2.000000000    
     6  -2.699829442       2.000000000    
     7  -2.223710950       2.000000000    
     8  -2.223233387       2.000000000    
     9  -2.223233135       2.000000000    
    10  -2.223231556       2.000000000    
    11  -2.222865497       2.000000000    
    12  -2.222865109       2.000000000    
    13  -2.222864364       2.000000000    
    14  -1.691934820       2.000000000    
    15  -1.691927590       2.000000000    
    16  -1.691921376       2.000000000    
    17  -1.424126897       2.000000000    
    18 -0.3447836128E-01   2.000000000    
    19 -0.3089910925E-01   2.000000000    
    20 -0.2970220983E-01   2.000000000    
    21 -0.2465755954E-01   2.000000000    
    22 -0.2119296617E-01   2.000000000    
    23 -0.2015221772E-01   2.000000000    
    24 -0.1861090900E-01   2.000000000    
    25 -0.1777196965E-01   2.000000000    
    26 -0.1252488487E-01   2.000000000    
    27 -0.9978580238E-02   2.000000000    
    28  0.3633591163E-01   2.000000000    
    29  0.6259192451E-01   2.000000000    
    30  0.9004803177E-01   2.000000000    
    31  0.1102226131       2.000000000    
    32  0.1350225673       1.999999978    
    33  0.1462772206       1.999999829    
    34  0.1544427941       1.999999242    
    35  0.1906834124       1.999439205    
    36  0.2383354418      0.7515493818    
    37  0.4023186080      0.1254269161E-12
    38  0.4657927193      0.1183777094E-17
    39  0.4898898027      0.1464033918E-19
    40  0.5746134232       0.000000000    
    41  0.5920773056       0.000000000    
    42  0.6557202060       0.000000000    
    43  0.6850139250       0.000000000    
    44  0.7129637698       0.000000000    
    45  0.7562922950       0.000000000    
    46  0.7695461267       0.000000000    
    47  0.8017458231       0.000000000    
    48  0.8433222593       0.000000000    
    49  0.9003197532       0.000000000    
    50  0.9353480353       0.000000000    
    51  0.9735751650       0.000000000    
    52  0.9863374930       0.000000000    
    53   1.013307474       0.000000000    
    54   1.066914679       0.000000000    
    55   1.080661494       0.000000000    
    56   1.116982477       0.000000000    
    57   1.133571981       0.000000000    
    58   1.168054615       0.000000000    
    59   1.211004743       0.000000000    
    60   1.245155759       0.000000000    
    61   1.258026062       0.000000000    
    62   1.307429845       0.000000000    
    63   1.355376124       0.000000000    
    64   1.397091008       0.000000000    
    65   1.423078334       0.000000000    
    66   1.495850789       0.000000000    
    67   1.536340511       0.000000000    
    68   1.563271025       0.000000000    
    69   1.594025992       0.000000000    
    70   1.628565340       0.000000000    
    71   1.640514348       0.000000000    
    72   1.650073124       0.000000000    
    73   1.687724721       0.000000000    
    74   1.735320691       0.000000000    
    75   1.740193326       0.000000000    
 
 
    27  0.6250000000      0.3750000000      0.1250000000     : k-point, vkl
 (state, eigenvalue and occupancy below)
     1  -2.699936244       2.000000000    
     2  -2.699926261       2.000000000    
     3  -2.699918574       2.000000000    
     4  -2.699840969       2.000000000    
     5  -2.699838856       2.000000000    
     6  -2.699830922       2.000000000    
     7  -2.223711155       2.000000000    
     8  -2.223233990       2.000000000    
     9  -2.223232459       2.000000000    
    10  -2.223231298       2.000000000    
    11  -2.222865684       2.000000000    
    12  -2.222864988       2.000000000    
    13  -2.222864220       2.000000000    
    14  -1.691929778       2.000000000    
    15  -1.691925679       2.000000000    
    16  -1.691920191       2.000000000    
    17  -1.424115091       2.000000000    
    18 -0.3972372563E-01   2.000000000    
    19 -0.3007719354E-01   2.000000000    
    20 -0.2813827973E-01   2.000000000    
    21 -0.2538357099E-01   2.000000000    
    22 -0.2216472743E-01   2.000000000    
    23 -0.2199248587E-01   2.000000000    
    24 -0.2015035824E-01   2.000000000    
    25 -0.1613588554E-01   2.000000000    
    26 -0.1127375127E-01   2.000000000    
    27 -0.5841442474E-02   2.000000000    
    28  0.7840452453E-02   2.000000000    
    29  0.6822176225E-01   2.000000000    
    30  0.1002273657       2.000000000    
    31  0.1218852544       1.999999998    
    32  0.1285153580       1.999999993    
    33  0.1436277532       1.999999894    
    34  0.1739699083       1.999973347    
    35  0.2082347770       1.986339807    
    36  0.2463199379      0.2462801884    
    37  0.3784636547      0.9703771823E-11
    38  0.4375807119      0.2026558708E-15
    39  0.5059631133      0.7817334317E-21
    40  0.5677384623       0.000000000    
    41  0.6307729555       0.000000000    
    42  0.6412201387       0.000000000    
    43  0.6854524398       0.000000000    
    44  0.6997519178       0.000000000    
    45  0.7456541649       0.000000000    
    46  0.7698426459       0.000000000    
    47  0.7742670608       0.000000000    
    48  0.8249824440       0.000000000    
    49  0.8569530584       0.000000000    
    50  0.9400635082       0.000000000    
    51  0.9634299112       0.000000000    
    52   1.003430735       0.000000000    
    53   1.046928103       0.000000000    
    54   1.095245050       0.000000000    
    55   1.099433112       0.000000000    
    56   1.123081609       0.000000000    
    57   1.171132442       0.000000000    
    58   1.193903895       0.000000000    
    59   1.210238169       0.000000000    
    60   1.223433914       0.000000000    
    61   1.336316417       0.000000000    
    62   1.351815247       0.000000000    
    63   1.352211390       0.000000000    
    64   1.406428831       0.000000000    
    65   1.416329039       0.000000000    
    66   1.482126517       0.000000000    
    67   1.490557645       0.000000000    
    68   1.532740183       0.000000000    
    69   1.550532640       0.000000000    
    70   1.581136343       0.000000000    
    71   1.619023363       0.000000000    
    72   1.629216420       0.000000000    
    73   1.671344206       0.000000000    
    74   1.679852164       0.000000000    
    75   1.772973686       0.000000000    
 
 
    28  0.5000000000      0.5000000000      0.1250000000     : k-point, vkl
 (state, eigenvalue and occupancy below)
     1  -2.699950530       2.000000000    
     2  -2.699931400       2.000000000    
     3  -2.699910260       2.000000000    
     4  -2.699842346       2.000000000    
     5  -2.699830993       2.000000000    
     6  -2.699815625       2.000000000    
     7  -2.223710356       2.000000000    
     8  -2.223233381       2.000000000    
     9  -2.223232133       2.000000000    
    10  -2.223231628       2.000000000    
    11  -2.222865231       2.000000000    
    12  -2.222864833       2.000000000    
    13  -2.222864026       2.000000000    
    14  -1.691928576       2.000000000    
    15  -1.691926047       2.000000000    
    16  -1.691919653       2.000000000    
    17  -1.424122642       2.000000000    
    18 -0.3605778463E-01   2.000000000    
    19 -0.3209442618E-01   2.000000000    
    20 -0.2987100884E-01   2.000000000    
    21 -0.2383928405E-01   2.000000000    
    22 -0.2126207829E-01   2.000000000    
    23 -0.2106350864E-01   2.000000000    
    24 -0.2057658851E-01   2.000000000    
    25 -0.1709715567E-01   2.000000000    
    26 -0.1082395533E-01   2.000000000    
    27 -0.5749676176E-02   2.000000000    
    28  0.5661454818E-01   2.000000000    
    29  0.6338926557E-01   2.000000000    
    30  0.6724722196E-01   2.000000000    
    31  0.1214920361       1.999999998    
    32  0.1423657341       1.999999916    
    33  0.1481313301       1.999999760    
    34  0.1513960968       1.999999565    
    35  0.1826524980       1.999870250    
    36  0.2156743563       1.948003989    
    37  0.3764267605      0.1406687040E-10
    38  0.4366863773      0.2385403759E-15
    39  0.5491399475       0.000000000    
    40  0.6078029186       0.000000000    
    41  0.6377383811       0.000000000    
    42  0.6708073857       0.000000000    
    43  0.6888579696       0.000000000    
    44  0.7130382488       0.000000000    
    45  0.7594010539       0.000000000    
    46  0.7714374453       0.000000000    
    47  0.7783219311       0.000000000    
    48  0.8133590371       0.000000000    
    49  0.8383941507       0.000000000    
    50  0.9283280722       0.000000000    
    51  0.9513877977       0.000000000    
    52  0.9580761953       0.000000000    
    53  0.9902748989       0.000000000    
    54   1.057643336       0.000000000    
    55   1.120688216       0.000000000    
    56   1.140074242       0.000000000    
    57   1.178536798       0.000000000    
    58   1.186807188       0.000000000    
    59   1.198050912       0.000000000    
    60   1.280903621       0.000000000    
    61   1.283541993       0.000000000    
    62   1.337420172       0.000000000    
    63   1.368493432       0.000000000    
    64   1.377788302       0.000000000    
    65   1.385073450       0.000000000    
    66   1.439379260       0.000000000    
    67   1.467366273       0.000000000    
    68   1.546988240       0.000000000    
    69   1.578754105       0.000000000    
    70   1.609448810       0.000000000    
    71   1.650867683       0.000000000    
    72   1.678381281       0.000000000    
    73   1.717994713       0.000000000    
    74   1.729435501       0.000000000    
    75   1.747607331       0.000000000    
 
 
    29  0.5000000000      0.5000000000      0.2500000000     : k-point, vkl
 (state, eigenvalue and occupancy below)
     1  -2.699959174       2.000000000    
     2  -2.699943173       2.000000000    
     3  -2.699877706       2.000000000    
     4  -2.699877706       2.000000000    
     5  -2.699835718       2.000000000    
     6  -2.699827672       2.000000000    
     7  -2.223710964       2.000000000    
     8  -2.223233370       2.000000000    
     9  -2.223233370       2.000000000    
    10  -2.223233084       2.000000000    
    11  -2.222865617       2.000000000    
    12  -2.222865217       2.000000000    
    13  -2.222865217       2.000000000    
    14  -1.691935296       2.000000000    
    15  -1.691935296       2.000000000    
    16  -1.691924173       2.000000000    
    17  -1.424137510       2.000000000    
    18 -0.3253868092E-01   2.000000000    
    19 -0.3151438953E-01   2.000000000    
    20 -0.3151438953E-01   2.000000000    
    21 -0.2666913456E-01   2.000000000    
    22 -0.1997044769E-01   2.000000000    
    23 -0.1854101778E-01   2.000000000    
    24 -0.1854101778E-01   2.000000000    
    25 -0.1435598669E-01   2.000000000    
    26 -0.1435598669E-01   2.000000000    
    27 -0.1239153446E-01   2.000000000    
    28  0.6354133024E-01   2.000000000    
    29  0.6354133024E-01   2.000000000    
    30  0.7652698750E-01   2.000000000    
    31  0.9396362530E-01   2.000000000    
    32  0.1426368674       1.999999912    
    33  0.1489810441       1.999999720    
    34  0.1636649299       1.999995927    
    35  0.1636649299       1.999995927    
    36  0.2285602617       1.562992479    
    37  0.4497245072      0.2214923574E-16
    38  0.4497245072      0.2214923574E-16
    39  0.4702717004      0.5232121141E-18
    40  0.5475528790       0.000000000    
    41  0.6286887770       0.000000000    
    42  0.6882510371       0.000000000    
    43  0.6882510371       0.000000000    
    44  0.7285852756       0.000000000    
    45  0.7635580594       0.000000000    
    46  0.7635580594       0.000000000    
    47  0.7685749216       0.000000000    
    48  0.7981473688       0.000000000    
    49  0.9481415228       0.000000000    
    50  0.9589745540       0.000000000    
    51  0.9589745540       0.000000000    
    52   1.015207915       0.000000000    
    53   1.040990067       0.000000000    
    54   1.040990067       0.000000000    
    55   1.063787144       0.000000000    
    56   1.107894709       0.000000000    
    57   1.107894709       0.000000000    
    58   1.109683865       0.000000000    
    59   1.149413297       0.000000000    
    60   1.245841147       0.000000000    
    61   1.326479755       0.000000000    
    62   1.326479755       0.000000000    
    63   1.327400366       0.000000000    
    64   1.387957295       0.000000000    
    65   1.500822726       0.000000000    
    66   1.527622460       0.000000000    
    67   1.527622460       0.000000000    
    68   1.538165582       0.000000000    
    69   1.607903415       0.000000000    
    70   1.653854140       0.000000000    
    71   1.653854140       0.000000000    
    72   1.655628842       0.000000000    
    73   1.659079221       0.000000000    
    74   1.679459158       0.000000000    
    75   1.679459158       0.000000000    
 
