   105.6917964    
   39.78108318    
   39.21725133    
   38.88034516    
   38.71357887    
   38.69516181    
   38.68503869    
   38.62417713    
   38.54080477    
   38.46630062    
   38.41414702    
   38.38114039    
   38.36409333    
   38.35455715    
   38.35316875    
   38.34892969    
   38.35011838    
   38.35000195    
   38.35002056    
   38.35002325    
   38.35001551    
   38.35000532    
   38.34999618    
   38.34998922    
   38.34998479    
   38.34998220    
   38.34998092    
