 -0.5000000000       0.000000000    
 -0.4980000000       0.000000000    
 -0.4960000000       0.000000000    
 -0.4940000000       0.000000000    
 -0.4920000000       0.000000000    
 -0.4900000000       0.000000000    
 -0.4880000000       0.000000000    
 -0.4860000000       0.000000000    
 -0.4840000000       0.000000000    
 -0.4820000000       0.000000000    
 -0.4800000000       0.000000000    
 -0.4780000000       0.000000000    
 -0.4760000000       0.000000000    
 -0.4740000000       0.000000000    
 -0.4720000000       0.000000000    
 -0.4700000000       0.000000000    
 -0.4680000000       0.000000000    
 -0.4660000000       0.000000000    
 -0.4640000000       0.000000000    
 -0.4620000000       0.000000000    
 -0.4600000000       0.000000000    
 -0.4580000000       0.000000000    
 -0.4560000000       0.000000000    
 -0.4540000000       0.000000000    
 -0.4520000000       0.000000000    
 -0.4500000000       0.000000000    
 -0.4480000000       0.000000000    
 -0.4460000000       0.000000000    
 -0.4440000000       0.000000000    
 -0.4420000000       0.000000000    
 -0.4400000000       0.000000000    
 -0.4380000000       0.000000000    
 -0.4360000000       0.000000000    
 -0.4340000000       0.000000000    
 -0.4320000000       0.000000000    
 -0.4300000000       0.000000000    
 -0.4280000000       0.000000000    
 -0.4260000000       0.000000000    
 -0.4240000000       0.000000000    
 -0.4220000000       0.000000000    
 -0.4200000000       0.000000000    
 -0.4180000000       0.000000000    
 -0.4160000000       0.000000000    
 -0.4140000000       0.000000000    
 -0.4120000000       0.000000000    
 -0.4100000000       0.000000000    
 -0.4080000000       0.000000000    
 -0.4060000000       0.000000000    
 -0.4040000000       0.000000000    
 -0.4020000000       0.000000000    
 -0.4000000000       0.000000000    
 -0.3980000000       0.000000000    
 -0.3960000000       0.000000000    
 -0.3940000000       0.000000000    
 -0.3920000000       0.000000000    
 -0.3900000000       0.000000000    
 -0.3880000000       0.000000000    
 -0.3860000000       0.000000000    
 -0.3840000000       0.000000000    
 -0.3820000000       0.000000000    
 -0.3800000000       0.000000000    
 -0.3780000000       0.000000000    
 -0.3760000000       0.000000000    
 -0.3740000000       0.000000000    
 -0.3720000000       0.000000000    
 -0.3700000000       0.000000000    
 -0.3680000000       0.000000000    
 -0.3660000000       0.000000000    
 -0.3640000000       0.000000000    
 -0.3620000000       0.000000000    
 -0.3600000000       0.000000000    
 -0.3580000000       0.000000000    
 -0.3560000000       0.000000000    
 -0.3540000000       0.000000000    
 -0.3520000000       0.000000000    
 -0.3500000000       0.000000000    
 -0.3480000000       0.000000000    
 -0.3460000000       0.000000000    
 -0.3440000000       0.000000000    
 -0.3420000000       0.000000000    
 -0.3400000000       0.000000000    
 -0.3380000000      0.3767602238E-03
 -0.3360000000      0.2524293499E-01
 -0.3340000000      0.1767005449    
 -0.3320000000      0.6480275849    
 -0.3300000000       2.032998167    
 -0.3280000000       3.427764516    
 -0.3260000000       4.593460648    
 -0.3240000000       5.007896894    
 -0.3220000000       5.522551360    
 -0.3200000000       6.295663339    
 -0.3180000000       7.184063947    
 -0.3160000000       8.206591194    
 -0.3140000000       9.088963638    
 -0.3120000000       9.651089892    
 -0.3100000000       10.05648389    
 -0.3080000000       10.53873698    
 -0.3060000000       11.30883488    
 -0.3040000000       12.20703125    
 -0.3020000000       13.21373457    
 -0.3000000000       14.34476876    
 -0.2980000000       15.64157745    
 -0.2960000000       16.90749180    
 -0.2940000000       18.52153260    
 -0.2920000000       20.36012249    
 -0.2900000000       22.59506414    
 -0.2880000000       25.24218147    
 -0.2860000000       28.52527006    
 -0.2840000000       32.76231554    
 -0.2820000000       38.24568383    
 -0.2800000000       46.19080343    
 -0.2780000000       61.77435981    
 -0.2760000000       95.23707260    
 -0.2740000000       138.8591248    
 -0.2720000000       155.3032016    
 -0.2700000000       142.7834593    
 -0.2680000000       309.9986889    
 -0.2660000000       524.7716080    
 -0.2640000000       775.9757336    
 -0.2620000000       892.0118544    
 -0.2600000000       950.6387593    
 -0.2580000000       898.2385706    
 -0.2560000000       819.7767470    
 -0.2540000000       756.5902898    
 -0.2520000000       767.9967056    
 -0.2500000000       759.5972132    
 -0.2480000000       659.7489722    
 -0.2460000000       486.8853534    
 -0.2440000000       297.1835666    
 -0.2420000000       214.9194788    
 -0.2400000000       170.4436879    
 -0.2380000000       116.6943209    
 -0.2360000000       57.35232506    
 -0.2340000000       40.60043523    
 -0.2320000000       36.43572772    
 -0.2300000000       33.56330777    
 -0.2280000000       31.44365476    
 -0.2260000000       29.63445216    
 -0.2240000000       28.08898172    
 -0.2220000000       26.91348982    
 -0.2200000000       25.85705416    
 -0.2180000000       25.10805483    
 -0.2160000000       24.11792896    
 -0.2140000000       23.37345076    
 -0.2120000000       22.58828246    
 -0.2100000000       22.34564887    
 -0.2080000000       21.93648727    
 -0.2060000000       21.52205102    
 -0.2040000000       20.53719980    
 -0.2020000000       19.70380618    
 -0.2000000000       18.52303964    
 -0.1980000000       17.26842810    
 -0.1960000000       15.48559872    
 -0.1940000000       13.13988956    
 -0.1920000000       10.23845908    
 -0.1900000000       7.356243369    
 -0.1880000000       5.627667462    
 -0.1860000000       7.572880498    
 -0.1840000000       16.56916112    
 -0.1820000000       28.96005136    
 -0.1800000000       44.21281226    
 -0.1780000000       63.60616802    
 -0.1760000000       99.88817757    
 -0.1740000000       139.3383638    
 -0.1720000000       145.2015064    
 -0.1700000000       123.2039840    
 -0.1680000000       85.13085636    
 -0.1660000000       65.06837445    
 -0.1640000000       48.29726984    
 -0.1620000000       37.71972656    
 -0.1600000000       32.00804157    
 -0.1580000000       30.61252170    
 -0.1560000000       29.73768446    
 -0.1540000000       29.84167028    
 -0.1520000000       30.90488764    
 -0.1500000000       33.62434293    
 -0.1480000000       36.36037568    
 -0.1460000000       39.25690828    
 -0.1440000000       43.57081284    
 -0.1420000000       51.49521062    
 -0.1400000000       67.10966134    
 -0.1380000000       98.96398474    
 -0.1360000000       145.4535590    
 -0.1340000000       178.6853178    
 -0.1320000000       174.5198568    
 -0.1300000000       129.9280237    
 -0.1280000000       103.5126109    
 -0.1260000000       105.6149330    
 -0.1240000000       141.3875627    
 -0.1220000000       159.5971378    
 -0.1200000000       149.6958791    
 -0.1180000000       110.9219775    
 -0.1160000000       67.95699508    
 -0.1140000000       39.56509814    
 -0.1120000000       32.83992814    
 -0.1100000000       43.90311535    
 -0.1080000000       70.31325352    
 -0.1060000000       109.7284011    
 -0.1040000000       166.7706525    
 -0.1020000000       199.7982072    
 -0.1000000000       192.9166817    
 -0.9800000000E-01   169.2832664    
 -0.9600000000E-01   253.4439652    
 -0.9400000000E-01   335.4838807    
 -0.9200000000E-01   305.5178795    
 -0.9000000000E-01   158.0132378    
 -0.8800000000E-01   32.92884356    
 -0.8600000000E-01   12.54837601    
 -0.8400000000E-01   20.97800926    
 -0.8200000000E-01   41.25976562    
 -0.8000000000E-01   61.47144459    
 -0.7800000000E-01   73.02140601    
 -0.7600000000E-01   70.80078125    
 -0.7400000000E-01   61.54189875    
 -0.7200000000E-01   51.56001338    
 -0.7000000000E-01   42.96460564    
 -0.6800000000E-01   36.76200207    
 -0.6600000000E-01   32.21752025    
 -0.6400000000E-01   28.67748119    
 -0.6200000000E-01   25.23163219    
 -0.6000000000E-01   22.54307123    
 -0.5800000000E-01   20.68262924    
 -0.5600000000E-01   20.07604528    
 -0.5400000000E-01   20.36841122    
 -0.5200000000E-01   22.43004316    
 -0.5000000000E-01   25.95350477    
 -0.4800000000E-01   29.73919150    
 -0.4600000000E-01   31.83849947    
 -0.4400000000E-01   32.56037206    
 -0.4200000000E-01   32.51063971    
 -0.4000000000E-01   32.38555531    
 -0.3800000000E-01   31.80157697    
 -0.3600000000E-01   31.45797164    
 -0.3400000000E-01   31.28993658    
 -0.3200000000E-01   30.82727503    
 -0.3000000000E-01   30.10012780    
 -0.2800000000E-01   29.08287519    
 -0.2600000000E-01   28.97662881    
 -0.2400000000E-01   29.17103709    
 -0.2200000000E-01   29.99463493    
 -0.2000000000E-01   30.41057822    
 -0.1800000000E-01   30.27268398    
 -0.1600000000E-01   30.04512080    
 -0.1400000000E-01   29.93812090    
 -0.1200000000E-01   30.25987413    
 -0.1000000000E-01   30.65547237    
 -0.8000000000E-02   31.06840157    
 -0.6000000000E-02   31.87994309    
 -0.4000000000E-02   32.67867477    
 -0.2000000000E-02   34.23695505    
 -0.2710505431E-19   35.85400993    
  0.2000000000E-02   36.70021340    
  0.4000000000E-02   36.77104432    
  0.6000000000E-02   36.02053795    
  0.8000000000E-02   35.69577064    
  0.1000000000E-01   35.34839771    
  0.1200000000E-01   35.04397545    
  0.1400000000E-01   34.66646171    
  0.1600000000E-01   34.16235653    
  0.1800000000E-01   33.77203294    
  0.2000000000E-01   33.41712481    
  0.2200000000E-01   33.14359688    
  0.2400000000E-01   32.63647762    
  0.2600000000E-01   32.34034409    
  0.2800000000E-01   31.77369671    
  0.3000000000E-01   31.60942925    
  0.3200000000E-01   31.19273245    
  0.3400000000E-01   31.07066213    
  0.3600000000E-01   30.90112003    
  0.3800000000E-01   30.51531756    
  0.4000000000E-01   30.29755015    
  0.4200000000E-01   29.71658589    
  0.4400000000E-01   29.40387490    
  0.4600000000E-01   28.92915702    
  0.4800000000E-01   28.60137563    
  0.5000000000E-01   28.38511526    
  0.5200000000E-01   27.95485508    
  0.5400000000E-01   27.58412302    
  0.5600000000E-01   27.06645448    
  0.5800000000E-01   26.52542679    
  0.6000000000E-01   26.01830753    
  0.6200000000E-01   25.50139251    
  0.6400000000E-01   25.11332948    
  0.6600000000E-01   24.74787206    
  0.6800000000E-01   24.23171055    
  0.7000000000E-01   23.90468268    
  0.7200000000E-01   23.48195771    
  0.7400000000E-01   23.12252845    
  0.7600000000E-01   22.74878231    
  0.7800000000E-01   22.28913484    
  0.8000000000E-01   21.68104384    
  0.8200000000E-01   20.78435450    
  0.8400000000E-01   19.80929905    
  0.8600000000E-01   18.90055339    
  0.8800000000E-01   17.94810354    
  0.9000000000E-01   17.00695650    
  0.9200000000E-01   16.23685860    
  0.9400000000E-01   15.37106361    
  0.9600000000E-01   14.58137418    
  0.9800000000E-01   13.70879750    
  0.1000000000       12.88067853    
  0.1020000000       12.15654538    
  0.1040000000       11.39096861    
  0.1060000000       10.83826136    
  0.1080000000       10.43814200    
  0.1100000000       10.20869502    
  0.1120000000       10.35374771    
  0.1140000000       10.70790232    
  0.1160000000       11.49344739    
  0.1180000000       12.36376350    
  0.1200000000       13.67639612    
  0.1220000000       15.36352840    
  0.1240000000       17.67985026    
  0.1260000000       19.65030623    
  0.1280000000       20.99835431    
  0.1300000000       21.48060740    
  0.1320000000       21.73605083    
  0.1340000000       22.31776861    
  0.1360000000       23.22952836    
  0.1380000000       24.40652730    
  0.1400000000       25.86986400    
  0.1420000000       27.69489053    
  0.1440000000       30.25535301    
  0.1460000000       33.42315297    
  0.1480000000       36.89989632    
  0.1500000000       40.64338590    
  0.1520000000       44.87138913    
  0.1540000000       51.58525632    
  0.1560000000       60.49186801    
  0.1580000000       68.66304374    
  0.1600000000       74.50358073    
  0.1620000000       75.58337553    
  0.1640000000       71.61722065    
  0.1660000000       61.07471607    
  0.1680000000       47.63567889    
  0.1700000000       35.05979938    
  0.1720000000       25.97686391    
  0.1740000000       19.83190466    
  0.1760000000       15.94901379    
  0.1780000000       13.35464289    
  0.1800000000       13.24425215    
  0.1820000000       16.64262936    
  0.1840000000       25.38271304    
  0.1860000000       35.36497516    
  0.1880000000       43.14733435    
  0.1900000000       48.29915365    
  0.1920000000       52.31993875    
  0.1940000000       57.42956091    
  0.1960000000       61.94993007    
  0.1980000000       67.19970703    
  0.2000000000       71.10897111    
  0.2020000000       73.01989897    
  0.2040000000       71.90092110    
  0.2060000000       69.58610629    
  0.2080000000       67.07839024    
  0.2100000000       65.82528573    
  0.2120000000       64.84834647    
  0.2140000000       63.68792499    
  0.2160000000       61.84255341    
  0.2180000000       60.99748023    
  0.2200000000       60.84150149    
  0.2220000000       59.01647497    
  0.2240000000       55.44328101    
  0.2260000000       51.05025680    
  0.2280000000       46.70018326    
  0.2300000000       40.89581525    
  0.2320000000       35.14720775    
  0.2340000000       30.81973982    
  0.2360000000       29.45549105    
  0.2380000000       28.93254786    
  0.2400000000       29.55344871    
  0.2420000000       31.08497902    
  0.2440000000       34.38841266    
  0.2460000000       39.40309124    
  0.2480000000       43.99579837    
  0.2500000000       47.82518928    
  0.2520000000       50.81365138    
  0.2540000000       55.45156973    
  0.2560000000       59.37741127    
  0.2580000000       62.21140167    
  0.2600000000       61.61913460    
  0.2620000000       59.25232687    
  0.2640000000       55.94211155    
  0.2660000000       52.87980445    
  0.2680000000       50.46401789    
  0.2700000000       47.95630184    
  0.2720000000       46.01447965    
  0.2740000000       44.29193191    
  0.2760000000       42.82633464    
  0.2780000000       41.44814574    
  0.2800000000       40.62228733    
  0.2820000000       39.34507017    
  0.2840000000       38.00455729    
  0.2860000000       36.45079813    
  0.2880000000       35.75303819    
  0.2900000000       35.23913725    
  0.2920000000       34.73879967    
  0.2940000000       34.24147618    
  0.2960000000       34.01692708    
  0.2980000000       34.03576509    
  0.3000000000       34.16537061    
  0.3020000000       34.19927903    
  0.3040000000       34.21510296    
  0.3060000000       34.60806387    
  0.3080000000       34.73088771    
  0.3100000000       35.56428132    
  0.3120000000       35.67391855    
  0.3140000000       36.89311463    
  0.3160000000       37.63759283    
  0.3180000000       39.20265480    
  0.3200000000       40.25306231    
  0.3220000000       42.10973669    
  0.3240000000       44.22336155    
  0.3260000000       47.50946422    
  0.3280000000       51.78795332    
  0.3300000000       55.73413990    
  0.3320000000       59.00140456    
  0.3340000000       59.46783372    
  0.3360000000       58.05875048    
  0.3380000000       54.80580271    
  0.3400000000       51.36522835    
  0.3420000000       48.35943528    
  0.3440000000       45.46742380    
  0.3460000000       42.97779225    
  0.3480000000       41.06234327    
  0.3500000000       39.81451341    
  0.3520000000       38.75958478    
  0.3540000000       37.91488836    
  0.3560000000       36.76803024    
  0.3580000000       36.25865041    
  0.3600000000       35.64603829    
  0.3620000000       35.80503111    
  0.3640000000       35.54582007    
  0.3660000000       35.50211589    
  0.3680000000       35.26098934    
  0.3700000000       35.04548249    
  0.3720000000       35.09220076    
  0.3740000000       34.70037013    
  0.3760000000       34.80586299    
  0.3780000000       34.38313802    
  0.3800000000       34.40046899    
  0.3820000000       33.88355396    
  0.3840000000       33.35533613    
  0.3860000000       33.30258970    
  0.3880000000       33.20086444    
  0.3900000000       33.32519531    
  0.3920000000       32.72162543    
  0.3940000000       32.41192853    
  0.3960000000       32.05702040    
  0.3980000000       31.88295718    
  0.4000000000       31.97714723    
  0.4020000000       32.02537254    
  0.4040000000       32.40439333    
  0.4060000000       32.71333671    
  0.4080000000       33.77730758    
  0.4100000000       35.02212336    
  0.4120000000       36.93983290    
  0.4140000000       39.26142940    
  0.4160000000       42.58370105    
  0.4180000000       45.39131824    
  0.4200000000       47.16435185    
  0.4220000000       47.13948568    
  0.4240000000       47.47781636    
  0.4260000000       49.10240644    
  0.4280000000       51.80980541    
  0.4300000000       54.10879630    
  0.4320000000       54.83820409    
  0.4340000000       55.67988643    
  0.4360000000       58.27877845    
  0.4380000000       64.63999807    
  0.4400000000       73.78246166    
  0.4420000000       80.24842062    
  0.4440000000       81.39603226    
  0.4460000000       75.16931604    
  0.4480000000       60.89989933    
  0.4500000000       39.69206633    
  0.4520000000       20.42680905    
  0.4540000000       10.01541703    
  0.4560000000       8.945794753    
  0.4580000000       10.46451522    
  0.4600000000       12.97901295    
  0.4620000000       16.47949219    
  0.4640000000       21.45498770    
  0.4660000000       30.11595173    
  0.4680000000       45.56764202    
  0.4700000000       68.07303723    
  0.4720000000       94.12826726    
  0.4740000000       114.8417908    
  0.4760000000       124.1959937    
  0.4780000000       118.7050902    
  0.4800000000       105.8131088    
  0.4820000000       91.96340302    
  0.4840000000       80.88815948    
  0.4860000000       69.87470462    
  0.4880000000       59.74362220    
  0.4900000000       52.17450931    
  0.4920000000       48.77537857    
  0.4940000000       47.87906600    
  0.4960000000       48.31384729    
  0.4980000000       49.21694155    
 
