     8 : nkpt
    53 : nstsv
 
     1   0.000000000       0.000000000       0.000000000     : k-point, vkl
 (state, eigenvalue and occupancy below)
     1  -2.893187032       2.000000000    
     2  -2.725328110       2.000000000    
     3  -2.725328110       2.000000000    
     4  -2.725328110       2.000000000    
     5  -2.725209179       2.000000000    
     6  -2.725209179       2.000000000    
     7  -2.725209179       2.000000000    
     8  -1.634594423       2.000000000    
     9  -1.634594423       2.000000000    
    10  -1.634594423       2.000000000    
    11  -1.445436853       2.000000000    
    12 -0.1017374916       2.000000000    
    13 -0.5807465685E-01   2.000000000    
    14 -0.5807465685E-01   2.000000000    
    15 -0.5253858943E-01   2.000000000    
    16 -0.5253858943E-01   2.000000000    
    17 -0.5253858943E-01   2.000000000    
    18 -0.3745947527E-01   2.000000000    
    19 -0.3745947527E-01   2.000000000    
    20 -0.3745947527E-01   2.000000000    
    21 -0.2735783143E-01   2.000000000    
    22 -0.2735783143E-01   2.000000000    
    23  0.7918038500E-01   2.000000000    
    24  0.7918038500E-01   2.000000000    
    25  0.7918038500E-01   2.000000000    
    26  0.1172378935       2.000000000    
    27  0.1172378935       2.000000000    
    28  0.3293049510       0.000000000    
    29  0.3840937589       0.000000000    
    30  0.3840937589       0.000000000    
    31  0.3840937589       0.000000000    
    32  0.4004573854       0.000000000    
    33  0.4004573854       0.000000000    
    34  0.4004573854       0.000000000    
    35  0.4609409535       0.000000000    
    36  0.4609409535       0.000000000    
    37  0.4609409535       0.000000000    
    38  0.5944671010       0.000000000    
    39  0.6408100616       0.000000000    
    40  0.6408100616       0.000000000    
    41  0.7288225770       0.000000000    
    42   1.028933214       0.000000000    
    43   1.028933214       0.000000000    
    44   1.028933214       0.000000000    
    45   1.069656505       0.000000000    
    46   1.069656505       0.000000000    
    47   1.069656505       0.000000000    
    48   1.159819673       0.000000000    
    49   1.159819673       0.000000000    
    50   1.173707710       0.000000000    
    51   1.173707710       0.000000000    
    52   1.173707710       0.000000000    
    53   1.528675676       0.000000000    
 
 
     2  0.2500000000       0.000000000       0.000000000     : k-point, vkl
 (state, eigenvalue and occupancy below)
     1  -2.893195186       2.000000000    
     2  -2.725314786       2.000000000    
     3  -2.725312692       2.000000000    
     4  -2.725312692       2.000000000    
     5  -2.725237157       2.000000000    
     6  -2.725226599       2.000000000    
     7  -2.725226599       2.000000000    
     8  -1.634617577       2.000000000    
     9  -1.634597547       2.000000000    
    10  -1.634597547       2.000000000    
    11  -1.445459644       2.000000000    
    12 -0.7628656956E-01   2.000000000    
    13 -0.5428128740E-01   2.000000000    
    14 -0.5428128740E-01   2.000000000    
    15 -0.5200737853E-01   2.000000000    
    16 -0.5020466291E-01   2.000000000    
    17 -0.5020466291E-01   2.000000000    
    18 -0.3944573955E-01   2.000000000    
    19 -0.3944573955E-01   2.000000000    
    20 -0.3649103372E-01   2.000000000    
    21 -0.3255729363E-01   2.000000000    
    22 -0.3255729363E-01   2.000000000    
    23  0.5762460812E-01   2.000000000    
    24  0.8691776193E-01   2.000000000    
    25  0.8691776193E-01   2.000000000    
    26  0.1137288991       2.000000000    
    27  0.1137288991       2.000000000    
    28  0.2186684573      0.1493531775E-02
    29  0.3391486963       0.000000000    
    30  0.3391486963       0.000000000    
    31  0.3670336666       0.000000000    
    32  0.3968288630       0.000000000    
    33  0.3968288630       0.000000000    
    34  0.4293455223       0.000000000    
    35  0.5036971338       0.000000000    
    36  0.5036971338       0.000000000    
    37  0.5506125625       0.000000000    
    38  0.6777938651       0.000000000    
    39  0.7382158491       0.000000000    
    40  0.7382158491       0.000000000    
    41  0.8082182944       0.000000000    
    42  0.8487423491       0.000000000    
    43  0.8487423491       0.000000000    
    44  0.8818295210       0.000000000    
    45   1.085026388       0.000000000    
    46   1.085026388       0.000000000    
    47   1.099212270       0.000000000    
    48   1.177813792       0.000000000    
    49   1.177813792       0.000000000    
    50   1.219490681       0.000000000    
    51   1.219490681       0.000000000    
    52   1.252090476       0.000000000    
    53   1.319503575       0.000000000    
 
 
     3  0.5000000000       0.000000000       0.000000000     : k-point, vkl
 (state, eigenvalue and occupancy below)
     1  -2.893202497       2.000000000    
     2  -2.725268879       2.000000000    
     3  -2.725268879       2.000000000    
     4  -2.725267308       2.000000000    
     5  -2.725266237       2.000000000    
     6  -2.725266237       2.000000000    
     7  -2.725258700       2.000000000    
     8  -1.634610451       2.000000000    
     9  -1.634594956       2.000000000    
    10  -1.634594956       2.000000000    
    11  -1.445443595       2.000000000    
    12 -0.5102313925E-01   2.000000000    
    13 -0.4733943643E-01   2.000000000    
    14 -0.4733943643E-01   2.000000000    
    15 -0.4528110113E-01   2.000000000    
    16 -0.4528110113E-01   2.000000000    
    17 -0.4450762488E-01   2.000000000    
    18 -0.4346720920E-01   2.000000000    
    19 -0.4346720920E-01   2.000000000    
    20 -0.4051712600E-01   2.000000000    
    21 -0.4051712600E-01   2.000000000    
    22 -0.2078314006E-01   2.000000000    
    23  0.2802709740E-01   2.000000000    
    24  0.8875667123E-01   2.000000000    
    25  0.8875667123E-01   2.000000000    
    26  0.1182902499       2.000000000    
    27  0.1182902499       2.000000000    
    28  0.1320402497       2.000000000    
    29  0.3145576806       0.000000000    
    30  0.3145576806       0.000000000    
    31  0.3698938102       0.000000000    
    32  0.3698938102       0.000000000    
    33  0.3930661606       0.000000000    
    34  0.4187028595       0.000000000    
    35  0.6313471188       0.000000000    
    36  0.6313471188       0.000000000    
    37  0.6478593694       0.000000000    
    38  0.6687282481       0.000000000    
    39  0.6687282481       0.000000000    
    40  0.7063469639       0.000000000    
    41  0.8257900315       0.000000000    
    42  0.9056318352       0.000000000    
    43  0.9056318352       0.000000000    
    44  0.9602650160       0.000000000    
    45  0.9768787623       0.000000000    
    46  0.9768787623       0.000000000    
    47   1.080297917       0.000000000    
    48   1.158260323       0.000000000    
    49   1.158260323       0.000000000    
    50   1.167567166       0.000000000    
    51   1.179700362       0.000000000    
    52   1.212046425       0.000000000    
    53   1.212046425       0.000000000    
 
 
     4  0.2500000000      0.2500000000       0.000000000     : k-point, vkl
 (state, eigenvalue and occupancy below)
     1  -2.893202721       2.000000000    
     2  -2.725334451       2.000000000    
     3  -2.725279699       2.000000000    
     4  -2.725271570       2.000000000    
     5  -2.725268579       2.000000000    
     6  -2.725259275       2.000000000    
     7  -2.725211922       2.000000000    
     8  -1.634613315       2.000000000    
     9  -1.634608844       2.000000000    
    10  -1.634599164       2.000000000    
    11  -1.445476303       2.000000000    
    12 -0.5722220191E-01   2.000000000    
    13 -0.5261841741E-01   2.000000000    
    14 -0.4882360161E-01   2.000000000    
    15 -0.4878185474E-01   2.000000000    
    16 -0.4476128299E-01   2.000000000    
    17 -0.4457244228E-01   2.000000000    
    18 -0.4434951082E-01   2.000000000    
    19 -0.3941243722E-01   2.000000000    
    20 -0.3877391834E-01   2.000000000    
    21 -0.3712386631E-01   2.000000000    
    22 -0.2178689151E-01   2.000000000    
    23  0.4881660996E-01   2.000000000    
    24  0.8016065545E-01   2.000000000    
    25  0.1027244862       2.000000000    
    26  0.1032414841       2.000000000    
    27  0.1200416313       2.000000000    
    28  0.1827602298       2.000000000    
    29  0.1869100931       2.000000000    
    30  0.2929549314       0.000000000    
    31  0.3690058420       0.000000000    
    32  0.4296272119       0.000000000    
    33  0.4546281810       0.000000000    
    34  0.4842097808       0.000000000    
    35  0.5378877056       0.000000000    
    36  0.5567308727       0.000000000    
    37  0.6442397916       0.000000000    
    38  0.6871681227       0.000000000    
    39  0.7270579105       0.000000000    
    40  0.7709218744       0.000000000    
    41  0.8392282325       0.000000000    
    42  0.8418992440       0.000000000    
    43  0.9015272882       0.000000000    
    44  0.9483502799       0.000000000    
    45  0.9640503444       0.000000000    
    46   1.016577962       0.000000000    
    47   1.027998572       0.000000000    
    48   1.075186171       0.000000000    
    49   1.089447222       0.000000000    
    50   1.144922119       0.000000000    
    51   1.150638533       0.000000000    
    52   1.179532284       0.000000000    
    53   1.275524212       0.000000000    
 
 
     5  0.5000000000      0.2500000000       0.000000000     : k-point, vkl
 (state, eigenvalue and occupancy below)
     1  -2.893204946       2.000000000    
     2  -2.725317744       2.000000000    
     3  -2.725310778       2.000000000    
     4  -2.725309192       2.000000000    
     5  -2.725231349       2.000000000    
     6  -2.725226857       2.000000000    
     7  -2.725210428       2.000000000    
     8  -1.634611608       2.000000000    
     9  -1.634601733       2.000000000    
    10  -1.634600347       2.000000000    
    11  -1.445459182       2.000000000    
    12 -0.5569557334E-01   2.000000000    
    13 -0.5150944765E-01   2.000000000    
    14 -0.5038825051E-01   2.000000000    
    15 -0.5005603789E-01   2.000000000    
    16 -0.4603462930E-01   2.000000000    
    17 -0.4525044377E-01   2.000000000    
    18 -0.4389103231E-01   2.000000000    
    19 -0.4190973837E-01   2.000000000    
    20 -0.3739873543E-01   2.000000000    
    21 -0.3321619455E-01   2.000000000    
    22  0.2626217058E-03   2.000000000    
    23  0.4537696497E-01   2.000000000    
    24  0.8318071092E-01   2.000000000    
    25  0.9658282331E-01   2.000000000    
    26  0.1166706281       2.000000000    
    27  0.1173012857       2.000000000    
    28  0.1376625864       2.000000000    
    29  0.2105833452       1.416169526    
    30  0.2308524437      0.7640132115E-08
    31  0.3411819433       0.000000000    
    32  0.4545054233       0.000000000    
    33  0.4833422343       0.000000000    
    34  0.4978182884       0.000000000    
    35  0.5652074294       0.000000000    
    36  0.6415806150       0.000000000    
    37  0.6573244219       0.000000000    
    38  0.7022326259       0.000000000    
    39  0.7075816364       0.000000000    
    40  0.7659226315       0.000000000    
    41  0.7989028403       0.000000000    
    42  0.8434731912       0.000000000    
    43  0.8753491826       0.000000000    
    44  0.9288228780       0.000000000    
    45  0.9327822164       0.000000000    
    46   1.020714958       0.000000000    
    47   1.022881532       0.000000000    
    48   1.064973964       0.000000000    
    49   1.099472710       0.000000000    
    50   1.137915278       0.000000000    
    51   1.151070588       0.000000000    
    52   1.184145566       0.000000000    
    53   1.222733352       0.000000000    
 
 
     6  0.7500000000      0.2500000000       0.000000000     : k-point, vkl
 (state, eigenvalue and occupancy below)
     1  -2.893196850       2.000000000    
     2  -2.725325745       2.000000000    
     3  -2.725325745       2.000000000    
     4  -2.725276742       2.000000000    
     5  -2.725254226       2.000000000    
     6  -2.725208896       2.000000000    
     7  -2.725208896       2.000000000    
     8  -1.634599448       2.000000000    
     9  -1.634599448       2.000000000    
    10  -1.634594905       2.000000000    
    11  -1.445431839       2.000000000    
    12 -0.7152031758E-01   2.000000000    
    13 -0.5480218430E-01   2.000000000    
    14 -0.5384815276E-01   2.000000000    
    15 -0.4934708844E-01   2.000000000    
    16 -0.4934708844E-01   2.000000000    
    17 -0.4656373634E-01   2.000000000    
    18 -0.4199829560E-01   2.000000000    
    19 -0.3899011899E-01   2.000000000    
    20 -0.3899011899E-01   2.000000000    
    21 -0.3492922281E-01   2.000000000    
    22 -0.2744070194E-01   2.000000000    
    23  0.6534758463E-01   2.000000000    
    24  0.8855579159E-01   2.000000000    
    25  0.8855579159E-01   2.000000000    
    26  0.1034654187       2.000000000    
    27  0.1157253963       2.000000000    
    28  0.2545182140      0.4028908453E-18
    29  0.2545182140      0.4028908453E-18
    30  0.2789076076       0.000000000    
    31  0.3043274358       0.000000000    
    32  0.3949052387       0.000000000    
    33  0.4847716028       0.000000000    
    34  0.4847716028       0.000000000    
    35  0.5219698720       0.000000000    
    36  0.6035623570       0.000000000    
    37  0.6035623570       0.000000000    
    38  0.6549430194       0.000000000    
    39  0.6656850173       0.000000000    
    40  0.6936815920       0.000000000    
    41  0.8442059764       0.000000000    
    42  0.8442059764       0.000000000    
    43  0.8831325794       0.000000000    
    44  0.9085637481       0.000000000    
    45  0.9204516453       0.000000000    
    46   1.101038691       0.000000000    
    47   1.101038691       0.000000000    
    48   1.151274908       0.000000000    
    49   1.163581863       0.000000000    
    50   1.163581863       0.000000000    
    51   1.200920966       0.000000000    
    52   1.281004310       0.000000000    
    53   1.316085839       0.000000000    
 
 
     7  0.5000000000      0.5000000000       0.000000000     : k-point, vkl
 (state, eigenvalue and occupancy below)
     1  -2.893207804       2.000000000    
     2  -2.725334216       2.000000000    
     3  -2.725330247       2.000000000    
     4  -2.725330247       2.000000000    
     5  -2.725210713       2.000000000    
     6  -2.725210713       2.000000000    
     7  -2.725187645       2.000000000    
     8  -1.634611215       2.000000000    
     9  -1.634611215       2.000000000    
    10  -1.634605147       2.000000000    
    11  -1.445455081       2.000000000    
    12 -0.5898804242E-01   2.000000000    
    13 -0.5478824966E-01   2.000000000    
    14 -0.5366753714E-01   2.000000000    
    15 -0.5151239339E-01   2.000000000    
    16 -0.4577192141E-01   2.000000000    
    17 -0.4577192141E-01   2.000000000    
    18 -0.4147626182E-01   2.000000000    
    19 -0.4147626182E-01   2.000000000    
    20 -0.3418959974E-01   2.000000000    
    21 -0.2785872726E-01   2.000000000    
    22  0.4378047161E-01   2.000000000    
    23  0.4627649188E-01   2.000000000    
    24  0.5553825184E-01   2.000000000    
    25  0.1140174694       2.000000000    
    26  0.1163462090       2.000000000    
    27  0.1163462090       2.000000000    
    28  0.1551736254       2.000000000    
    29  0.1748596312       2.000000000    
    30  0.1748596312       2.000000000    
    31  0.2973453538       0.000000000    
    32  0.4016329827       0.000000000    
    33  0.6252358274       0.000000000    
    34  0.6252358274       0.000000000    
    35  0.6477273644       0.000000000    
    36  0.6477273644       0.000000000    
    37  0.6733852257       0.000000000    
    38  0.6833216581       0.000000000    
    39  0.6880102623       0.000000000    
    40  0.7826400046       0.000000000    
    41  0.7844809447       0.000000000    
    42  0.7844809447       0.000000000    
    43  0.8192970848       0.000000000    
    44  0.8294609924       0.000000000    
    45  0.9090567303       0.000000000    
    46  0.9090567303       0.000000000    
    47  0.9114671179       0.000000000    
    48   1.083316122       0.000000000    
    49   1.191331857       0.000000000    
    50   1.191331857       0.000000000    
    51   1.231489471       0.000000000    
    52   1.269841229       0.000000000    
    53   1.269841229       0.000000000    
 
 
     8  0.5000000000      0.5000000000      0.2500000000     : k-point, vkl
 (state, eigenvalue and occupancy below)
     1  -2.893209076       2.000000000    
     2  -2.725344923       2.000000000    
     3  -2.725336338       2.000000000    
     4  -2.725272698       2.000000000    
     5  -2.725272698       2.000000000    
     6  -2.725218044       2.000000000    
     7  -2.725198963       2.000000000    
     8  -1.634621241       2.000000000    
     9  -1.634621241       2.000000000    
    10  -1.634613104       2.000000000    
    11  -1.445505414       2.000000000    
    12 -0.5456996687E-01   2.000000000    
    13 -0.5456996687E-01   2.000000000    
    14 -0.5241663452E-01   2.000000000    
    15 -0.5071877432E-01   2.000000000    
    16 -0.4317332112E-01   2.000000000    
    17 -0.4309106502E-01   2.000000000    
    18 -0.4309106502E-01   2.000000000    
    19 -0.3923694734E-01   2.000000000    
    20 -0.3923694734E-01   2.000000000    
    21 -0.3734750405E-01   2.000000000    
    22  0.4636627281E-01   2.000000000    
    23  0.4636627281E-01   2.000000000    
    24  0.7713581004E-01   2.000000000    
    25  0.7838641644E-01   2.000000000    
    26  0.1168033644       2.000000000    
    27  0.1361347007       2.000000000    
    28  0.1372306694       2.000000000    
    29  0.1372306694       2.000000000    
    30  0.1980061336       1.999997156    
    31  0.4170683032       0.000000000    
    32  0.4170683032       0.000000000    
    33  0.4678111408       0.000000000    
    34  0.5218715748       0.000000000    
    35  0.6171894546       0.000000000    
    36  0.6743786094       0.000000000    
    37  0.6743786094       0.000000000    
    38  0.6941422083       0.000000000    
    39  0.7546247555       0.000000000    
    40  0.7546247555       0.000000000    
    41  0.7673202752       0.000000000    
    42  0.7872217109       0.000000000    
    43  0.9514502392       0.000000000    
    44  0.9514502392       0.000000000    
    45  0.9568668501       0.000000000    
    46  0.9817908912       0.000000000    
    47   1.031404574       0.000000000    
    48   1.031404574       0.000000000    
    49   1.060580110       0.000000000    
    50   1.062520513       0.000000000    
    51   1.099628865       0.000000000    
    52   1.099628865       0.000000000    
    53   1.183519036       0.000000000    
 
