 
Species :    1 (Li), atom :    1
 l =  0, m =  0, lm=   1 :    528.0000000    
 l =  1, m = -1, lm=   2 :    256.0000000    
 l =  1, m =  0, lm=   3 :    256.0000000    
 l =  1, m =  1, lm=   4 :    256.0000000    
 l =  2, m = -2, lm=   5 :    208.0000000    
 l =  2, m = -1, lm=   6 :    208.0000000    
 l =  2, m =  0, lm=   7 :    208.0000000    
 l =  2, m =  1, lm=   8 :    792.0000000    
 l =  2, m =  2, lm=   9 :    792.0000000    
 l =  3, m = -3, lm=  10 :   -408.0000000    
 l =  3, m = -2, lm=  11 :    152.1935988    
 l =  3, m = -1, lm=  12 :    152.1935988    
 l =  3, m =  0, lm=  13 :    152.1935988    
 l =  3, m =  1, lm=  14 :    735.8064012    
 l =  3, m =  2, lm=  15 :    735.8064012    
 l =  3, m =  3, lm=  16 :    735.8064012    
 
Species :    2 (Zn), atom :    1
 l =  0, m =  0, lm=   1 :    264.0000000    
 l =  1, m = -1, lm=   2 :    128.0000000    
 l =  1, m =  0, lm=   3 :    128.0000000    
 l =  1, m =  1, lm=   4 :    128.0000000    
 l =  2, m = -2, lm=   5 :    104.0000000    
 l =  2, m = -1, lm=   6 :    104.0000000    
 l =  2, m =  0, lm=   7 :    104.0000000    
 l =  2, m =  1, lm=   8 :    396.0000000    
 l =  2, m =  2, lm=   9 :    396.0000000    
 l =  3, m = -3, lm=  10 :   -204.0000000    
 l =  3, m = -2, lm=  11 :    76.09679938    
 l =  3, m = -1, lm=  12 :    76.09679938    
 l =  3, m =  0, lm=  13 :    76.09679938    
 l =  3, m =  1, lm=  14 :    367.9032006    
 l =  3, m =  2, lm=  15 :    367.9032006    
 l =  3, m =  3, lm=  16 :    367.9032006    
 
Species :    2 (Zn), atom :    2
 l =  0, m =  0, lm=   1 :    264.0000000    
 l =  1, m = -1, lm=   2 :    128.0000000    
 l =  1, m =  0, lm=   3 :    128.0000000    
 l =  1, m =  1, lm=   4 :    128.0000000    
 l =  2, m = -2, lm=   5 :    104.0000000    
 l =  2, m = -1, lm=   6 :    104.0000000    
 l =  2, m =  0, lm=   7 :    104.0000000    
 l =  2, m =  1, lm=   8 :    396.0000000    
 l =  2, m =  2, lm=   9 :    396.0000000    
 l =  3, m = -3, lm=  10 :   -204.0000000    
 l =  3, m = -2, lm=  11 :    76.09679938    
 l =  3, m = -1, lm=  12 :    76.09679938    
 l =  3, m =  0, lm=  13 :    76.09679938    
 l =  3, m =  1, lm=  14 :    367.9032006    
 l =  3, m =  2, lm=  15 :    367.9032006    
 l =  3, m =  3, lm=  16 :    367.9032006    
 
Species :    3 (Pd), atom :    1
 l =  0, m =  0, lm=   1 :    528.0000000    
 l =  1, m = -1, lm=   2 :    256.0000000    
 l =  1, m =  0, lm=   3 :    256.0000000    
 l =  1, m =  1, lm=   4 :    256.0000000    
 l =  2, m = -2, lm=   5 :    208.0000000    
 l =  2, m = -1, lm=   6 :    208.0000000    
 l =  2, m =  0, lm=   7 :    208.0000000    
 l =  2, m =  1, lm=   8 :    792.0000000    
 l =  2, m =  2, lm=   9 :    792.0000000    
 l =  3, m = -3, lm=  10 :   -408.0000000    
 l =  3, m = -2, lm=  11 :    152.1935988    
 l =  3, m = -1, lm=  12 :    152.1935988    
 l =  3, m =  0, lm=  13 :    152.1935988    
 l =  3, m =  1, lm=  14 :    735.8064012    
 l =  3, m =  2, lm=  15 :    735.8064012    
 l =  3, m =  3, lm=  16 :    735.8064012    
