 
scale
 1.0
 
scale1
 1.0
 
scale2
 1.0
 
scale3
 1.0
 
avec
   5.748546871       5.748546871       0.000000000    
   5.748546871      -5.748546871       0.000000000    
   5.748546871       0.000000000       5.748546871    
 
atoms
   3                                    : nspecies
'Li.in'                                 : spfname
   1                                    : natoms; atpos, bfcmt below
    0.00000000    0.00000000    0.00000000    0.00000000  0.00000000  0.00000000
'Zn.in'                                 : spfname
   2                                    : natoms; atpos, bfcmt below
   -0.25000000    0.25000000    0.50000000    0.00000000  0.00000000  0.00000000
    0.25000000   -0.25000000    0.50000000    0.00000000  0.00000000  0.00000000
'Pd.in'                                 : spfname
   1                                    : natoms; atpos, bfcmt below
    0.50000000    0.50000000    0.00000000    0.00000000  0.00000000  0.00000000
