 -0.5000000000       0.000000000    
 -0.4980000000       0.000000000    
 -0.4960000000       0.000000000    
 -0.4940000000       0.000000000    
 -0.4920000000       0.000000000    
 -0.4900000000       0.000000000    
 -0.4880000000       0.000000000    
 -0.4860000000       0.000000000    
 -0.4840000000       0.000000000    
 -0.4820000000       0.000000000    
 -0.4800000000       0.000000000    
 -0.4780000000       0.000000000    
 -0.4760000000       0.000000000    
 -0.4740000000       0.000000000    
 -0.4720000000       0.000000000    
 -0.4700000000       0.000000000    
 -0.4680000000       0.000000000    
 -0.4660000000       0.000000000    
 -0.4640000000       0.000000000    
 -0.4620000000       0.000000000    
 -0.4600000000       0.000000000    
 -0.4580000000       0.000000000    
 -0.4560000000       0.000000000    
 -0.4540000000       0.000000000    
 -0.4520000000       0.000000000    
 -0.4500000000       0.000000000    
 -0.4480000000       0.000000000    
 -0.4460000000       0.000000000    
 -0.4440000000       0.000000000    
 -0.4420000000       0.000000000    
 -0.4400000000       0.000000000    
 -0.4380000000       0.000000000    
 -0.4360000000       0.000000000    
 -0.4340000000       0.000000000    
 -0.4320000000       0.000000000    
 -0.4300000000       0.000000000    
 -0.4280000000       0.000000000    
 -0.4260000000       0.000000000    
 -0.4240000000       0.000000000    
 -0.4220000000       0.000000000    
 -0.4200000000       0.000000000    
 -0.4180000000       0.000000000    
 -0.4160000000       0.000000000    
 -0.4140000000       0.000000000    
 -0.4120000000       0.000000000    
 -0.4100000000       0.000000000    
 -0.4080000000       0.000000000    
 -0.4060000000       0.000000000    
 -0.4040000000       0.000000000    
 -0.4020000000       0.000000000    
 -0.4000000000       0.000000000    
 -0.3980000000       0.000000000    
 -0.3960000000       0.000000000    
 -0.3940000000       0.000000000    
 -0.3920000000       0.000000000    
 -0.3900000000       0.000000000    
 -0.3880000000       0.000000000    
 -0.3860000000       0.000000000    
 -0.3840000000       0.000000000    
 -0.3820000000       0.000000000    
 -0.3800000000       0.000000000    
 -0.3780000000       0.000000000    
 -0.3760000000       0.000000000    
 -0.3740000000       0.000000000    
 -0.3720000000       0.000000000    
 -0.3700000000       0.000000000    
 -0.3680000000       0.000000000    
 -0.3660000000       0.000000000    
 -0.3640000000       0.000000000    
 -0.3620000000       0.000000000    
 -0.3600000000       0.000000000    
 -0.3580000000       0.000000000    
 -0.3560000000       0.000000000    
 -0.3540000000       0.000000000    
 -0.3520000000       0.000000000    
 -0.3500000000       0.000000000    
 -0.3480000000       0.000000000    
 -0.3460000000       0.000000000    
 -0.3440000000       0.000000000    
 -0.3420000000       0.000000000    
 -0.3400000000       0.000000000    
 -0.3380000000       0.000000000    
 -0.3360000000       0.000000000    
 -0.3340000000       0.000000000    
 -0.3320000000       0.000000000    
 -0.3300000000       0.000000000    
 -0.3280000000       0.000000000    
 -0.3260000000       0.000000000    
 -0.3240000000       0.000000000    
 -0.3220000000       0.000000000    
 -0.3200000000       0.000000000    
 -0.3180000000       0.000000000    
 -0.3160000000      0.3333333333E-03
 -0.3140000000      0.6333333333E-02
 -0.3120000000      0.3300000000E-01
 -0.3100000000      0.1026666667    
 -0.3080000000      0.2366666667    
 -0.3060000000      0.4373333333    
 -0.3040000000      0.7453333333    
 -0.3020000000       1.150666667    
 -0.3000000000       1.730666667    
 -0.2980000000       2.465333333    
 -0.2960000000       3.448000000    
 -0.2940000000       4.772000000    
 -0.2920000000       6.584666667    
 -0.2900000000       9.569333333    
 -0.2880000000       14.27466667    
 -0.2860000000       19.20533333    
 -0.2840000000       23.76933333    
 -0.2820000000       27.74466667    
 -0.2800000000       32.90133333    
 -0.2780000000       39.92933333    
 -0.2760000000       49.57333333    
 -0.2740000000       64.08400000    
 -0.2720000000       91.29833333    
 -0.2700000000       198.4543333    
 -0.2680000000       295.1023333    
 -0.2660000000       570.0730000    
 -0.2640000000       934.9706667    
 -0.2620000000       1016.074667    
 -0.2600000000       948.3736667    
 -0.2580000000       891.7726667    
 -0.2560000000       891.3186667    
 -0.2540000000       938.8386667    
 -0.2520000000       805.5766667    
 -0.2500000000       746.0930000    
 -0.2480000000       633.5280000    
 -0.2460000000       393.2646667    
 -0.2440000000       267.9150000    
 -0.2420000000       97.97900000    
 -0.2400000000       47.36566667    
 -0.2380000000       39.08366667    
 -0.2360000000       36.01133333    
 -0.2340000000       38.43466667    
 -0.2320000000       42.19333333    
 -0.2300000000       45.98400000    
 -0.2280000000       48.65800000    
 -0.2260000000       50.12400000    
 -0.2240000000       50.16066667    
 -0.2220000000       48.64133333    
 -0.2200000000       46.25333333    
 -0.2180000000       43.43866667    
 -0.2160000000       40.90466667    
 -0.2140000000       38.45400000    
 -0.2120000000       36.10866667    
 -0.2100000000       33.96466667    
 -0.2080000000       32.20800000    
 -0.2060000000       30.02933333    
 -0.2040000000       27.63200000    
 -0.2020000000       25.39466667    
 -0.2000000000       23.57600000    
 -0.1980000000       22.25733333    
 -0.1960000000       20.72533333    
 -0.1940000000       19.37600000    
 -0.1920000000       17.63733333    
 -0.1900000000       15.25933333    
 -0.1880000000       12.78000000    
 -0.1860000000       10.17266667    
 -0.1840000000       8.247333333    
 -0.1820000000       7.004666667    
 -0.1800000000       6.619333333    
 -0.1780000000       7.274666667    
 -0.1760000000       9.384000000    
 -0.1740000000       13.73866667    
 -0.1720000000       21.67066667    
 -0.1700000000       36.70033333    
 -0.1680000000       123.3066667    
 -0.1660000000       180.7200000    
 -0.1640000000       193.6763333    
 -0.1620000000       123.7013333    
 -0.1600000000       73.50266667    
 -0.1580000000       55.83833333    
 -0.1560000000       44.98500000    
 -0.1540000000       37.91566667    
 -0.1520000000       32.00200000    
 -0.1500000000       24.65533333    
 -0.1480000000       17.13200000    
 -0.1460000000       11.63333333    
 -0.1440000000       10.16066667    
 -0.1420000000       11.14533333    
 -0.1400000000       14.21133333    
 -0.1380000000       19.84533333    
 -0.1360000000       31.26733333    
 -0.1340000000       65.52433333    
 -0.1320000000       130.0963333    
 -0.1300000000       212.7736667    
 -0.1280000000       246.1000000    
 -0.1260000000       207.2486667    
 -0.1240000000       138.0806667    
 -0.1220000000       109.0793333    
 -0.1200000000       136.5393333    
 -0.1180000000       187.8626667    
 -0.1160000000       193.6426667    
 -0.1140000000       153.4386667    
 -0.1120000000       80.55400000    
 -0.1100000000       34.07600000    
 -0.1080000000       20.52133333    
 -0.1060000000       32.76000000    
 -0.1040000000       76.59333333    
 -0.1020000000       138.4806667    
 -0.1000000000       208.5036667    
 -0.9800000000E-01   299.7583333    
 -0.9600000000E-01   368.7943333    
 -0.9400000000E-01   353.7753333    
 -0.9200000000E-01   249.8933333    
 -0.9000000000E-01   130.5700000    
 -0.8800000000E-01   67.18933333    
 -0.8600000000E-01   37.98400000    
 -0.8400000000E-01   20.69133333    
 -0.8200000000E-01   10.24000000    
 -0.8000000000E-01   4.688666667    
 -0.7800000000E-01   2.787333333    
 -0.7600000000E-01   8.014000000    
 -0.7400000000E-01   20.42266667    
 -0.7200000000E-01   36.80066667    
 -0.7000000000E-01   50.01000000    
 -0.6800000000E-01   55.76466667    
 -0.6600000000E-01   56.48800000    
 -0.6400000000E-01   52.98066667    
 -0.6200000000E-01   48.26600000    
 -0.6000000000E-01   43.10266667    
 -0.5800000000E-01   38.93766667    
 -0.5600000000E-01   36.37233333    
 -0.5400000000E-01   34.00966667    
 -0.5200000000E-01   32.31000000    
 -0.5000000000E-01   30.77466667    
 -0.4800000000E-01   29.63800000    
 -0.4600000000E-01   28.06933333    
 -0.4400000000E-01   26.64466667    
 -0.4200000000E-01   25.58866667    
 -0.4000000000E-01   25.40200000    
 -0.3800000000E-01   25.59266667    
 -0.3600000000E-01   26.03133333    
 -0.3400000000E-01   26.86066667    
 -0.3200000000E-01   27.92333333    
 -0.3000000000E-01   29.67400000    
 -0.2800000000E-01   31.90466667    
 -0.2600000000E-01   33.58666667    
 -0.2400000000E-01   34.48666667    
 -0.2200000000E-01   34.64600000    
 -0.2000000000E-01   35.40800000    
 -0.1800000000E-01   36.59466667    
 -0.1600000000E-01   37.98400000    
 -0.1400000000E-01   39.31000000    
 -0.1200000000E-01   40.20600000    
 -0.1000000000E-01   40.77800000    
 -0.8000000000E-02   40.95400000    
 -0.6000000000E-02   41.27933333    
 -0.4000000000E-02   41.33133333    
 -0.2000000000E-02   41.58733333    
 -0.2710505431E-19   41.25733333    
  0.2000000000E-02   41.46733333    
  0.4000000000E-02   41.25466667    
  0.6000000000E-02   41.56600000    
  0.8000000000E-02   41.07000000    
  0.1000000000E-01   40.96600000    
  0.1200000000E-01   40.69533333    
  0.1400000000E-01   40.59600000    
  0.1600000000E-01   40.71066667    
  0.1800000000E-01   40.99200000    
  0.2000000000E-01   41.68200000    
  0.2200000000E-01   41.34066667    
  0.2400000000E-01   40.07333333    
  0.2600000000E-01   38.32933333    
  0.2800000000E-01   36.88266667    
  0.3000000000E-01   36.01733333    
  0.3200000000E-01   35.13733333    
  0.3400000000E-01   34.44733333    
  0.3600000000E-01   33.73466667    
  0.3800000000E-01   33.25266667    
  0.4000000000E-01   32.81333333    
  0.4200000000E-01   32.43600000    
  0.4400000000E-01   32.06200000    
  0.4600000000E-01   31.67800000    
  0.4800000000E-01   31.29533333    
  0.5000000000E-01   30.65200000    
  0.5200000000E-01   30.16200000    
  0.5400000000E-01   29.54733333    
  0.5600000000E-01   29.04733333    
  0.5800000000E-01   28.47933333    
  0.6000000000E-01   27.87800000    
  0.6200000000E-01   27.25733333    
  0.6400000000E-01   26.48600000    
  0.6600000000E-01   25.80933333    
  0.6800000000E-01   25.13000000    
  0.7000000000E-01   24.42133333    
  0.7200000000E-01   23.74066667    
  0.7400000000E-01   22.92800000    
  0.7600000000E-01   22.11933333    
  0.7800000000E-01   21.23600000    
  0.8000000000E-01   20.45133333    
  0.8200000000E-01   19.76400000    
  0.8400000000E-01   19.04033333    
  0.8600000000E-01   18.34633333    
  0.8800000000E-01   17.55833333    
  0.9000000000E-01   16.89000000    
  0.9200000000E-01   16.21866667    
  0.9400000000E-01   15.75066667    
  0.9600000000E-01   15.39266667    
  0.9800000000E-01   15.21133333    
  0.1000000000       15.06600000    
  0.1020000000       14.98533333    
  0.1040000000       15.00533333    
  0.1060000000       15.15533333    
  0.1080000000       15.51266667    
  0.1100000000       16.04866667    
  0.1120000000       16.75933333    
  0.1140000000       17.53266667    
  0.1160000000       18.38766667    
  0.1180000000       19.45166667    
  0.1200000000       20.84033333    
  0.1220000000       22.61600000    
  0.1240000000       25.06400000    
  0.1260000000       27.80600000    
  0.1280000000       32.74866667    
  0.1300000000       37.04666667    
  0.1320000000       40.92200000    
  0.1340000000       43.32400000    
  0.1360000000       46.88666667    
  0.1380000000       50.99333333    
  0.1400000000       54.61133333    
  0.1420000000       57.50466667    
  0.1440000000       59.95066667    
  0.1460000000       62.11800000    
  0.1480000000       64.11066667    
  0.1500000000       64.40266667    
  0.1520000000       60.78466667    
  0.1540000000       51.70666667    
  0.1560000000       38.58066667    
  0.1580000000       26.35066667    
  0.1600000000       17.74400000    
  0.1620000000       13.52466667    
  0.1640000000       11.06733333    
  0.1660000000       9.131333333    
  0.1680000000       7.666000000    
  0.1700000000       6.478333333    
  0.1720000000       5.661666667    
  0.1740000000       5.020333333    
  0.1760000000       4.647333333    
  0.1780000000       4.428666667    
  0.1800000000       4.536666667    
  0.1820000000       6.344000000    
  0.1840000000       13.86133333    
  0.1860000000       22.50100000    
  0.1880000000       28.42200000    
  0.1900000000       28.55733333    
  0.1920000000       27.35833333    
  0.1940000000       27.78533333    
  0.1960000000       28.70200000    
  0.1980000000       30.35133333    
  0.2000000000       32.43266667    
  0.2020000000       34.94466667    
  0.2040000000       37.80466667    
  0.2060000000       40.77466667    
  0.2080000000       44.22533333    
  0.2100000000       48.67733333    
  0.2120000000       54.10600000    
  0.2140000000       60.57333333    
  0.2160000000       66.88933333    
  0.2180000000       73.90866667    
  0.2200000000       80.92800000    
  0.2220000000       87.97933333    
  0.2240000000       89.68066667    
  0.2260000000       84.53800000    
  0.2280000000       73.77133333    
  0.2300000000       62.93800000    
  0.2320000000       54.78266667    
  0.2340000000       49.03400000    
  0.2360000000       45.04866667    
  0.2380000000       42.09600000    
  0.2400000000       39.83466667    
  0.2420000000       38.77200000    
  0.2440000000       39.26733333    
  0.2460000000       41.54400000    
  0.2480000000       45.13233333    
  0.2500000000       49.39233333    
  0.2520000000       53.56300000    
  0.2540000000       57.92466667    
  0.2560000000       60.48666667    
  0.2580000000       60.60533333    
  0.2600000000       58.38266667    
  0.2620000000       55.95133333    
  0.2640000000       54.74066667    
  0.2660000000       54.03200000    
  0.2680000000       54.49800000    
  0.2700000000       55.22800000    
  0.2720000000       54.68666667    
  0.2740000000       53.03133333    
  0.2760000000       51.14733333    
  0.2780000000       50.67400000    
  0.2800000000       49.69600000    
  0.2820000000       47.75133333    
  0.2840000000       45.01533333    
  0.2860000000       42.30666667    
  0.2880000000       40.67733333    
  0.2900000000       39.56133333    
  0.2920000000       39.58533333    
  0.2940000000       39.22266667    
  0.2960000000       38.91400000    
  0.2980000000       37.58400000    
  0.3000000000       35.61533333    
  0.3020000000       33.10000000    
  0.3040000000       30.78200000    
  0.3060000000       29.14266667    
  0.3080000000       27.80466667    
  0.3100000000       27.02333333    
  0.3120000000       26.56733333    
  0.3140000000       26.35800000    
  0.3160000000       26.31000000    
  0.3180000000       26.40800000    
  0.3200000000       26.67466667    
  0.3220000000       27.01666667    
  0.3240000000       27.53000000    
  0.3260000000       28.09133333    
  0.3280000000       28.86466667    
  0.3300000000       29.59333333    
  0.3320000000       30.54066667    
  0.3340000000       31.57066667    
  0.3360000000       32.91800000    
  0.3380000000       34.99133333    
  0.3400000000       37.18200000    
  0.3420000000       38.97600000    
  0.3440000000       40.13133333    
  0.3460000000       41.15133333    
  0.3480000000       42.66666667    
  0.3500000000       44.34533333    
  0.3520000000       46.48266667    
  0.3540000000       48.91733333    
  0.3560000000       51.17266667    
  0.3580000000       52.16733333    
  0.3600000000       51.57466667    
  0.3620000000       49.09066667    
  0.3640000000       46.65666667    
  0.3660000000       44.31533333    
  0.3680000000       43.22800000    
  0.3700000000       42.15666667    
  0.3720000000       41.34266667    
  0.3740000000       40.82466667    
  0.3760000000       40.21200000    
  0.3780000000       39.61533333    
  0.3800000000       38.46300000    
  0.3820000000       37.29900000    
  0.3840000000       36.23900000    
  0.3860000000       35.05200000    
  0.3880000000       34.03000000    
  0.3900000000       33.08133333    
  0.3920000000       32.61400000    
  0.3940000000       32.42933333    
  0.3960000000       32.38400000    
  0.3980000000       32.59000000    
  0.4000000000       32.93600000    
  0.4020000000       33.47600000    
  0.4040000000       34.14800000    
  0.4060000000       35.15333333    
  0.4080000000       36.63000000    
  0.4100000000       38.33466667    
  0.4120000000       39.78733333    
  0.4140000000       40.73333333    
  0.4160000000       41.66133333    
  0.4180000000       42.94200000    
  0.4200000000       44.55333333    
  0.4220000000       45.80533333    
  0.4240000000       46.90333333    
  0.4260000000       47.79333333    
  0.4280000000       49.25600000    
  0.4300000000       50.80866667    
  0.4320000000       53.43666667    
  0.4340000000       56.87533333    
  0.4360000000       60.43133333    
  0.4380000000       65.29666667    
  0.4400000000       70.28266667    
  0.4420000000       74.54933333    
  0.4440000000       72.57400000    
  0.4460000000       66.18533333    
  0.4480000000       58.59066667    
  0.4500000000       53.26066667    
  0.4520000000       48.25533333    
  0.4540000000       41.17333333    
  0.4560000000       33.32133333    
  0.4580000000       27.08266667    
  0.4600000000       24.39633333    
  0.4620000000       26.00366667    
  0.4640000000       31.88300000    
  0.4660000000       38.96933333    
  0.4680000000       45.32333333    
  0.4700000000       51.44566667    
  0.4720000000       58.57766667    
  0.4740000000       66.83733333    
  0.4760000000       76.08033333    
  0.4780000000       89.71833333    
  0.4800000000       112.8453333    
  0.4820000000       136.1026667    
  0.4840000000       138.4833333    
  0.4860000000       114.1466667    
  0.4880000000       79.13800000    
  0.4900000000       58.81666667    
  0.4920000000       57.00333333    
  0.4940000000       65.30133333    
  0.4960000000       72.02133333    
  0.4980000000       73.83000000    
 
