    0.899327231215E-03
    0.261396684078E-02
    0.286203882479E-02
    0.621515532315E-03
    0.104337159345E-02
    0.960279666670E-03
    0.762685106897E-03
    0.669618111918E-03
    0.676125579073E-03
    0.716035642623E-03
    0.750588274528E-03
    0.774627899666E-03
    0.786352943226E-03
    0.793770464259E-03
    0.793049834580E-03
    0.798413880580E-03
    0.796185474302E-03
    0.796123571635E-03
    0.796086433419E-03
    0.796091323117E-03
    0.796117788237E-03
    0.796149050860E-03
    0.796176545588E-03
    0.796197430614E-03
    0.796211093152E-03
    0.796219191550E-03
    0.796223378863E-03
