 -0.5000000000       0.000000000    
 -0.4980000000       0.000000000    
 -0.4960000000       0.000000000    
 -0.4940000000       0.000000000    
 -0.4920000000       0.000000000    
 -0.4900000000       0.000000000    
 -0.4880000000       0.000000000    
 -0.4860000000       0.000000000    
 -0.4840000000       0.000000000    
 -0.4820000000       0.000000000    
 -0.4800000000       0.000000000    
 -0.4780000000       0.000000000    
 -0.4760000000       0.000000000    
 -0.4740000000       0.000000000    
 -0.4720000000       0.000000000    
 -0.4700000000       0.000000000    
 -0.4680000000       0.000000000    
 -0.4660000000       0.000000000    
 -0.4640000000       0.000000000    
 -0.4620000000       0.000000000    
 -0.4600000000       0.000000000    
 -0.4580000000       0.000000000    
 -0.4560000000       0.000000000    
 -0.4540000000       0.000000000    
 -0.4520000000       0.000000000    
 -0.4500000000       0.000000000    
 -0.4480000000       0.000000000    
 -0.4460000000       0.000000000    
 -0.4440000000       0.000000000    
 -0.4420000000       0.000000000    
 -0.4400000000       0.000000000    
 -0.4380000000       0.000000000    
 -0.4360000000       0.000000000    
 -0.4340000000       0.000000000    
 -0.4320000000       0.000000000    
 -0.4300000000       0.000000000    
 -0.4280000000       0.000000000    
 -0.4260000000       0.000000000    
 -0.4240000000       0.000000000    
 -0.4220000000       0.000000000    
 -0.4200000000       0.000000000    
 -0.4180000000       0.000000000    
 -0.4160000000       0.000000000    
 -0.4140000000       0.000000000    
 -0.4120000000       0.000000000    
 -0.4100000000       0.000000000    
 -0.4080000000       0.000000000    
 -0.4060000000       0.000000000    
 -0.4040000000       0.000000000    
 -0.4020000000       0.000000000    
 -0.4000000000       0.000000000    
 -0.3980000000       0.000000000    
 -0.3960000000       0.000000000    
 -0.3940000000       0.000000000    
 -0.3920000000       0.000000000    
 -0.3900000000       0.000000000    
 -0.3880000000       0.000000000    
 -0.3860000000       0.000000000    
 -0.3840000000       0.000000000    
 -0.3820000000       0.000000000    
 -0.3800000000       0.000000000    
 -0.3780000000       0.000000000    
 -0.3760000000       0.000000000    
 -0.3740000000       0.000000000    
 -0.3720000000       0.000000000    
 -0.3700000000       0.000000000    
 -0.3680000000       0.000000000    
 -0.3660000000       0.000000000    
 -0.3640000000       0.000000000    
 -0.3620000000       0.000000000    
 -0.3600000000       0.000000000    
 -0.3580000000       0.000000000    
 -0.3560000000       0.000000000    
 -0.3540000000       0.000000000    
 -0.3520000000       0.000000000    
 -0.3500000000       0.000000000    
 -0.3480000000       0.000000000    
 -0.3460000000       0.000000000    
 -0.3440000000       0.000000000    
 -0.3420000000       0.000000000    
 -0.3400000000       0.000000000    
 -0.3380000000      0.1695923757E-03
 -0.3360000000      0.1134626831E-01
 -0.3340000000      0.7930436894E-01
 -0.3320000000      0.2903672965    
 -0.3300000000      0.9093123988    
 -0.3280000000       1.530459287    
 -0.3260000000       2.046314625    
 -0.3240000000       2.222989719    
 -0.3220000000       2.441313245    
 -0.3200000000       2.770541360    
 -0.3180000000       3.146357176    
 -0.3160000000       3.575195459    
 -0.3140000000       3.935426022    
 -0.3120000000       4.147674074    
 -0.3100000000       4.280543914    
 -0.3080000000       4.434167258    
 -0.3060000000       4.698013003    
 -0.3040000000       5.000630258    
 -0.3020000000       5.327949310    
 -0.3000000000       5.683499542    
 -0.2980000000       6.076763688    
 -0.2960000000       6.423449649    
 -0.2940000000       6.849076871    
 -0.2920000000       7.287754166    
 -0.2900000000       7.785980021    
 -0.2880000000       8.312640668    
 -0.2860000000       8.901293747    
 -0.2840000000       9.599030589    
 -0.2820000000       10.39602151    
 -0.2800000000       11.47117038    
 -0.2780000000       13.70746907    
 -0.2760000000       17.96739466    
 -0.2740000000       21.80144637    
 -0.2720000000       20.80888323    
 -0.2700000000       15.40130647    
 -0.2680000000       25.09125611    
 -0.2660000000       40.31461683    
 -0.2640000000       55.55029811    
 -0.2620000000       56.20876712    
 -0.2600000000       50.40561206    
 -0.2580000000       42.99028609    
 -0.2560000000       35.04900490    
 -0.2540000000       29.00504002    
 -0.2520000000       26.27560259    
 -0.2500000000       23.89076479    
 -0.2480000000       20.80013926    
 -0.2460000000       15.75254705    
 -0.2440000000       10.95034659    
 -0.2420000000       9.914408913    
 -0.2400000000       10.08606643    
 -0.2380000000       9.312866567    
 -0.2360000000       7.884181227    
 -0.2340000000       7.518976251    
 -0.2320000000       7.426615879    
 -0.2300000000       7.355906515    
 -0.2280000000       7.299981637    
 -0.2260000000       7.218973392    
 -0.2240000000       7.122615097    
 -0.2220000000       7.066163985    
 -0.2200000000       6.993174290    
 -0.2180000000       6.969051399    
 -0.2160000000       6.846737947    
 -0.2140000000       6.767833784    
 -0.2120000000       6.660112472    
 -0.2100000000       6.707903295    
 -0.2080000000       6.682787801    
 -0.2060000000       6.631408792    
 -0.2040000000       6.377570382    
 -0.2020000000       6.168629711    
 -0.2000000000       5.853004161    
 -0.1980000000       5.514820766    
 -0.1960000000       4.991643944    
 -0.1940000000       4.259618113    
 -0.1920000000       3.324177821    
 -0.1900000000       2.390799158    
 -0.1880000000       1.901399409    
 -0.1860000000       2.841565251    
 -0.1840000000       6.417990390    
 -0.1820000000       10.94101258    
 -0.1800000000       15.89770232    
 -0.1780000000       21.21795267    
 -0.1760000000       30.45415618    
 -0.1740000000       39.44921774    
 -0.1720000000       38.84569586    
 -0.1700000000       30.84964258    
 -0.1680000000       19.67175133    
 -0.1660000000       14.14930326    
 -0.1640000000       10.20984361    
 -0.1620000000       7.929877308    
 -0.1600000000       6.830214206    
 -0.1580000000       6.698513864    
 -0.1560000000       6.772003033    
 -0.1540000000       7.124807850    
 -0.1520000000       7.705009005    
 -0.1500000000       8.582284306    
 -0.1480000000       9.402642322    
 -0.1460000000       10.26341591    
 -0.1440000000       11.42613782    
 -0.1420000000       13.33036202    
 -0.1400000000       16.39762052    
 -0.1380000000       22.11231599    
 -0.1360000000       30.01586507    
 -0.1340000000       34.82667033    
 -0.1320000000       32.54585825    
 -0.1300000000       23.21803574    
 -0.1280000000       17.60983752    
 -0.1260000000       17.95081240    
 -0.1240000000       24.54152786    
 -0.1220000000       28.27744305    
 -0.1200000000       26.78362546    
 -0.1180000000       19.99263887    
 -0.1160000000       12.44009641    
 -0.1140000000       7.315572897    
 -0.1120000000       5.761422373    
 -0.1100000000       6.852971063    
 -0.1080000000       9.981230193    
 -0.1060000000       14.64518503    
 -0.1040000000       21.37871844    
 -0.1020000000       25.03832226    
 -0.1000000000       23.54976721    
 -0.9800000000E-01   19.13606959    
 -0.9600000000E-01   24.33562117    
 -0.9400000000E-01   30.61178991    
 -0.9200000000E-01   27.72021731    
 -0.9000000000E-01   14.74082283    
 -0.8800000000E-01   3.535039039    
 -0.8600000000E-01   1.687454266    
 -0.8400000000E-01   3.234144936    
 -0.8200000000E-01   6.803519647    
 -0.8000000000E-01   10.54791633    
 -0.7800000000E-01   12.94056937    
 -0.7600000000E-01   12.96133714    
 -0.7400000000E-01   11.70386722    
 -0.7200000000E-01   10.20775273    
 -0.7000000000E-01   8.844804392    
 -0.6800000000E-01   7.863208636    
 -0.6600000000E-01   7.148978056    
 -0.6400000000E-01   6.583205735    
 -0.6200000000E-01   5.962903560    
 -0.6000000000E-01   5.465929829    
 -0.5800000000E-01   5.131425158    
 -0.5600000000E-01   5.090006950    
 -0.5400000000E-01   5.273360050    
 -0.5200000000E-01   5.949091902    
 -0.5000000000E-01   7.045332721    
 -0.4800000000E-01   8.226120039    
 -0.4600000000E-01   8.958803817    
 -0.4400000000E-01   9.337861937    
 -0.4200000000E-01   9.509198523    
 -0.4000000000E-01   9.601384250    
 -0.3800000000E-01   9.496497128    
 -0.3600000000E-01   9.456154417    
 -0.3400000000E-01   9.489695483    
 -0.3200000000E-01   9.437637518    
 -0.3000000000E-01   9.291917670    
 -0.2800000000E-01   9.077145558    
 -0.2600000000E-01   9.180754619    
 -0.2400000000E-01   9.460007065    
 -0.2200000000E-01   9.952438766    
 -0.2000000000E-01   10.25498569    
 -0.1800000000E-01   10.28468502    
 -0.1600000000E-01   10.24030975    
 -0.1400000000E-01   10.26949410    
 -0.1200000000E-01   10.45470739    
 -0.1000000000E-01   10.66355154    
 -0.8000000000E-02   10.88551375    
 -0.6000000000E-02   11.23878822    
 -0.4000000000E-02   11.61526774    
 -0.2000000000E-02   12.25565453    
 -0.2710505431E-19   12.93103228    
  0.2000000000E-02   13.29705339    
  0.4000000000E-02   13.36504748    
  0.6000000000E-02   13.12447254    
  0.8000000000E-02   13.03904799    
  0.1000000000E-01   12.95209382    
  0.1200000000E-01   12.87733779    
  0.1400000000E-01   12.77449782    
  0.1600000000E-01   12.62148416    
  0.1800000000E-01   12.50525724    
  0.2000000000E-01   12.40497109    
  0.2200000000E-01   12.33006892    
  0.2400000000E-01   12.18152204    
  0.2600000000E-01   12.10136584    
  0.2800000000E-01   11.92757583    
  0.3000000000E-01   11.89274247    
  0.3200000000E-01   11.76858984    
  0.3400000000E-01   11.75436918    
  0.3600000000E-01   11.72005844    
  0.3800000000E-01   11.59944247    
  0.4000000000E-01   11.54067694    
  0.4200000000E-01   11.33796399    
  0.4400000000E-01   11.24666616    
  0.4600000000E-01   11.08310835    
  0.4800000000E-01   10.98329896    
  0.5000000000E-01   10.91695093    
  0.5200000000E-01   10.78436378    
  0.5400000000E-01   10.66924307    
  0.5600000000E-01   10.49396699    
  0.5800000000E-01   10.30617777    
  0.6000000000E-01   10.12672080    
  0.6200000000E-01   9.951643101    
  0.6400000000E-01   9.816283799    
  0.6600000000E-01   9.693511873    
  0.6800000000E-01   9.504704809    
  0.7000000000E-01   9.393716110    
  0.7200000000E-01   9.243241745    
  0.7400000000E-01   9.114921051    
  0.7600000000E-01   8.978039937    
  0.7800000000E-01   8.804020009    
  0.8000000000E-01   8.554747494    
  0.8200000000E-01   8.181324717    
  0.8400000000E-01   7.766291291    
  0.8600000000E-01   7.381215753    
  0.8800000000E-01   6.966138804    
  0.9000000000E-01   6.559524189    
  0.9200000000E-01   6.213727627    
  0.9400000000E-01   5.846688804    
  0.9600000000E-01   5.524429461    
  0.9800000000E-01   5.199864556    
  0.1000000000       4.902502761    
  0.1020000000       4.637713611    
  0.1040000000       4.347312615    
  0.1060000000       4.141343474    
  0.1080000000       3.982731865    
  0.1100000000       3.865472165    
  0.1120000000       3.837699706    
  0.1140000000       3.834797547    
  0.1160000000       3.973686801    
  0.1180000000       4.112817335    
  0.1200000000       4.400089625    
  0.1220000000       4.782196793    
  0.1240000000       5.370663872    
  0.1260000000       5.880975896    
  0.1280000000       6.271919004    
  0.1300000000       6.441296685    
  0.1320000000       6.552810924    
  0.1340000000       6.766554906    
  0.1360000000       7.113686617    
  0.1380000000       7.582507042    
  0.1400000000       8.158850626    
  0.1420000000       8.863799036    
  0.1440000000       9.826997553    
  0.1460000000       11.03101392    
  0.1480000000       12.38168428    
  0.1500000000       13.86266221    
  0.1520000000       15.56516219    
  0.1540000000       18.28658069    
  0.1560000000       21.88096154    
  0.1580000000       25.16573460    
  0.1600000000       27.50639571    
  0.1620000000       28.02068000    
  0.1640000000       26.65173112    
  0.1660000000       22.76147591    
  0.1680000000       17.74238906    
  0.1700000000       13.01285931    
  0.1720000000       9.617136970    
  0.1740000000       7.354067375    
  0.1760000000       5.981801897    
  0.1780000000       5.172320519    
  0.1800000000       5.429195053    
  0.1820000000       7.200924088    
  0.1840000000       11.31349195    
  0.1860000000       15.97204553    
  0.1880000000       19.51770015    
  0.1900000000       21.73531494    
  0.1920000000       23.31537839    
  0.1940000000       25.39304381    
  0.1960000000       27.15789246    
  0.1980000000       29.21678329    
  0.2000000000       30.73834790    
  0.2020000000       31.47623227    
  0.2040000000       30.98956624    
  0.2060000000       30.04003023    
  0.2080000000       29.05415497    
  0.2100000000       28.64468841    
  0.2120000000       28.30161191    
  0.2140000000       27.78685149    
  0.2160000000       26.89649396    
  0.2180000000       26.41094308    
  0.2200000000       26.27873793    
  0.2220000000       25.49529576    
  0.2240000000       24.00483056    
  0.2260000000       22.19105534    
  0.2280000000       20.35254024    
  0.2300000000       17.87400424    
  0.2320000000       15.39578867    
  0.2340000000       13.54092389    
  0.2360000000       12.96517527    
  0.2380000000       12.73896831    
  0.2400000000       12.98737214    
  0.2420000000       13.61423570    
  0.2440000000       14.96297466    
  0.2460000000       17.05716873    
  0.2480000000       19.02369543    
  0.2500000000       20.72952949    
  0.2520000000       22.15073178    
  0.2540000000       24.28544409    
  0.2560000000       26.13111170    
  0.2580000000       27.45481506    
  0.2600000000       27.27157500    
  0.2620000000       26.26056113    
  0.2640000000       24.84084359    
  0.2660000000       23.50132851    
  0.2680000000       22.47063116    
  0.2700000000       21.37482008    
  0.2720000000       20.53934266    
  0.2740000000       19.78817795    
  0.2760000000       19.14898703    
  0.2780000000       18.54433038    
  0.2800000000       18.18160225    
  0.2820000000       17.61533777    
  0.2840000000       17.00399188    
  0.2860000000       16.30066019    
  0.2880000000       15.97893318    
  0.2900000000       15.74531007    
  0.2920000000       15.50534004    
  0.2940000000       15.27358272    
  0.2960000000       15.16159279    
  0.2980000000       15.16036842    
  0.3000000000       15.20648516    
  0.3020000000       15.20390380    
  0.3040000000       15.20174181    
  0.3060000000       15.36954546    
  0.3080000000       15.41083612    
  0.3100000000       15.77688008    
  0.3120000000       15.81184121    
  0.3140000000       16.36817978    
  0.3160000000       16.69852289    
  0.3180000000       17.40997334    
  0.3200000000       17.86269151    
  0.3220000000       18.68468309    
  0.3240000000       19.60131643    
  0.3260000000       21.04919565    
  0.3280000000       22.91168806    
  0.3300000000       24.63879280    
  0.3320000000       26.07752435    
  0.3340000000       26.31933132    
  0.3360000000       25.75141574    
  0.3380000000       24.35622243    
  0.3400000000       22.85637162    
  0.3420000000       21.50438438    
  0.3440000000       20.19939371    
  0.3460000000       19.04707834    
  0.3480000000       18.16712474    
  0.3500000000       17.57428594    
  0.3520000000       17.07520060    
  0.3540000000       16.65814883    
  0.3560000000       16.09436904    
  0.3580000000       15.81352671    
  0.3600000000       15.49912376    
  0.3620000000       15.54829853    
  0.3640000000       15.42769343    
  0.3660000000       15.40274011    
  0.3680000000       15.29768361    
  0.3700000000       15.21315315    
  0.3720000000       15.24156552    
  0.3740000000       15.08778445    
  0.3760000000       15.13200498    
  0.3780000000       14.97041560    
  0.3800000000       14.98250701    
  0.3820000000       14.77214645    
  0.3840000000       14.53010401    
  0.3860000000       14.51194304    
  0.3880000000       14.47273449    
  0.3900000000       14.52863545    
  0.3920000000       14.25923051    
  0.3940000000       14.10434006    
  0.3960000000       13.93760498    
  0.3980000000       13.84254096    
  0.4000000000       13.87825675    
  0.4020000000       13.88409971    
  0.4040000000       14.03936520    
  0.4060000000       14.16770376    
  0.4080000000       14.62863742    
  0.4100000000       15.16934645    
  0.4120000000       16.00749846    
  0.4140000000       17.02406485    
  0.4160000000       18.50624279    
  0.4180000000       19.79787006    
  0.4200000000       20.72345514    
  0.4220000000       20.92169821    
  0.4240000000       21.30872677    
  0.4260000000       22.26902252    
  0.4280000000       23.68878129    
  0.4300000000       24.89491324    
  0.4320000000       25.29228111    
  0.4340000000       25.69395304    
  0.4360000000       26.87978933    
  0.4380000000       29.78782115    
  0.4400000000       33.88052014    
  0.4420000000       36.64164372    
  0.4440000000       36.96962081    
  0.4460000000       34.17711080    
  0.4480000000       27.97354290    
  0.4500000000       18.50068765    
  0.4520000000       9.686498880    
  0.4540000000       4.777954130    
  0.4560000000       4.307481262    
  0.4580000000       5.140938241    
  0.4600000000       6.506136111    
  0.4620000000       8.391125643    
  0.4640000000       10.96556019    
  0.4660000000       15.15796965    
  0.4680000000       22.35272521    
  0.4700000000       32.73828154    
  0.4720000000       44.76750481    
  0.4740000000       54.22308105    
  0.4760000000       58.13811347    
  0.4780000000       55.09306841    
  0.4800000000       48.74812981    
  0.4820000000       42.28997033    
  0.4840000000       37.25030195    
  0.4860000000       32.45132319    
  0.4880000000       28.09779844    
  0.4900000000       24.92588660    
  0.4920000000       23.53249080    
  0.4940000000       23.23220142    
  0.4960000000       23.47756793    
  0.4980000000       23.87090162    
 
