 
+----------------------------+
| Real-space lattice vectors |
+----------------------------+
 
vector a1 :    5.772262934       5.772262934       0.000000000    
vector a2 :    5.772262934      -5.772262934       0.000000000    
vector a3 :    5.772262934       0.000000000       5.772262934    
 
Stored column-wise as a matrix :
   5.772262934       5.772262934       5.772262934    
   5.772262934      -5.772262934       0.000000000    
   0.000000000       0.000000000       5.772262934    
 
Inverse of matrix :
  0.8662114074E-01  0.8662114074E-01 -0.8662114074E-01
  0.8662114074E-01 -0.8662114074E-01 -0.8662114074E-01
   0.000000000       0.000000000      0.1732422815    
 
Unit cell volume :    384.6522811    
 
 
+----------------------------------+
| Reciprocal-space lattice vectors |
+----------------------------------+
 
vector b1 :   0.5442566788      0.5442566788     -0.5442566788    
vector b2 :   0.5442566788     -0.5442566788     -0.5442566788    
vector b3 :    0.000000000       0.000000000       1.088513358    
 
Stored column-wise as a matrix :
  0.5442566788      0.5442566788       0.000000000    
  0.5442566788     -0.5442566788       0.000000000    
 -0.5442566788     -0.5442566788       1.088513358    
 
Inverse of matrix :
  0.9186841788      0.9186841788       0.000000000    
  0.9186841788     -0.9186841788       0.000000000    
  0.9186841788       0.000000000      0.9186841788    
 
Brillouin zone volume :   0.6448686921    
