    -22013.6283252    
    -22028.3757516    
    -22040.4603820    
    -22046.1708029    
    -22047.9070417    
    -22046.1970469    
    -22043.3997334    
    -22041.2180485    
    -22039.8958643    
    -22039.1851621    
    -22038.8120891    
    -22038.6491200    
    -22038.5672588    
    -22038.5590624    
    -22038.5131497    
    -22038.5568748    
    -22038.5349262    
    -22038.5352273    
    -22038.5353158    
    -22038.5353598    
    -22038.5353846    
    -22038.5353728    
    -22038.5353476    
    -22038.5353246    
    -22038.5353168    
    -22038.5353130    
    -22038.5353145    
